gpu502-11               Mon Jun  8 18:22:48 2020  440.33.01
[0] GeForce GTX 1080 Ti | 70'C,   0 % |     1 / 11178 MB |
Mon Jun  8 18:22:48 2020       
+-----------------------------------------------------------------------------+
| NVIDIA-SMI 440.33.01    Driver Version: 440.33.01    CUDA Version: 10.2     |
|-------------------------------+----------------------+----------------------+
| GPU  Name        Persistence-M| Bus-Id        Disp.A | Volatile Uncorr. ECC |
| Fan  Temp  Perf  Pwr:Usage/Cap|         Memory-Usage | GPU-Util  Compute M. |
|===============================+======================+======================|
|   0  GeForce GTX 108...  On   | 00000000:1A:00.0 Off |                  N/A |
| 46%   70C    P2    57W / 250W |      1MiB / 11178MiB |      0%      Default |
+-------------------------------+----------------------+----------------------+
                                                                               
+-----------------------------------------------------------------------------+
| Processes:                                                       GPU Memory |
|  GPU       PID   Type   Process name                             Usage      |
|=============================================================================|
|  No running processes found                                                 |
+-----------------------------------------------------------------------------+
CLI args: --dataset CUB --splitmode hard --manualSeed 1  --rw_config.loss_weights.gen.creative 0.01 --rw_config.rw_params.space feature --rw_config.loss_weights.discr.real 2.5 --rw_config.loss_weights.gen.imitative 0.01 --rw_config.rw_params.class_visit_loss_coef 0.1 --rw_config.grad_clip_value 50.0 --rw_config.lr 0.0005 --rw_config.loss_weights.discr.imitative 1.0 --rw_config.loss_weights.visit_loss 0.0 --rw_config.rw_params.similarity_measure l2_distance --rw_config.rw_params.dot_product_scale 1.0
Namespace(dataset='CUB', disp_interval=20, evl_interval=40, exp_name='Reproduce', gpu='0', is_val=False, main_dir='./', manualSeed=1, num_iterations=3000, resume=None, rw_config_path='rw_config.yml', save_interval=200, splitmode='hard')
<=========== Random Walk config ===========>
grad_clip_value: 50.0
loss_weights:
  discr:
    imitative: 1.0
    real: 2.5
  gen:
    creative: 0.01
    imitative: 0.01
  visit_loss: 0.0
lr: 0.0005
rw_params:
  class_visit_loss_coef: 0.1
  decay_coef: 0.7
  dot_product_scale: 1.0
  loss_type: cross_entropy
  n_examples_per_proto: 10
  num_steps: 3
  similarity_measure: l2_distance
  space: feature
z_dim: 100

Random Seed:  1
Iter-20;  Was_D: 1.627;  Euc_ls: 3.012;  reg_ls: 5.796;  Wz_ls: 0.2405;  G_loss: 0.37;  D_loss_real: 1.956;  D_loss_fake: 0.3293;  G_rw_imitative_walker_loss: 9.181;  G_rw_imitative_visit_loss: 8.147;  G_rw_creative_walker_loss: 22.34;  G_rw_creative_visit_loss: 9.01;  D_rw_imitative_walker_loss: 9.206;  D_rw_imitative_visit_loss: 8.163;  D_rw_real_walker_loss: 9.533;  D_rw_real_visit_loss: 18.36;  rl: 95.7%;  fk: 2.0%
Iter-40;  Was_D: 1.555;  Euc_ls: 2.963;  reg_ls: 4.703;  Wz_ls: 0.1589;  G_loss: 0.2633;  D_loss_real: 1.809;  D_loss_fake: 0.2543;  G_rw_imitative_walker_loss: 2.404;  G_rw_imitative_visit_loss: 9.421;  G_rw_creative_walker_loss: 46.46;  G_rw_creative_visit_loss: 9.349;  D_rw_imitative_walker_loss: 2.361;  D_rw_imitative_visit_loss: 9.401;  D_rw_real_walker_loss: 5.191;  D_rw_real_visit_loss: 16.04;  rl: 94.2%;  fk: 24.2%
Iter-60;  Was_D: 1.387;  Euc_ls: 2.785;  reg_ls: 3.845;  Wz_ls: 0.1181;  G_loss: 0.2669;  D_loss_real: 1.636;  D_loss_fake: 0.2485;  G_rw_imitative_walker_loss: 1.213;  G_rw_imitative_visit_loss: 9.736;  G_rw_creative_walker_loss: 49.91;  G_rw_creative_visit_loss: 8.759;  D_rw_imitative_walker_loss: 1.241;  D_rw_imitative_visit_loss: 9.783;  D_rw_real_walker_loss: 3.568;  D_rw_real_visit_loss: 11.92;  rl: 92.5%;  fk: 50.2%
Iter-80;  Was_D: 1.168;  Euc_ls: 2.762;  reg_ls: 3.161;  Wz_ls: 0.09864;  G_loss: 0.1764;  D_loss_real: 1.338;  D_loss_fake: 0.1695;  G_rw_imitative_walker_loss: 0.6945;  G_rw_imitative_visit_loss: 8.991;  G_rw_creative_walker_loss: 46.84;  G_rw_creative_visit_loss: 8.615;  D_rw_imitative_walker_loss: 0.6846;  D_rw_imitative_visit_loss: 9.0;  D_rw_real_walker_loss: 3.467;  D_rw_real_visit_loss: 11.53;  rl: 93.7%;  fk: 54.1%
Iter-100;  Was_D: 0.9878;  Euc_ls: 2.646;  reg_ls: 2.681;  Wz_ls: 0.09005;  G_loss: 0.06938;  D_loss_real: 1.096;  D_loss_fake: 0.1082;  G_rw_imitative_walker_loss: 0.1328;  G_rw_imitative_visit_loss: 9.341;  G_rw_creative_walker_loss: 47.93;  G_rw_creative_visit_loss: 9.476;  D_rw_imitative_walker_loss: 0.1404;  D_rw_imitative_visit_loss: 9.276;  D_rw_real_walker_loss: 3.084;  D_rw_real_visit_loss: 11.2;  rl: 96.1%;  fk: 92.7%
Iter-120;  Was_D: 0.8485;  Euc_ls: 2.596;  reg_ls: 2.278;  Wz_ls: 0.0793;  G_loss: 0.316;  D_loss_real: 1.175;  D_loss_fake: 0.3265;  G_rw_imitative_walker_loss: 0.0667;  G_rw_imitative_visit_loss: 9.129;  G_rw_creative_walker_loss: 43.68;  G_rw_creative_visit_loss: 9.249;  D_rw_imitative_walker_loss: 0.09605;  D_rw_imitative_visit_loss: 9.259;  D_rw_real_walker_loss: 2.023;  D_rw_real_visit_loss: 11.38;  rl: 95.3%;  fk: 97.1%
Evaluation took time: 18.11329483985901
Iter-140;  Was_D: 0.7925;  Euc_ls: 2.522;  reg_ls: 1.983;  Wz_ls: 0.07407;  G_loss: 0.8238;  D_loss_real: 1.668;  D_loss_fake: 0.8756;  G_rw_imitative_walker_loss: 0.0849;  G_rw_imitative_visit_loss: 9.11;  G_rw_creative_walker_loss: 40.53;  G_rw_creative_visit_loss: 9.538;  D_rw_imitative_walker_loss: 0.05506;  D_rw_imitative_visit_loss: 9.114;  D_rw_real_walker_loss: 1.292;  D_rw_real_visit_loss: 11.38;  rl: 97.0%;  fk: 98.8%
Iter-160;  Was_D: 0.8017;  Euc_ls: 2.455;  reg_ls: 1.737;  Wz_ls: 0.0706;  G_loss: 0.9306;  D_loss_real: 1.772;  D_loss_fake: 0.9699;  G_rw_imitative_walker_loss: 0.04136;  G_rw_imitative_visit_loss: 9.261;  G_rw_creative_walker_loss: 40.75;  G_rw_creative_visit_loss: 9.678;  D_rw_imitative_walker_loss: 0.05061;  D_rw_imitative_visit_loss: 9.262;  D_rw_real_walker_loss: 0.6356;  D_rw_real_visit_loss: 11.18;  rl: 99.4%;  fk: 99.2%
Evaluation took time: 18.012661695480347
Iter-180;  Was_D: 0.8014;  Euc_ls: 2.348;  reg_ls: 1.527;  Wz_ls: 0.06808;  G_loss: 0.9885;  D_loss_real: 1.87;  D_loss_fake: 1.068;  G_rw_imitative_walker_loss: 0.06445;  G_rw_imitative_visit_loss: 9.664;  G_rw_creative_walker_loss: 41.68;  G_rw_creative_visit_loss: 9.903;  D_rw_imitative_walker_loss: 0.05623;  D_rw_imitative_visit_loss: 9.616;  D_rw_real_walker_loss: 0.5939;  D_rw_real_visit_loss: 11.84;  rl: 99.0%;  fk: 99.3%
Iter-200;  Was_D: 0.8669;  Euc_ls: 2.259;  reg_ls: 1.364;  Wz_ls: 0.06736;  G_loss: 1.061;  D_loss_real: 2.012;  D_loss_fake: 1.145;  G_rw_imitative_walker_loss: 0.05169;  G_rw_imitative_visit_loss: 9.346;  G_rw_creative_walker_loss: 40.79;  G_rw_creative_visit_loss: 10.06;  D_rw_imitative_walker_loss: 0.02669;  D_rw_imitative_visit_loss: 9.316;  D_rw_real_walker_loss: 0.6959;  D_rw_real_visit_loss: 11.41;  rl: 99.4%;  fk: 99.4%
Evaluation took time: 17.857621908187866
Iter-220;  Was_D: 0.8872;  Euc_ls: 2.134;  reg_ls: 1.232;  Wz_ls: 0.06761;  G_loss: 1.167;  D_loss_real: 2.122;  D_loss_fake: 1.235;  G_rw_imitative_walker_loss: 0.05472;  G_rw_imitative_visit_loss: 9.32;  G_rw_creative_walker_loss: 40.36;  G_rw_creative_visit_loss: 9.98;  D_rw_imitative_walker_loss: 0.04238;  D_rw_imitative_visit_loss: 9.297;  D_rw_real_walker_loss: 0.5568;  D_rw_real_visit_loss: 12.03;  rl: 99.4%;  fk: 99.7%
Iter-240;  Was_D: 0.9303;  Euc_ls: 2.04;  reg_ls: 1.137;  Wz_ls: 0.06964;  G_loss: 1.147;  D_loss_real: 2.153;  D_loss_fake: 1.223;  G_rw_imitative_walker_loss: 0.03589;  G_rw_imitative_visit_loss: 9.503;  G_rw_creative_walker_loss: 42.71;  G_rw_creative_visit_loss: 10.72;  D_rw_imitative_walker_loss: 0.03687;  D_rw_imitative_visit_loss: 9.478;  D_rw_real_walker_loss: 0.2741;  D_rw_real_visit_loss: 11.85;  rl: 99.8%;  fk: 99.8%
Evaluation took time: 18.20390820503235
Iter-260;  Was_D: 0.917;  Euc_ls: 1.866;  reg_ls: 1.066;  Wz_ls: 0.07065;  G_loss: 1.234;  D_loss_real: 2.2;  D_loss_fake: 1.283;  G_rw_imitative_walker_loss: 0.04664;  G_rw_imitative_visit_loss: 9.15;  G_rw_creative_walker_loss: 42.23;  G_rw_creative_visit_loss: 10.52;  D_rw_imitative_walker_loss: 0.03951;  D_rw_imitative_visit_loss: 9.218;  D_rw_real_walker_loss: 0.5069;  D_rw_real_visit_loss: 11.99;  rl: 100.0%;  fk: 99.6%
Iter-280;  Was_D: 0.8919;  Euc_ls: 1.77;  reg_ls: 1.014;  Wz_ls: 0.07134;  G_loss: 1.29;  D_loss_real: 2.241;  D_loss_fake: 1.349;  G_rw_imitative_walker_loss: 0.02607;  G_rw_imitative_visit_loss: 9.245;  G_rw_creative_walker_loss: 42.14;  G_rw_creative_visit_loss: 10.52;  D_rw_imitative_walker_loss: 0.03369;  D_rw_imitative_visit_loss: 9.396;  D_rw_real_walker_loss: 0.2192;  D_rw_real_visit_loss: 11.97;  rl: 100.0%;  fk: 99.5%
Evaluation took time: 17.930562257766724
Iter-300;  Was_D: 0.9439;  Euc_ls: 1.651;  reg_ls: 0.984;  Wz_ls: 0.07305;  G_loss: 1.373;  D_loss_real: 2.335;  D_loss_fake: 1.391;  G_rw_imitative_walker_loss: 0.04225;  G_rw_imitative_visit_loss: 9.021;  G_rw_creative_walker_loss: 40.94;  G_rw_creative_visit_loss: 10.49;  D_rw_imitative_walker_loss: 0.0379;  D_rw_imitative_visit_loss: 9.085;  D_rw_real_walker_loss: 0.1765;  D_rw_real_visit_loss: 11.84;  rl: 100.0%;  fk: 99.6%
Iter-320;  Was_D: 0.8728;  Euc_ls: 1.542;  reg_ls: 0.9704;  Wz_ls: 0.07436;  G_loss: 1.42;  D_loss_real: 2.322;  D_loss_fake: 1.449;  G_rw_imitative_walker_loss: 0.02056;  G_rw_imitative_visit_loss: 9.228;  G_rw_creative_walker_loss: 43.08;  G_rw_creative_visit_loss: 10.76;  D_rw_imitative_walker_loss: 0.03199;  D_rw_imitative_visit_loss: 9.239;  D_rw_real_walker_loss: 0.1409;  D_rw_real_visit_loss: 11.56;  rl: 99.9%;  fk: 99.9%
Evaluation took time: 18.016939401626587
Iter-340;  Was_D: 0.8794;  Euc_ls: 1.393;  reg_ls: 0.9669;  Wz_ls: 0.07561;  G_loss: 1.428;  D_loss_real: 2.34;  D_loss_fake: 1.46;  G_rw_imitative_walker_loss: 0.01534;  G_rw_imitative_visit_loss: 9.093;  G_rw_creative_walker_loss: 40.8;  G_rw_creative_visit_loss: 10.16;  D_rw_imitative_walker_loss: 0.01725;  D_rw_imitative_visit_loss: 8.919;  D_rw_real_walker_loss: 0.3831;  D_rw_real_visit_loss: 11.76;  rl: 100.0%;  fk: 99.9%
Iter-360;  Was_D: 0.8867;  Euc_ls: 1.312;  reg_ls: 0.9684;  Wz_ls: 0.07657;  G_loss: 1.413;  D_loss_real: 2.361;  D_loss_fake: 1.475;  G_rw_imitative_walker_loss: 0.02403;  G_rw_imitative_visit_loss: 8.975;  G_rw_creative_walker_loss: 42.0;  G_rw_creative_visit_loss: 10.5;  D_rw_imitative_walker_loss: 0.01506;  D_rw_imitative_visit_loss: 9.067;  D_rw_real_walker_loss: 0.2354;  D_rw_real_visit_loss: 11.55;  rl: 100.0%;  fk: 100.0%
Evaluation took time: 18.307790517807007
Iter-380;  Was_D: 0.9098;  Euc_ls: 1.209;  reg_ls: 0.9727;  Wz_ls: 0.07635;  G_loss: 1.438;  D_loss_real: 2.383;  D_loss_fake: 1.473;  G_rw_imitative_walker_loss: 0.01059;  G_rw_imitative_visit_loss: 8.838;  G_rw_creative_walker_loss: 41.23;  G_rw_creative_visit_loss: 10.22;  D_rw_imitative_walker_loss: 0.01867;  D_rw_imitative_visit_loss: 8.931;  D_rw_real_walker_loss: 0.3462;  D_rw_real_visit_loss: 11.36;  rl: 99.7%;  fk: 99.9%
Iter-400;  Was_D: 0.8767;  Euc_ls: 1.105;  reg_ls: 0.9793;  Wz_ls: 0.07708;  G_loss: 1.439;  D_loss_real: 2.376;  D_loss_fake: 1.499;  G_rw_imitative_walker_loss: 0.01835;  G_rw_imitative_visit_loss: 8.779;  G_rw_creative_walker_loss: 40.11;  G_rw_creative_visit_loss: 10.03;  D_rw_imitative_walker_loss: 0.01712;  D_rw_imitative_visit_loss: 8.772;  D_rw_real_walker_loss: 0.2613;  D_rw_real_visit_loss: 11.32;  rl: 100.0%;  fk: 99.9%
Evaluation took time: 17.749165296554565
Iter-420;  Was_D: 0.8945;  Euc_ls: 1.025;  reg_ls: 0.9839;  Wz_ls: 0.07685;  G_loss: 1.464;  D_loss_real: 2.423;  D_loss_fake: 1.529;  G_rw_imitative_walker_loss: 0.00672;  G_rw_imitative_visit_loss: 8.744;  G_rw_creative_walker_loss: 41.05;  G_rw_creative_visit_loss: 10.54;  D_rw_imitative_walker_loss: 0.01126;  D_rw_imitative_visit_loss: 8.763;  D_rw_real_walker_loss: 0.268;  D_rw_real_visit_loss: 11.71;  rl: 100.0%;  fk: 100.0%
Iter-440;  Was_D: 0.8655;  Euc_ls: 1.005;  reg_ls: 0.9859;  Wz_ls: 0.07663;  G_loss: 1.442;  D_loss_real: 2.347;  D_loss_fake: 1.481;  G_rw_imitative_walker_loss: 0.01388;  G_rw_imitative_visit_loss: 8.759;  G_rw_creative_walker_loss: 41.68;  G_rw_creative_visit_loss: 10.44;  D_rw_imitative_walker_loss: 0.009177;  D_rw_imitative_visit_loss: 8.923;  D_rw_real_walker_loss: 0.4785;  D_rw_real_visit_loss: 11.36;  rl: 99.9%;  fk: 99.9%
Evaluation took time: 17.925007104873657
Iter-460;  Was_D: 0.8579;  Euc_ls: 0.9239;  reg_ls: 0.9881;  Wz_ls: 0.07583;  G_loss: 1.48;  D_loss_real: 2.396;  D_loss_fake: 1.538;  G_rw_imitative_walker_loss: 0.007725;  G_rw_imitative_visit_loss: 8.641;  G_rw_creative_walker_loss: 42.81;  G_rw_creative_visit_loss: 10.55;  D_rw_imitative_walker_loss: 0.005364;  D_rw_imitative_visit_loss: 8.735;  D_rw_real_walker_loss: 0.5342;  D_rw_real_visit_loss: 11.05;  rl: 100.0%;  fk: 99.8%
Iter-480;  Was_D: 0.8818;  Euc_ls: 0.9109;  reg_ls: 0.991;  Wz_ls: 0.07646;  G_loss: 1.44;  D_loss_real: 2.366;  D_loss_fake: 1.485;  G_rw_imitative_walker_loss: 0.004628;  G_rw_imitative_visit_loss: 8.732;  G_rw_creative_walker_loss: 41.69;  G_rw_creative_visit_loss: 10.62;  D_rw_imitative_walker_loss: 0.004132;  D_rw_imitative_visit_loss: 8.776;  D_rw_real_walker_loss: 0.3389;  D_rw_real_visit_loss: 10.94;  rl: 100.0%;  fk: 99.9%
Evaluation took time: 18.116838216781616
Iter-500;  Was_D: 0.865;  Euc_ls: 0.8365;  reg_ls: 0.991;  Wz_ls: 0.0757;  G_loss: 1.436;  D_loss_real: 2.339;  D_loss_fake: 1.474;  G_rw_imitative_walker_loss: 0.006171;  G_rw_imitative_visit_loss: 8.761;  G_rw_creative_walker_loss: 40.59;  G_rw_creative_visit_loss: 10.12;  D_rw_imitative_walker_loss: 0.0113;  D_rw_imitative_visit_loss: 8.691;  D_rw_real_walker_loss: 0.4432;  D_rw_real_visit_loss: 11.02;  rl: 100.0%;  fk: 99.8%
Iter-520;  Was_D: 0.9265;  Euc_ls: 0.8429;  reg_ls: 0.9878;  Wz_ls: 0.07493;  G_loss: 1.396;  D_loss_real: 2.371;  D_loss_fake: 1.444;  G_rw_imitative_walker_loss: 0.02831;  G_rw_imitative_visit_loss: 8.571;  G_rw_creative_walker_loss: 38.42;  G_rw_creative_visit_loss: 9.689;  D_rw_imitative_walker_loss: 0.006867;  D_rw_imitative_visit_loss: 8.551;  D_rw_real_walker_loss: 0.3014;  D_rw_real_visit_loss: 10.85;  rl: 100.0%;  fk: 99.9%
Evaluation took time: 17.66317653656006
Iter-540;  Was_D: 0.9479;  Euc_ls: 0.8345;  reg_ls: 0.9849;  Wz_ls: 0.07474;  G_loss: 1.387;  D_loss_real: 2.358;  D_loss_fake: 1.411;  G_rw_imitative_walker_loss: 0.008143;  G_rw_imitative_visit_loss: 8.429;  G_rw_creative_walker_loss: 35.84;  G_rw_creative_visit_loss: 9.52;  D_rw_imitative_walker_loss: 0.01336;  D_rw_imitative_visit_loss: 8.439;  D_rw_real_walker_loss: 0.4309;  D_rw_real_visit_loss: 11.15;  rl: 99.9%;  fk: 100.0%
Iter-560;  Was_D: 0.9801;  Euc_ls: 0.8244;  reg_ls: 0.9828;  Wz_ls: 0.07466;  G_loss: 1.381;  D_loss_real: 2.361;  D_loss_fake: 1.381;  G_rw_imitative_walker_loss: 0.01089;  G_rw_imitative_visit_loss: 8.31;  G_rw_creative_walker_loss: 34.91;  G_rw_creative_visit_loss: 9.153;  D_rw_imitative_walker_loss: 0.009272;  D_rw_imitative_visit_loss: 8.26;  D_rw_real_walker_loss: 0.09821;  D_rw_real_visit_loss: 10.73;  rl: 100.0%;  fk: 100.0%
Evaluation took time: 17.79735803604126
Iter-580;  Was_D: 0.9597;  Euc_ls: 0.8152;  reg_ls: 0.9822;  Wz_ls: 0.07439;  G_loss: 1.366;  D_loss_real: 2.357;  D_loss_fake: 1.397;  G_rw_imitative_walker_loss: 0.01302;  G_rw_imitative_visit_loss: 8.374;  G_rw_creative_walker_loss: 33.88;  G_rw_creative_visit_loss: 9.382;  D_rw_imitative_walker_loss: 0.007605;  D_rw_imitative_visit_loss: 8.422;  D_rw_real_walker_loss: 0.3657;  D_rw_real_visit_loss: 10.96;  rl: 100.0%;  fk: 99.9%
Iter-600;  Was_D: 0.9821;  Euc_ls: 0.8033;  reg_ls: 0.982;  Wz_ls: 0.07434;  G_loss: 1.327;  D_loss_real: 2.356;  D_loss_fake: 1.374;  G_rw_imitative_walker_loss: 0.009454;  G_rw_imitative_visit_loss: 8.421;  G_rw_creative_walker_loss: 35.32;  G_rw_creative_visit_loss: 9.526;  D_rw_imitative_walker_loss: 0.01835;  D_rw_imitative_visit_loss: 8.535;  D_rw_real_walker_loss: 0.09584;  D_rw_real_visit_loss: 11.16;  rl: 100.0%;  fk: 100.0%
Evaluation took time: 18.187288522720337
Iter-620;  Was_D: 0.9874;  Euc_ls: 0.7839;  reg_ls: 0.9807;  Wz_ls: 0.07409;  G_loss: 1.407;  D_loss_real: 2.408;  D_loss_fake: 1.421;  G_rw_imitative_walker_loss: 0.002191;  G_rw_imitative_visit_loss: 8.479;  G_rw_creative_walker_loss: 36.92;  G_rw_creative_visit_loss: 9.732;  D_rw_imitative_walker_loss: 0.003738;  D_rw_imitative_visit_loss: 8.474;  D_rw_real_walker_loss: 0.2931;  D_rw_real_visit_loss: 10.88;  rl: 99.9%;  fk: 100.0%
Iter-640;  Was_D: 0.9893;  Euc_ls: 0.7772;  reg_ls: 0.9797;  Wz_ls: 0.07423;  G_loss: 1.348;  D_loss_real: 2.374;  D_loss_fake: 1.384;  G_rw_imitative_walker_loss: 0.003604;  G_rw_imitative_visit_loss: 8.372;  G_rw_creative_walker_loss: 34.81;  G_rw_creative_visit_loss: 9.483;  D_rw_imitative_walker_loss: 0.006026;  D_rw_imitative_visit_loss: 8.337;  D_rw_real_walker_loss: 0.006348;  D_rw_real_visit_loss: 10.98;  rl: 100.0%;  fk: 100.0%
Evaluation took time: 18.04597759246826
Iter-660;  Was_D: 1.004;  Euc_ls: 0.7911;  reg_ls: 0.9764;  Wz_ls: 0.07361;  G_loss: 1.359;  D_loss_real: 2.376;  D_loss_fake: 1.372;  G_rw_imitative_walker_loss: 0.004805;  G_rw_imitative_visit_loss: 8.474;  G_rw_creative_walker_loss: 36.02;  G_rw_creative_visit_loss: 9.729;  D_rw_imitative_walker_loss: 0.01148;  D_rw_imitative_visit_loss: 8.481;  D_rw_real_walker_loss: 0.2313;  D_rw_real_visit_loss: 11.07;  rl: 99.9%;  fk: 100.0%
Iter-680;  Was_D: 0.97;  Euc_ls: 0.7742;  reg_ls: 0.9777;  Wz_ls: 0.07357;  G_loss: 1.389;  D_loss_real: 2.378;  D_loss_fake: 1.408;  G_rw_imitative_walker_loss: 0.003535;  G_rw_imitative_visit_loss: 8.462;  G_rw_creative_walker_loss: 35.3;  G_rw_creative_visit_loss: 9.554;  D_rw_imitative_walker_loss: 0.006553;  D_rw_imitative_visit_loss: 8.446;  D_rw_real_walker_loss: 0.2205;  D_rw_real_visit_loss: 10.69;  rl: 100.0%;  fk: 100.0%
Evaluation took time: 17.952933073043823
Iter-700;  Was_D: 1.022;  Euc_ls: 0.7699;  reg_ls: 0.9758;  Wz_ls: 0.07329;  G_loss: 1.338;  D_loss_real: 2.384;  D_loss_fake: 1.362;  G_rw_imitative_walker_loss: 0.003756;  G_rw_imitative_visit_loss: 8.401;  G_rw_creative_walker_loss: 33.68;  G_rw_creative_visit_loss: 9.349;  D_rw_imitative_walker_loss: 0.005183;  D_rw_imitative_visit_loss: 8.472;  D_rw_real_walker_loss: 0.1478;  D_rw_real_visit_loss: 10.71;  rl: 100.0%;  fk: 100.0%
Iter-720;  Was_D: 1.016;  Euc_ls: 0.7785;  reg_ls: 0.973;  Wz_ls: 0.07303;  G_loss: 1.318;  D_loss_real: 2.375;  D_loss_fake: 1.359;  G_rw_imitative_walker_loss: 0.005883;  G_rw_imitative_visit_loss: 8.657;  G_rw_creative_walker_loss: 34.56;  G_rw_creative_visit_loss: 9.208;  D_rw_imitative_walker_loss: 0.004668;  D_rw_imitative_visit_loss: 8.525;  D_rw_real_walker_loss: 0.4427;  D_rw_real_visit_loss: 10.75;  rl: 100.0%;  fk: 99.8%
Evaluation took time: 18.255582571029663
Iter-740;  Was_D: 1.049;  Euc_ls: 0.7815;  reg_ls: 0.9729;  Wz_ls: 0.07344;  G_loss: 1.298;  D_loss_real: 2.36;  D_loss_fake: 1.311;  G_rw_imitative_walker_loss: 0.005635;  G_rw_imitative_visit_loss: 8.289;  G_rw_creative_walker_loss: 31.9;  G_rw_creative_visit_loss: 9.192;  D_rw_imitative_walker_loss: 0.004348;  D_rw_imitative_visit_loss: 8.353;  D_rw_real_walker_loss: 0.293;  D_rw_real_visit_loss: 10.79;  rl: 100.0%;  fk: 100.0%
Iter-760;  Was_D: 1.04;  Euc_ls: 0.7995;  reg_ls: 0.972;  Wz_ls: 0.07323;  G_loss: 1.318;  D_loss_real: 2.39;  D_loss_fake: 1.349;  G_rw_imitative_walker_loss: 0.003094;  G_rw_imitative_visit_loss: 8.358;  G_rw_creative_walker_loss: 34.18;  G_rw_creative_visit_loss: 9.464;  D_rw_imitative_walker_loss: 0.003274;  D_rw_imitative_visit_loss: 8.341;  D_rw_real_walker_loss: 0.2563;  D_rw_real_visit_loss: 11.13;  rl: 100.0%;  fk: 100.0%
Evaluation took time: 17.68929672241211
Iter-780;  Was_D: 1.075;  Euc_ls: 0.7798;  reg_ls: 0.9703;  Wz_ls: 0.07301;  G_loss: 1.246;  D_loss_real: 2.338;  D_loss_fake: 1.263;  G_rw_imitative_walker_loss: 0.003234;  G_rw_imitative_visit_loss: 8.254;  G_rw_creative_walker_loss: 33.06;  G_rw_creative_visit_loss: 9.473;  D_rw_imitative_walker_loss: 0.006138;  D_rw_imitative_visit_loss: 8.314;  D_rw_real_walker_loss: 0.1777;  D_rw_real_visit_loss: 11.12;  rl: 100.0%;  fk: 100.0%
Iter-800;  Was_D: 1.042;  Euc_ls: 0.8072;  reg_ls: 0.9691;  Wz_ls: 0.0728;  G_loss: 1.341;  D_loss_real: 2.409;  D_loss_fake: 1.366;  G_rw_imitative_walker_loss: 0.004045;  G_rw_imitative_visit_loss: 8.48;  G_rw_creative_walker_loss: 34.95;  G_rw_creative_visit_loss: 9.542;  D_rw_imitative_walker_loss: 0.003744;  D_rw_imitative_visit_loss: 8.482;  D_rw_real_walker_loss: 0.2656;  D_rw_real_visit_loss: 11.21;  rl: 100.0%;  fk: 100.0%
Evaluation took time: 17.859293699264526
Iter-820;  Was_D: 1.045;  Euc_ls: 0.799;  reg_ls: 0.968;  Wz_ls: 0.07236;  G_loss: 1.3;  D_loss_real: 2.369;  D_loss_fake: 1.324;  G_rw_imitative_walker_loss: 0.002746;  G_rw_imitative_visit_loss: 8.59;  G_rw_creative_walker_loss: 37.06;  G_rw_creative_visit_loss: 9.891;  D_rw_imitative_walker_loss: 0.003369;  D_rw_imitative_visit_loss: 8.563;  D_rw_real_walker_loss: 0.2212;  D_rw_real_visit_loss: 11.11;  rl: 100.0%;  fk: 100.0%
Iter-840;  Was_D: 1.029;  Euc_ls: 0.7959;  reg_ls: 0.9638;  Wz_ls: 0.07251;  G_loss: 1.274;  D_loss_real: 2.297;  D_loss_fake: 1.268;  G_rw_imitative_walker_loss: 0.006787;  G_rw_imitative_visit_loss: 8.539;  G_rw_creative_walker_loss: 36.02;  G_rw_creative_visit_loss: 9.842;  D_rw_imitative_walker_loss: 0.001793;  D_rw_imitative_visit_loss: 8.489;  D_rw_real_walker_loss: 0.01284;  D_rw_real_visit_loss: 11.26;  rl: 100.0%;  fk: 100.0%
Evaluation took time: 18.146093606948853
Iter-860;  Was_D: 1.045;  Euc_ls: 0.8263;  reg_ls: 0.9643;  Wz_ls: 0.07212;  G_loss: 1.285;  D_loss_real: 2.33;  D_loss_fake: 1.285;  G_rw_imitative_walker_loss: 0.006644;  G_rw_imitative_visit_loss: 8.466;  G_rw_creative_walker_loss: 33.1;  G_rw_creative_visit_loss: 9.43;  D_rw_imitative_walker_loss: 0.005619;  D_rw_imitative_visit_loss: 8.435;  D_rw_real_walker_loss: 0.1199;  D_rw_real_visit_loss: 11.05;  rl: 100.0%;  fk: 100.0%
Iter-880;  Was_D: 1.057;  Euc_ls: 0.8418;  reg_ls: 0.9626;  Wz_ls: 0.07152;  G_loss: 1.271;  D_loss_real: 2.365;  D_loss_fake: 1.307;  G_rw_imitative_walker_loss: 0.002552;  G_rw_imitative_visit_loss: 8.567;  G_rw_creative_walker_loss: 34.06;  G_rw_creative_visit_loss: 9.684;  D_rw_imitative_walker_loss: 0.003344;  D_rw_imitative_visit_loss: 8.455;  D_rw_real_walker_loss: 0.4186;  D_rw_real_visit_loss: 11.26;  rl: 100.0%;  fk: 100.0%
Evaluation took time: 17.796781539916992
Iter-900;  Was_D: 1.034;  Euc_ls: 0.7873;  reg_ls: 0.9653;  Wz_ls: 0.07244;  G_loss: 1.266;  D_loss_real: 2.328;  D_loss_fake: 1.294;  G_rw_imitative_walker_loss: 0.0005771;  G_rw_imitative_visit_loss: 8.599;  G_rw_creative_walker_loss: 36.44;  G_rw_creative_visit_loss: 9.893;  D_rw_imitative_walker_loss: 0.00118;  D_rw_imitative_visit_loss: 8.703;  D_rw_real_walker_loss: 0.1109;  D_rw_real_visit_loss: 11.32;  rl: 100.0%;  fk: 99.9%
Iter-920;  Was_D: 1.076;  Euc_ls: 0.8299;  reg_ls: 0.9633;  Wz_ls: 0.07264;  G_loss: 1.247;  D_loss_real: 2.338;  D_loss_fake: 1.263;  G_rw_imitative_walker_loss: 0.004457;  G_rw_imitative_visit_loss: 8.526;  G_rw_creative_walker_loss: 33.79;  G_rw_creative_visit_loss: 9.351;  D_rw_imitative_walker_loss: 0.003751;  D_rw_imitative_visit_loss: 8.433;  D_rw_real_walker_loss: 0.1368;  D_rw_real_visit_loss: 11.12;  rl: 100.0%;  fk: 100.0%
Evaluation took time: 17.918869972229004
Iter-940;  Was_D: 1.045;  Euc_ls: 0.8325;  reg_ls: 0.9615;  Wz_ls: 0.07228;  G_loss: 1.308;  D_loss_real: 2.378;  D_loss_fake: 1.333;  G_rw_imitative_walker_loss: 0.001286;  G_rw_imitative_visit_loss: 8.859;  G_rw_creative_walker_loss: 38.08;  G_rw_creative_visit_loss: 9.751;  D_rw_imitative_walker_loss: 0.001918;  D_rw_imitative_visit_loss: 8.877;  D_rw_real_walker_loss: 0.1878;  D_rw_real_visit_loss: 11.23;  rl: 100.0%;  fk: 99.9%
Iter-960;  Was_D: 1.024;  Euc_ls: 0.8387;  reg_ls: 0.9608;  Wz_ls: 0.07186;  G_loss: 1.274;  D_loss_real: 2.34;  D_loss_fake: 1.317;  G_rw_imitative_walker_loss: 0.00412;  G_rw_imitative_visit_loss: 8.601;  G_rw_creative_walker_loss: 34.44;  G_rw_creative_visit_loss: 9.288;  D_rw_imitative_walker_loss: 0.005349;  D_rw_imitative_visit_loss: 8.679;  D_rw_real_walker_loss: 0.3283;  D_rw_real_visit_loss: 11.37;  rl: 100.0%;  fk: 100.0%
Evaluation took time: 18.12362790107727
Iter-980;  Was_D: 1.046;  Euc_ls: 0.8645;  reg_ls: 0.9597;  Wz_ls: 0.07177;  G_loss: 1.264;  D_loss_real: 2.363;  D_loss_fake: 1.317;  G_rw_imitative_walker_loss: 0.002674;  G_rw_imitative_visit_loss: 8.537;  G_rw_creative_walker_loss: 33.35;  G_rw_creative_visit_loss: 9.444;  D_rw_imitative_walker_loss: 0.001855;  D_rw_imitative_visit_loss: 8.51;  D_rw_real_walker_loss: 0.2817;  D_rw_real_visit_loss: 11.45;  rl: 99.9%;  fk: 100.0%
Iter-1000;  Was_D: 1.044;  Euc_ls: 0.8046;  reg_ls: 0.9611;  Wz_ls: 0.07198;  G_loss: 1.271;  D_loss_real: 2.354;  D_loss_fake: 1.311;  G_rw_imitative_walker_loss: 0.003899;  G_rw_imitative_visit_loss: 8.523;  G_rw_creative_walker_loss: 35.85;  G_rw_creative_visit_loss: 9.984;  D_rw_imitative_walker_loss: 0.005378;  D_rw_imitative_visit_loss: 8.635;  D_rw_real_walker_loss: 0.3243;  D_rw_real_visit_loss: 11.12;  rl: 100.0%;  fk: 100.0%
Evaluation took time: 17.70020604133606
Iter-1020;  Was_D: 1.039;  Euc_ls: 0.8531;  reg_ls: 0.9617;  Wz_ls: 0.07217;  G_loss: 1.265;  D_loss_real: 2.326;  D_loss_fake: 1.287;  G_rw_imitative_walker_loss: 0.000825;  G_rw_imitative_visit_loss: 8.601;  G_rw_creative_walker_loss: 35.42;  G_rw_creative_visit_loss: 9.513;  D_rw_imitative_walker_loss: 0.008924;  D_rw_imitative_visit_loss: 8.663;  D_rw_real_walker_loss: 0.1543;  D_rw_real_visit_loss: 11.49;  rl: 100.0%;  fk: 99.9%
Iter-1040;  Was_D: 1.036;  Euc_ls: 0.8479;  reg_ls: 0.9595;  Wz_ls: 0.07192;  G_loss: 1.201;  D_loss_real: 2.254;  D_loss_fake: 1.219;  G_rw_imitative_walker_loss: 0.002422;  G_rw_imitative_visit_loss: 8.485;  G_rw_creative_walker_loss: 33.2;  G_rw_creative_visit_loss: 9.541;  D_rw_imitative_walker_loss: 0.005582;  D_rw_imitative_visit_loss: 8.479;  D_rw_real_walker_loss: 0.2005;  D_rw_real_visit_loss: 11.05;  rl: 100.0%;  fk: 100.0%
Evaluation took time: 17.808427810668945
Iter-1060;  Was_D: 1.063;  Euc_ls: 0.8061;  reg_ls: 0.9588;  Wz_ls: 0.07175;  G_loss: 1.268;  D_loss_real: 2.359;  D_loss_fake: 1.297;  G_rw_imitative_walker_loss: 0.001031;  G_rw_imitative_visit_loss: 8.514;  G_rw_creative_walker_loss: 34.8;  G_rw_creative_visit_loss: 9.961;  D_rw_imitative_walker_loss: 0.002922;  D_rw_imitative_visit_loss: 8.615;  D_rw_real_walker_loss: 0.2714;  D_rw_real_visit_loss: 11.61;  rl: 100.0%;  fk: 100.0%
Iter-1080;  Was_D: 1.008;  Euc_ls: 0.9027;  reg_ls: 0.9549;  Wz_ls: 0.07089;  G_loss: 1.257;  D_loss_real: 2.305;  D_loss_fake: 1.297;  G_rw_imitative_walker_loss: 0.00298;  G_rw_imitative_visit_loss: 8.884;  G_rw_creative_walker_loss: 35.14;  G_rw_creative_visit_loss: 9.792;  D_rw_imitative_walker_loss: 0.001959;  D_rw_imitative_visit_loss: 8.875;  D_rw_real_walker_loss: 0.2349;  D_rw_real_visit_loss: 11.25;  rl: 100.0%;  fk: 100.0%
Evaluation took time: 18.17506456375122
Iter-1100;  Was_D: 1.076;  Euc_ls: 0.8502;  reg_ls: 0.9578;  Wz_ls: 0.07167;  G_loss: 1.245;  D_loss_real: 2.328;  D_loss_fake: 1.252;  G_rw_imitative_walker_loss: 0.002209;  G_rw_imitative_visit_loss: 8.499;  G_rw_creative_walker_loss: 33.66;  G_rw_creative_visit_loss: 9.501;  D_rw_imitative_walker_loss: 0.001358;  D_rw_imitative_visit_loss: 8.551;  D_rw_real_walker_loss: 0.2882;  D_rw_real_visit_loss: 11.46;  rl: 100.0%;  fk: 100.0%
Iter-1120;  Was_D: 1.021;  Euc_ls: 0.8569;  reg_ls: 0.9551;  Wz_ls: 0.07125;  G_loss: 1.263;  D_loss_real: 2.283;  D_loss_fake: 1.262;  G_rw_imitative_walker_loss: 0.004454;  G_rw_imitative_visit_loss: 8.821;  G_rw_creative_walker_loss: 34.75;  G_rw_creative_visit_loss: 10.16;  D_rw_imitative_walker_loss: 0.004172;  D_rw_imitative_visit_loss: 8.971;  D_rw_real_walker_loss: 0.1091;  D_rw_real_visit_loss: 11.37;  rl: 100.0%;  fk: 100.0%
Evaluation took time: 17.687560081481934
Iter-1140;  Was_D: 1.003;  Euc_ls: 0.8729;  reg_ls: 0.9572;  Wz_ls: 0.07121;  G_loss: 1.248;  D_loss_real: 2.262;  D_loss_fake: 1.259;  G_rw_imitative_walker_loss: 0.001533;  G_rw_imitative_visit_loss: 9.014;  G_rw_creative_walker_loss: 34.61;  G_rw_creative_visit_loss: 10.21;  D_rw_imitative_walker_loss: 0.001609;  D_rw_imitative_visit_loss: 8.955;  D_rw_real_walker_loss: 0.7137;  D_rw_real_visit_loss: 11.55;  rl: 100.0%;  fk: 100.0%
Iter-1160;  Was_D: 0.9816;  Euc_ls: 0.8463;  reg_ls: 0.9702;  Wz_ls: 0.07268;  G_loss: 1.343;  D_loss_real: 2.338;  D_loss_fake: 1.356;  G_rw_imitative_walker_loss: 0.0009516;  G_rw_imitative_visit_loss: 8.896;  G_rw_creative_walker_loss: 41.93;  G_rw_creative_visit_loss: 10.91;  D_rw_imitative_walker_loss: 0.001358;  D_rw_imitative_visit_loss: 8.84;  D_rw_real_walker_loss: 0.4974;  D_rw_real_visit_loss: 11.77;  rl: 100.0%;  fk: 100.0%
Evaluation took time: 17.944161891937256
Iter-1180;  Was_D: 1.041;  Euc_ls: 0.8856;  reg_ls: 0.9655;  Wz_ls: 0.07185;  G_loss: 1.289;  D_loss_real: 2.355;  D_loss_fake: 1.314;  G_rw_imitative_walker_loss: 0.002224;  G_rw_imitative_visit_loss: 8.927;  G_rw_creative_walker_loss: 37.67;  G_rw_creative_visit_loss: 10.25;  D_rw_imitative_walker_loss: 0.002206;  D_rw_imitative_visit_loss: 8.927;  D_rw_real_walker_loss: 0.4343;  D_rw_real_visit_loss: 11.82;  rl: 100.0%;  fk: 100.0%
Iter-1200;  Was_D: 1.024;  Euc_ls: 0.8708;  reg_ls: 0.9606;  Wz_ls: 0.07162;  G_loss: 1.243;  D_loss_real: 2.3;  D_loss_fake: 1.277;  G_rw_imitative_walker_loss: 0.001377;  G_rw_imitative_visit_loss: 9.193;  G_rw_creative_walker_loss: 39.3;  G_rw_creative_visit_loss: 11.17;  D_rw_imitative_walker_loss: 0.001287;  D_rw_imitative_visit_loss: 9.094;  D_rw_real_walker_loss: 0.213;  D_rw_real_visit_loss: 11.67;  rl: 100.0%;  fk: 100.0%
Evaluation took time: 18.259768962860107
Iter-1220;  Was_D: 0.9866;  Euc_ls: 0.8973;  reg_ls: 0.96;  Wz_ls: 0.07139;  G_loss: 1.274;  D_loss_real: 2.277;  D_loss_fake: 1.29;  G_rw_imitative_walker_loss: 0.00242;  G_rw_imitative_visit_loss: 8.871;  G_rw_creative_walker_loss: 35.86;  G_rw_creative_visit_loss: 10.34;  D_rw_imitative_walker_loss: 0.002498;  D_rw_imitative_visit_loss: 8.79;  D_rw_real_walker_loss: 0.5937;  D_rw_real_visit_loss: 12.21;  rl: 100.0%;  fk: 100.0%
Iter-1240;  Was_D: 0.9126;  Euc_ls: 0.8287;  reg_ls: 0.9788;  Wz_ls: 0.07402;  G_loss: 1.394;  D_loss_real: 2.314;  D_loss_fake: 1.401;  G_rw_imitative_walker_loss: 0.0001014;  G_rw_imitative_visit_loss: 8.795;  G_rw_creative_walker_loss: 47.27;  G_rw_creative_visit_loss: 13.15;  D_rw_imitative_walker_loss: 0.0006421;  D_rw_imitative_visit_loss: 8.727;  D_rw_real_walker_loss: 0.1887;  D_rw_real_visit_loss: 12.93;  rl: 100.0%;  fk: 100.0%
Evaluation took time: 17.94402050971985
Iter-1260;  Was_D: 0.9039;  Euc_ls: 1.09;  reg_ls: 1.068;  Wz_ls: 0.08918;  G_loss: 1.21;  D_loss_real: 2.126;  D_loss_fake: 1.222;  G_rw_imitative_walker_loss: 5.566;  G_rw_imitative_visit_loss: 15.95;  G_rw_creative_walker_loss: 56.8;  G_rw_creative_visit_loss: 18.68;  D_rw_imitative_walker_loss: 5.646;  D_rw_imitative_visit_loss: 15.65;  D_rw_real_walker_loss: 19.2;  D_rw_real_visit_loss: 16.81;  rl: 100.0%;  fk: 100.0%
Iter-1280;  Was_D: 1.022;  Euc_ls: 1.42;  reg_ls: 1.124;  Wz_ls: 0.09725;  G_loss: 0.5918;  D_loss_real: 1.665;  D_loss_fake: 0.6427;  G_rw_imitative_walker_loss: 8.772;  G_rw_imitative_visit_loss: 16.49;  G_rw_creative_walker_loss: 57.66;  G_rw_creative_visit_loss: 18.95;  D_rw_imitative_walker_loss: 6.366;  D_rw_imitative_visit_loss: 16.45;  D_rw_real_walker_loss: 18.29;  D_rw_real_visit_loss: 17.94;  rl: 100.0%;  fk: 100.0%
Evaluation took time: 17.764241695404053
Iter-1300;  Was_D: 0.9057;  Euc_ls: 1.274;  reg_ls: 1.152;  Wz_ls: 0.09949;  G_loss: 0.6515;  D_loss_real: 1.643;  D_loss_fake: 0.7375;  G_rw_imitative_walker_loss: 12.13;  G_rw_imitative_visit_loss: 19.03;  G_rw_creative_walker_loss: 57.62;  G_rw_creative_visit_loss: 19.47;  D_rw_imitative_walker_loss: 11.91;  D_rw_imitative_visit_loss: 18.91;  D_rw_real_walker_loss: 35.71;  D_rw_real_visit_loss: 20.55;  rl: 100.0%;  fk: 99.9%
Iter-1320;  Was_D: 0.926;  Euc_ls: 1.164;  reg_ls: 1.162;  Wz_ls: 0.1002;  G_loss: 0.724;  D_loss_real: 1.679;  D_loss_fake: 0.7532;  G_rw_imitative_walker_loss: 13.13;  G_rw_imitative_visit_loss: 19.61;  G_rw_creative_walker_loss: 57.78;  G_rw_creative_visit_loss: 19.92;  D_rw_imitative_walker_loss: 14.43;  D_rw_imitative_visit_loss: 19.65;  D_rw_real_walker_loss: 29.81;  D_rw_real_visit_loss: 19.92;  rl: 100.0%;  fk: 99.8%
Evaluation took time: 17.83348798751831
Iter-1340;  Was_D: 0.8138;  Euc_ls: 1.081;  reg_ls: 1.155;  Wz_ls: 0.09711;  G_loss: 0.9322;  D_loss_real: 1.758;  D_loss_fake: 0.9442;  G_rw_imitative_walker_loss: 4.686;  G_rw_imitative_visit_loss: 18.04;  G_rw_creative_walker_loss: 57.86;  G_rw_creative_visit_loss: 19.47;  D_rw_imitative_walker_loss: 4.791;  D_rw_imitative_visit_loss: 17.93;  D_rw_real_walker_loss: 14.51;  D_rw_real_visit_loss: 19.48;  rl: 100.0%;  fk: 99.9%
Iter-1360;  Was_D: 0.6382;  Euc_ls: 0.845;  reg_ls: 1.128;  Wz_ls: 0.09059;  G_loss: 1.351;  D_loss_real: 1.93;  D_loss_fake: 1.291;  G_rw_imitative_walker_loss: 0.9277;  G_rw_imitative_visit_loss: 16.91;  G_rw_creative_walker_loss: 57.88;  G_rw_creative_visit_loss: 19.5;  D_rw_imitative_walker_loss: 1.024;  D_rw_imitative_visit_loss: 16.95;  D_rw_real_walker_loss: 5.598;  D_rw_real_visit_loss: 19.0;  rl: 100.0%;  fk: 100.0%
Evaluation took time: 17.6387300491333
Iter-1380;  Was_D: 0.6774;  Euc_ls: 0.6737;  reg_ls: 1.081;  Wz_ls: 0.08241;  G_loss: 1.656;  D_loss_real: 2.366;  D_loss_fake: 1.689;  G_rw_imitative_walker_loss: 8.661e-08;  G_rw_imitative_visit_loss: 13.4;  G_rw_creative_walker_loss: 57.91;  G_rw_creative_visit_loss: 18.95;  D_rw_imitative_walker_loss: 6.957e-08;  D_rw_imitative_visit_loss: 13.52;  D_rw_real_walker_loss: 0.5882;  D_rw_real_visit_loss: 18.75;  rl: 100.0%;  fk: 100.0%
Iter-1400;  Was_D: 0.5677;  Euc_ls: 0.778;  reg_ls: 1.054;  Wz_ls: 0.07631;  G_loss: 1.696;  D_loss_real: 2.323;  D_loss_fake: 1.755;  G_rw_imitative_walker_loss: 7.357e-08;  G_rw_imitative_visit_loss: 14.96;  G_rw_creative_walker_loss: 57.92;  G_rw_creative_visit_loss: 19.07;  D_rw_imitative_walker_loss: 9.366e-08;  D_rw_imitative_visit_loss: 15.23;  D_rw_real_walker_loss: 0.2567;  D_rw_real_visit_loss: 18.58;  rl: 100.0%;  fk: 100.0%
Evaluation took time: 18.00249981880188
Iter-1420;  Was_D: 0.656;  Euc_ls: 0.821;  reg_ls: 1.035;  Wz_ls: 0.07428;  G_loss: 1.732;  D_loss_real: 2.458;  D_loss_fake: 1.802;  G_rw_imitative_walker_loss: 8.798e-08;  G_rw_imitative_visit_loss: 14.99;  G_rw_creative_walker_loss: 57.93;  G_rw_creative_visit_loss: 18.98;  D_rw_imitative_walker_loss: 8.018e-08;  D_rw_imitative_visit_loss: 15.1;  D_rw_real_walker_loss: 0.5739;  D_rw_real_visit_loss: 18.17;  rl: 100.0%;  fk: 100.0%
Iter-1440;  Was_D: 0.6881;  Euc_ls: 0.825;  reg_ls: 1.018;  Wz_ls: 0.0737;  G_loss: 1.719;  D_loss_real: 2.499;  D_loss_fake: 1.811;  G_rw_imitative_walker_loss: 8.818e-08;  G_rw_imitative_visit_loss: 14.61;  G_rw_creative_walker_loss: 57.92;  G_rw_creative_visit_loss: 18.75;  D_rw_imitative_walker_loss: 8.656e-08;  D_rw_imitative_visit_loss: 14.54;  D_rw_real_walker_loss: 0.4973;  D_rw_real_visit_loss: 18.39;  rl: 100.0%;  fk: 100.0%
Evaluation took time: 17.825160264968872
Iter-1460;  Was_D: 0.7672;  Euc_ls: 0.775;  reg_ls: 1.001;  Wz_ls: 0.07317;  G_loss: 1.746;  D_loss_real: 2.591;  D_loss_fake: 1.824;  G_rw_imitative_walker_loss: 7.702e-08;  G_rw_imitative_visit_loss: 13.74;  G_rw_creative_walker_loss: 57.92;  G_rw_creative_visit_loss: 18.71;  D_rw_imitative_walker_loss: 9.711e-08;  D_rw_imitative_visit_loss: 14.24;  D_rw_real_walker_loss: 0.354;  D_rw_real_visit_loss: 18.21;  rl: 100.0%;  fk: 100.0%
Iter-1480;  Was_D: 0.8092;  Euc_ls: 0.7638;  reg_ls: 0.9896;  Wz_ls: 0.07293;  G_loss: 1.663;  D_loss_real: 2.52;  D_loss_fake: 1.711;  G_rw_imitative_walker_loss: 9.827e-08;  G_rw_imitative_visit_loss: 14.0;  G_rw_creative_walker_loss: 57.93;  G_rw_creative_visit_loss: 18.5;  D_rw_imitative_walker_loss: 8.077e-08;  D_rw_imitative_visit_loss: 13.76;  D_rw_real_walker_loss: 0.7565;  D_rw_real_visit_loss: 18.21;  rl: 100.0%;  fk: 100.0%
Evaluation took time: 17.88359236717224
Iter-1500;  Was_D: 0.8609;  Euc_ls: 0.7527;  reg_ls: 0.9837;  Wz_ls: 0.07294;  G_loss: 1.682;  D_loss_real: 2.587;  D_loss_fake: 1.726;  G_rw_imitative_walker_loss: 1.249e-07;  G_rw_imitative_visit_loss: 13.51;  G_rw_creative_walker_loss: 57.93;  G_rw_creative_visit_loss: 18.58;  D_rw_imitative_walker_loss: 8.149e-08;  D_rw_imitative_visit_loss: 13.88;  D_rw_real_walker_loss: 1.146;  D_rw_real_visit_loss: 18.33;  rl: 100.0%;  fk: 100.0%
Iter-1520;  Was_D: 0.8875;  Euc_ls: 0.7473;  reg_ls: 0.9756;  Wz_ls: 0.07242;  G_loss: 1.707;  D_loss_real: 2.66;  D_loss_fake: 1.773;  G_rw_imitative_walker_loss: 8.221e-08;  G_rw_imitative_visit_loss: 13.81;  G_rw_creative_walker_loss: 57.91;  G_rw_creative_visit_loss: 18.73;  D_rw_imitative_walker_loss: 6.934e-07;  D_rw_imitative_visit_loss: 13.59;  D_rw_real_walker_loss: 0.7765;  D_rw_real_visit_loss: 17.84;  rl: 100.0%;  fk: 100.0%
Evaluation took time: 17.918684482574463
Iter-1540;  Was_D: 0.9708;  Euc_ls: 0.7206;  reg_ls: 0.9731;  Wz_ls: 0.07251;  G_loss: 1.698;  D_loss_real: 2.682;  D_loss_fake: 1.711;  G_rw_imitative_walker_loss: 9.048e-08;  G_rw_imitative_visit_loss: 12.93;  G_rw_creative_walker_loss: 57.93;  G_rw_creative_visit_loss: 18.35;  D_rw_imitative_walker_loss: 8.9e-08;  D_rw_imitative_visit_loss: 13.31;  D_rw_real_walker_loss: 0.3437;  D_rw_real_visit_loss: 18.2;  rl: 100.0%;  fk: 100.0%
Iter-1560;  Was_D: 0.9393;  Euc_ls: 0.7614;  reg_ls: 0.972;  Wz_ls: 0.07246;  G_loss: 1.712;  D_loss_real: 2.696;  D_loss_fake: 1.756;  G_rw_imitative_walker_loss: 9.774e-08;  G_rw_imitative_visit_loss: 13.14;  G_rw_creative_walker_loss: 57.92;  G_rw_creative_visit_loss: 18.25;  D_rw_imitative_walker_loss: 9.622e-08;  D_rw_imitative_visit_loss: 13.5;  D_rw_real_walker_loss: 0.3655;  D_rw_real_visit_loss: 17.98;  rl: 100.0%;  fk: 100.0%
Evaluation took time: 18.061595678329468
Iter-1580;  Was_D: 0.9377;  Euc_ls: 0.7736;  reg_ls: 0.967;  Wz_ls: 0.07195;  G_loss: 1.716;  D_loss_real: 2.72;  D_loss_fake: 1.782;  G_rw_imitative_walker_loss: 7.446e-08;  G_rw_imitative_visit_loss: 13.46;  G_rw_creative_walker_loss: 57.92;  G_rw_creative_visit_loss: 18.26;  D_rw_imitative_walker_loss: 7.806e-08;  D_rw_imitative_visit_loss: 13.57;  D_rw_real_walker_loss: 0.5266;  D_rw_real_visit_loss: 18.07;  rl: 100.0%;  fk: 100.0%
Iter-1600;  Was_D: 0.9314;  Euc_ls: 0.7609;  reg_ls: 0.9661;  Wz_ls: 0.07225;  G_loss: 1.676;  D_loss_real: 2.665;  D_loss_fake: 1.734;  G_rw_imitative_walker_loss: 8.196e-08;  G_rw_imitative_visit_loss: 13.16;  G_rw_creative_walker_loss: 57.93;  G_rw_creative_visit_loss: 18.44;  D_rw_imitative_walker_loss: 8.525e-08;  D_rw_imitative_visit_loss: 13.44;  D_rw_real_walker_loss: 0.8617;  D_rw_real_visit_loss: 18.14;  rl: 100.0%;  fk: 100.0%
Evaluation took time: 17.712220191955566
Iter-1620;  Was_D: 1.057;  Euc_ls: 0.7365;  reg_ls: 0.9653;  Wz_ls: 0.07218;  G_loss: 1.69;  D_loss_real: 2.777;  D_loss_fake: 1.72;  G_rw_imitative_walker_loss: 7.958e-08;  G_rw_imitative_visit_loss: 13.16;  G_rw_creative_walker_loss: 57.92;  G_rw_creative_visit_loss: 18.58;  D_rw_imitative_walker_loss: 8.028e-08;  D_rw_imitative_visit_loss: 12.97;  D_rw_real_walker_loss: 0.6269;  D_rw_real_visit_loss: 18.17;  rl: 100.0%;  fk: 99.9%
Iter-1640;  Was_D: 0.9999;  Euc_ls: 0.7548;  reg_ls: 0.961;  Wz_ls: 0.07186;  G_loss: 1.646;  D_loss_real: 2.692;  D_loss_fake: 1.692;  G_rw_imitative_walker_loss: 8.938e-08;  G_rw_imitative_visit_loss: 13.41;  G_rw_creative_walker_loss: 57.91;  G_rw_creative_visit_loss: 18.55;  D_rw_imitative_walker_loss: 0.0005646;  D_rw_imitative_visit_loss: 13.35;  D_rw_real_walker_loss: 0.7828;  D_rw_real_visit_loss: 17.87;  rl: 100.0%;  fk: 100.0%
Evaluation took time: 17.78033137321472
Iter-1660;  Was_D: 0.9536;  Euc_ls: 0.7609;  reg_ls: 0.9596;  Wz_ls: 0.07163;  G_loss: 1.677;  D_loss_real: 2.68;  D_loss_fake: 1.726;  G_rw_imitative_walker_loss: 2.012e-07;  G_rw_imitative_visit_loss: 13.67;  G_rw_creative_walker_loss: 57.92;  G_rw_creative_visit_loss: 18.53;  D_rw_imitative_walker_loss: 9.527e-08;  D_rw_imitative_visit_loss: 13.44;  D_rw_real_walker_loss: 0.577;  D_rw_real_visit_loss: 17.8;  rl: 100.0%;  fk: 100.0%
Iter-1680;  Was_D: 0.985;  Euc_ls: 0.7852;  reg_ls: 0.963;  Wz_ls: 0.07164;  G_loss: 1.656;  D_loss_real: 2.711;  D_loss_fake: 1.726;  G_rw_imitative_walker_loss: 8.103e-08;  G_rw_imitative_visit_loss: 13.44;  G_rw_creative_walker_loss: 57.9;  G_rw_creative_visit_loss: 18.31;  D_rw_imitative_walker_loss: 8.326e-08;  D_rw_imitative_visit_loss: 13.33;  D_rw_real_walker_loss: 0.8051;  D_rw_real_visit_loss: 17.93;  rl: 100.0%;  fk: 100.0%
Evaluation took time: 18.089659214019775
Iter-1700;  Was_D: 0.9789;  Euc_ls: 0.7688;  reg_ls: 0.9617;  Wz_ls: 0.0715;  G_loss: 1.678;  D_loss_real: 2.707;  D_loss_fake: 1.728;  G_rw_imitative_walker_loss: 7.869e-08;  G_rw_imitative_visit_loss: 13.41;  G_rw_creative_walker_loss: 57.91;  G_rw_creative_visit_loss: 18.01;  D_rw_imitative_walker_loss: 8.219e-08;  D_rw_imitative_visit_loss: 13.42;  D_rw_real_walker_loss: 0.3388;  D_rw_real_visit_loss: 17.89;  rl: 100.0%;  fk: 100.0%
Iter-1720;  Was_D: 1.067;  Euc_ls: 0.7725;  reg_ls: 0.9598;  Wz_ls: 0.07177;  G_loss: 1.619;  D_loss_real: 2.75;  D_loss_fake: 1.683;  G_rw_imitative_walker_loss: 1.037e-07;  G_rw_imitative_visit_loss: 13.38;  G_rw_creative_walker_loss: 57.93;  G_rw_creative_visit_loss: 18.71;  D_rw_imitative_walker_loss: 8.803e-08;  D_rw_imitative_visit_loss: 13.21;  D_rw_real_walker_loss: 0.2206;  D_rw_real_visit_loss: 17.99;  rl: 100.0%;  fk: 99.9%
Evaluation took time: 17.74076271057129
Iter-1740;  Was_D: 1.036;  Euc_ls: 0.7316;  reg_ls: 0.9598;  Wz_ls: 0.07166;  G_loss: 1.614;  D_loss_real: 2.686;  D_loss_fake: 1.65;  G_rw_imitative_walker_loss: 9.89e-08;  G_rw_imitative_visit_loss: 13.17;  G_rw_creative_walker_loss: 57.92;  G_rw_creative_visit_loss: 18.44;  D_rw_imitative_walker_loss: 7.367e-08;  D_rw_imitative_visit_loss: 13.35;  D_rw_real_walker_loss: 0.6619;  D_rw_real_visit_loss: 17.91;  rl: 100.0%;  fk: 100.0%
Iter-1760;  Was_D: 0.9908;  Euc_ls: 0.7916;  reg_ls: 0.9596;  Wz_ls: 0.07152;  G_loss: 1.652;  D_loss_real: 2.695;  D_loss_fake: 1.704;  G_rw_imitative_walker_loss: 7.843e-08;  G_rw_imitative_visit_loss: 13.49;  G_rw_creative_walker_loss: 57.9;  G_rw_creative_visit_loss: 18.36;  D_rw_imitative_walker_loss: 7.327e-08;  D_rw_imitative_visit_loss: 13.41;  D_rw_real_walker_loss: 1.237;  D_rw_real_visit_loss: 17.96;  rl: 100.0%;  fk: 100.0%
Evaluation took time: 17.83345866203308
Iter-1780;  Was_D: 1.118;  Euc_ls: 0.7183;  reg_ls: 0.9573;  Wz_ls: 0.07161;  G_loss: 1.637;  D_loss_real: 2.74;  D_loss_fake: 1.622;  G_rw_imitative_walker_loss: 9.09e-08;  G_rw_imitative_visit_loss: 12.7;  G_rw_creative_walker_loss: 57.93;  G_rw_creative_visit_loss: 18.2;  D_rw_imitative_walker_loss: 8.991e-08;  D_rw_imitative_visit_loss: 12.74;  D_rw_real_walker_loss: 0.3947;  D_rw_real_visit_loss: 18.07;  rl: 100.0%;  fk: 100.0%
Iter-1800;  Was_D: 1.069;  Euc_ls: 0.7672;  reg_ls: 0.9557;  Wz_ls: 0.07139;  G_loss: 1.647;  D_loss_real: 2.755;  D_loss_fake: 1.685;  G_rw_imitative_walker_loss: 8.344e-08;  G_rw_imitative_visit_loss: 13.63;  G_rw_creative_walker_loss: 57.92;  G_rw_creative_visit_loss: 18.21;  D_rw_imitative_walker_loss: 7.742e-08;  D_rw_imitative_visit_loss: 13.71;  D_rw_real_walker_loss: 0.4455;  D_rw_real_visit_loss: 17.81;  rl: 100.0%;  fk: 100.0%
Evaluation took time: 18.089038372039795
Iter-1820;  Was_D: 1.061;  Euc_ls: 0.7525;  reg_ls: 0.9576;  Wz_ls: 0.07129;  G_loss: 1.633;  D_loss_real: 2.731;  D_loss_fake: 1.67;  G_rw_imitative_walker_loss: 8.419e-08;  G_rw_imitative_visit_loss: 13.34;  G_rw_creative_walker_loss: 57.93;  G_rw_creative_visit_loss: 18.49;  D_rw_imitative_walker_loss: 4.227e-06;  D_rw_imitative_visit_loss: 13.48;  D_rw_real_walker_loss: 0.4802;  D_rw_real_visit_loss: 17.86;  rl: 100.0%;  fk: 100.0%
Iter-1840;  Was_D: 1.088;  Euc_ls: 0.7499;  reg_ls: 0.9567;  Wz_ls: 0.07159;  G_loss: 1.621;  D_loss_real: 2.762;  D_loss_fake: 1.674;  G_rw_imitative_walker_loss: 9.96e-08;  G_rw_imitative_visit_loss: 13.33;  G_rw_creative_walker_loss: 57.91;  G_rw_creative_visit_loss: 18.34;  D_rw_imitative_walker_loss: 7.925e-08;  D_rw_imitative_visit_loss: 13.48;  D_rw_real_walker_loss: 0.1392;  D_rw_real_visit_loss: 17.62;  rl: 100.0%;  fk: 100.0%
Evaluation took time: 17.907047510147095
Iter-1860;  Was_D: 1.038;  Euc_ls: 0.8014;  reg_ls: 0.9548;  Wz_ls: 0.07136;  G_loss: 1.648;  D_loss_real: 2.698;  D_loss_fake: 1.659;  G_rw_imitative_walker_loss: 7.66e-08;  G_rw_imitative_visit_loss: 13.83;  G_rw_creative_walker_loss: 57.91;  G_rw_creative_visit_loss: 18.36;  D_rw_imitative_walker_loss: 1.02e-07;  D_rw_imitative_visit_loss: 13.85;  D_rw_real_walker_loss: 0.8306;  D_rw_real_visit_loss: 17.6;  rl: 100.0%;  fk: 100.0%
Iter-1880;  Was_D: 1.115;  Euc_ls: 0.7621;  reg_ls: 0.9546;  Wz_ls: 0.07136;  G_loss: 1.58;  D_loss_real: 2.702;  D_loss_fake: 1.587;  G_rw_imitative_walker_loss: 8.139e-08;  G_rw_imitative_visit_loss: 13.17;  G_rw_creative_walker_loss: 57.92;  G_rw_creative_visit_loss: 18.28;  D_rw_imitative_walker_loss: 9.017e-08;  D_rw_imitative_visit_loss: 13.15;  D_rw_real_walker_loss: 0.8196;  D_rw_real_visit_loss: 17.45;  rl: 100.0%;  fk: 100.0%
Evaluation took time: 17.751246452331543
Iter-1900;  Was_D: 1.057;  Euc_ls: 0.8028;  reg_ls: 0.9538;  Wz_ls: 0.07099;  G_loss: 1.653;  D_loss_real: 2.792;  D_loss_fake: 1.735;  G_rw_imitative_walker_loss: 8.761e-08;  G_rw_imitative_visit_loss: 14.41;  G_rw_creative_walker_loss: 57.9;  G_rw_creative_visit_loss: 18.25;  D_rw_imitative_walker_loss: 8.726e-08;  D_rw_imitative_visit_loss: 14.08;  D_rw_real_walker_loss: 0.2062;  D_rw_real_visit_loss: 17.81;  rl: 100.0%;  fk: 100.0%
Iter-1920;  Was_D: 1.071;  Euc_ls: 0.762;  reg_ls: 0.9536;  Wz_ls: 0.07106;  G_loss: 1.673;  D_loss_real: 2.781;  D_loss_fake: 1.71;  G_rw_imitative_walker_loss: 8.499e-08;  G_rw_imitative_visit_loss: 13.4;  G_rw_creative_walker_loss: 57.9;  G_rw_creative_visit_loss: 18.2;  D_rw_imitative_walker_loss: 8.979e-08;  D_rw_imitative_visit_loss: 13.32;  D_rw_real_walker_loss: 0.6111;  D_rw_real_visit_loss: 17.97;  rl: 100.0%;  fk: 100.0%
Evaluation took time: 18.14351487159729
Iter-1940;  Was_D: 1.012;  Euc_ls: 0.7938;  reg_ls: 0.9535;  Wz_ls: 0.07078;  G_loss: 1.679;  D_loss_real: 2.737;  D_loss_fake: 1.724;  G_rw_imitative_walker_loss: 8.571e-08;  G_rw_imitative_visit_loss: 14.19;  G_rw_creative_walker_loss: 57.92;  G_rw_creative_visit_loss: 18.21;  D_rw_imitative_walker_loss: 1.002e-07;  D_rw_imitative_visit_loss: 14.35;  D_rw_real_walker_loss: 0.4415;  D_rw_real_visit_loss: 17.61;  rl: 100.0%;  fk: 100.0%
Iter-1960;  Was_D: 1.084;  Euc_ls: 0.8063;  reg_ls: 0.9534;  Wz_ls: 0.07091;  G_loss: 1.66;  D_loss_real: 2.799;  D_loss_fake: 1.715;  G_rw_imitative_walker_loss: 9.077e-08;  G_rw_imitative_visit_loss: 14.76;  G_rw_creative_walker_loss: 57.93;  G_rw_creative_visit_loss: 18.47;  D_rw_imitative_walker_loss: 7.538e-08;  D_rw_imitative_visit_loss: 14.59;  D_rw_real_walker_loss: 0.8798;  D_rw_real_visit_loss: 17.81;  rl: 100.0%;  fk: 100.0%
Evaluation took time: 17.93009662628174
Iter-1980;  Was_D: 1.064;  Euc_ls: 0.8248;  reg_ls: 0.9515;  Wz_ls: 0.0704;  G_loss: 1.637;  D_loss_real: 2.756;  D_loss_fake: 1.692;  G_rw_imitative_walker_loss: 7.388e-08;  G_rw_imitative_visit_loss: 14.3;  G_rw_creative_walker_loss: 57.89;  G_rw_creative_visit_loss: 18.26;  D_rw_imitative_walker_loss: 8.626e-08;  D_rw_imitative_visit_loss: 14.24;  D_rw_real_walker_loss: 0.2276;  D_rw_real_visit_loss: 17.76;  rl: 100.0%;  fk: 100.0%
Iter-2000;  Was_D: 1.069;  Euc_ls: 0.8149;  reg_ls: 0.9506;  Wz_ls: 0.07034;  G_loss: 1.683;  D_loss_real: 2.799;  D_loss_fake: 1.73;  G_rw_imitative_walker_loss: 7.387e-08;  G_rw_imitative_visit_loss: 14.67;  G_rw_creative_walker_loss: 57.92;  G_rw_creative_visit_loss: 18.37;  D_rw_imitative_walker_loss: 7.637e-08;  D_rw_imitative_visit_loss: 14.97;  D_rw_real_walker_loss: 0.7402;  D_rw_real_visit_loss: 17.69;  rl: 100.0%;  fk: 100.0%
Evaluation took time: 17.64622712135315
Iter-2020;  Was_D: 1.071;  Euc_ls: 0.7902;  reg_ls: 0.9525;  Wz_ls: 0.07102;  G_loss: 1.695;  D_loss_real: 2.822;  D_loss_fake: 1.751;  G_rw_imitative_walker_loss: 7.832e-08;  G_rw_imitative_visit_loss: 14.52;  G_rw_creative_walker_loss: 57.9;  G_rw_creative_visit_loss: 18.37;  D_rw_imitative_walker_loss: 7.268e-08;  D_rw_imitative_visit_loss: 14.46;  D_rw_real_walker_loss: 1.077;  D_rw_real_visit_loss: 17.92;  rl: 100.0%;  fk: 100.0%
Iter-2040;  Was_D: 0.9832;  Euc_ls: 0.8607;  reg_ls: 0.949;  Wz_ls: 0.06981;  G_loss: 1.739;  D_loss_real: 2.761;  D_loss_fake: 1.778;  G_rw_imitative_walker_loss: 0.07052;  G_rw_imitative_visit_loss: 15.41;  G_rw_creative_walker_loss: 57.92;  G_rw_creative_visit_loss: 18.53;  D_rw_imitative_walker_loss: 6.717e-08;  D_rw_imitative_visit_loss: 15.34;  D_rw_real_walker_loss: 0.8613;  D_rw_real_visit_loss: 17.79;  rl: 100.0%;  fk: 100.0%
Evaluation took time: 18.016545057296753
Iter-2060;  Was_D: 1.088;  Euc_ls: 0.791;  reg_ls: 0.9533;  Wz_ls: 0.07124;  G_loss: 1.655;  D_loss_real: 2.79;  D_loss_fake: 1.702;  G_rw_imitative_walker_loss: 7.577e-08;  G_rw_imitative_visit_loss: 14.65;  G_rw_creative_walker_loss: 57.9;  G_rw_creative_visit_loss: 18.27;  D_rw_imitative_walker_loss: 1.024e-07;  D_rw_imitative_visit_loss: 14.51;  D_rw_real_walker_loss: 0.4315;  D_rw_real_visit_loss: 17.72;  rl: 100.0%;  fk: 100.0%
Iter-2080;  Was_D: 1.095;  Euc_ls: 0.739;  reg_ls: 0.9502;  Wz_ls: 0.07103;  G_loss: 1.74;  D_loss_real: 2.846;  D_loss_fake: 1.751;  G_rw_imitative_walker_loss: 7.087e-08;  G_rw_imitative_visit_loss: 14.27;  G_rw_creative_walker_loss: 57.91;  G_rw_creative_visit_loss: 18.55;  D_rw_imitative_walker_loss: 8.537e-08;  D_rw_imitative_visit_loss: 14.45;  D_rw_real_walker_loss: 0.497;  D_rw_real_visit_loss: 17.92;  rl: 100.0%;  fk: 100.0%
Evaluation took time: 17.69036316871643
Iter-2100;  Was_D: 1.069;  Euc_ls: 0.7778;  reg_ls: 0.9492;  Wz_ls: 0.07093;  G_loss: 1.68;  D_loss_real: 2.776;  D_loss_fake: 1.707;  G_rw_imitative_walker_loss: 8.696e-08;  G_rw_imitative_visit_loss: 15.0;  G_rw_creative_walker_loss: 57.93;  G_rw_creative_visit_loss: 18.7;  D_rw_imitative_walker_loss: 8.44e-08;  D_rw_imitative_visit_loss: 14.87;  D_rw_real_walker_loss: 0.002593;  D_rw_real_visit_loss: 18.31;  rl: 100.0%;  fk: 100.0%
Iter-2120;  Was_D: 1.139;  Euc_ls: 0.7766;  reg_ls: 0.9466;  Wz_ls: 0.07047;  G_loss: 1.682;  D_loss_real: 2.822;  D_loss_fake: 1.683;  G_rw_imitative_walker_loss: 8.496e-08;  G_rw_imitative_visit_loss: 14.69;  G_rw_creative_walker_loss: 57.93;  G_rw_creative_visit_loss: 18.25;  D_rw_imitative_walker_loss: 7.73e-07;  D_rw_imitative_visit_loss: 14.56;  D_rw_real_walker_loss: 1.445;  D_rw_real_visit_loss: 17.66;  rl: 100.0%;  fk: 100.0%
Evaluation took time: 17.679245471954346
Iter-2140;  Was_D: 1.026;  Euc_ls: 0.8414;  reg_ls: 0.9494;  Wz_ls: 0.07063;  G_loss: 1.731;  D_loss_real: 2.765;  D_loss_fake: 1.74;  G_rw_imitative_walker_loss: 7.773e-08;  G_rw_imitative_visit_loss: 15.33;  G_rw_creative_walker_loss: 57.94;  G_rw_creative_visit_loss: 18.66;  D_rw_imitative_walker_loss: 7.306e-08;  D_rw_imitative_visit_loss: 15.32;  D_rw_real_walker_loss: 0.3362;  D_rw_real_visit_loss: 17.76;  rl: 100.0%;  fk: 100.0%
Iter-2160;  Was_D: 1.119;  Euc_ls: 0.79;  reg_ls: 0.9476;  Wz_ls: 0.07072;  G_loss: 1.737;  D_loss_real: 2.797;  D_loss_fake: 1.678;  G_rw_imitative_walker_loss: 7.7e-08;  G_rw_imitative_visit_loss: 15.44;  G_rw_creative_walker_loss: 57.9;  G_rw_creative_visit_loss: 18.52;  D_rw_imitative_walker_loss: 1.008e-07;  D_rw_imitative_visit_loss: 15.32;  D_rw_real_walker_loss: 0.3691;  D_rw_real_visit_loss: 18.14;  rl: 100.0%;  fk: 100.0%
Evaluation took time: 17.936612367630005
Iter-2180;  Was_D: 1.052;  Euc_ls: 0.9101;  reg_ls: 0.9453;  Wz_ls: 0.0702;  G_loss: 1.693;  D_loss_real: 2.791;  D_loss_fake: 1.739;  G_rw_imitative_walker_loss: 7.263e-08;  G_rw_imitative_visit_loss: 15.39;  G_rw_creative_walker_loss: 57.92;  G_rw_creative_visit_loss: 18.66;  D_rw_imitative_walker_loss: 8.157e-08;  D_rw_imitative_visit_loss: 15.32;  D_rw_real_walker_loss: 0.4405;  D_rw_real_visit_loss: 17.82;  rl: 100.0%;  fk: 100.0%
Iter-2200;  Was_D: 1.136;  Euc_ls: 1.375;  reg_ls: 1.039;  Wz_ls: 0.08702;  G_loss: 1.236;  D_loss_real: 2.379;  D_loss_fake: 1.244;  G_rw_imitative_walker_loss: 20.56;  G_rw_imitative_visit_loss: 20.85;  G_rw_creative_walker_loss: 57.84;  G_rw_creative_visit_loss: 20.29;  D_rw_imitative_walker_loss: 18.16;  D_rw_imitative_visit_loss: 20.94;  D_rw_real_walker_loss: 44.53;  D_rw_real_visit_loss: 21.85;  rl: 100.0%;  fk: 99.8%
Evaluation took time: 18.098453760147095
Iter-2220;  Was_D: 1.054;  Euc_ls: 1.296;  reg_ls: 1.094;  Wz_ls: 0.09465;  G_loss: 1.055;  D_loss_real: 2.211;  D_loss_fake: 1.157;  G_rw_imitative_walker_loss: 28.97;  G_rw_imitative_visit_loss: 21.21;  G_rw_creative_walker_loss: 57.82;  G_rw_creative_visit_loss: 20.93;  D_rw_imitative_walker_loss: 26.2;  D_rw_imitative_visit_loss: 21.15;  D_rw_real_walker_loss: 43.51;  D_rw_real_visit_loss: 21.83;  rl: 100.0%;  fk: 99.5%
Iter-2240;  Was_D: 1.408;  Euc_ls: 1.298;  reg_ls: 1.129;  Wz_ls: 0.09841;  G_loss: 0.7907;  D_loss_real: 2.146;  D_loss_fake: 0.7388;  G_rw_imitative_walker_loss: 24.55;  G_rw_imitative_visit_loss: 21.15;  G_rw_creative_walker_loss: 57.86;  G_rw_creative_visit_loss: 20.92;  D_rw_imitative_walker_loss: 27.11;  D_rw_imitative_visit_loss: 21.23;  D_rw_real_walker_loss: 46.19;  D_rw_real_visit_loss: 22.12;  rl: 100.0%;  fk: 99.7%
Evaluation took time: 17.859870195388794
Iter-2260;  Was_D: 0.6155;  Euc_ls: 1.487;  reg_ls: 1.152;  Wz_ls: 0.1004;  G_loss: 1.073;  D_loss_real: 1.916;  D_loss_fake: 1.3;  G_rw_imitative_walker_loss: 22.09;  G_rw_imitative_visit_loss: 21.23;  G_rw_creative_walker_loss: 57.83;  G_rw_creative_visit_loss: 20.81;  D_rw_imitative_walker_loss: 21.69;  D_rw_imitative_visit_loss: 21.13;  D_rw_real_walker_loss: 48.62;  D_rw_real_visit_loss: 22.16;  rl: 100.0%;  fk: 99.7%
Iter-2280;  Was_D: 1.618;  Euc_ls: 1.368;  reg_ls: 1.168;  Wz_ls: 0.102;  G_loss: 1.138;  D_loss_real: 2.026;  D_loss_fake: 0.4075;  G_rw_imitative_walker_loss: 19.97;  G_rw_imitative_visit_loss: 21.09;  G_rw_creative_walker_loss: 57.89;  G_rw_creative_visit_loss: 20.48;  D_rw_imitative_walker_loss: 18.81;  D_rw_imitative_visit_loss: 20.81;  D_rw_real_walker_loss: 40.17;  D_rw_real_visit_loss: 21.42;  rl: 100.0%;  fk: 99.9%
Evaluation took time: 18.123151779174805
Iter-2300;  Was_D: 0.09895;  Euc_ls: 1.577;  reg_ls: 1.187;  Wz_ls: 0.1016;  G_loss: 1.358;  D_loss_real: 1.528;  D_loss_fake: 1.429;  G_rw_imitative_walker_loss: 20.04;  G_rw_imitative_visit_loss: 21.13;  G_rw_creative_walker_loss: 57.91;  G_rw_creative_visit_loss: 20.35;  D_rw_imitative_walker_loss: 18.57;  D_rw_imitative_visit_loss: 21.03;  D_rw_real_walker_loss: 46.9;  D_rw_real_visit_loss: 22.25;  rl: 100.0%;  fk: 99.0%
Iter-2320;  Was_D: 1.236;  Euc_ls: 1.397;  reg_ls: 1.199;  Wz_ls: 0.1036;  G_loss: 0.6123;  D_loss_real: 1.702;  D_loss_fake: 0.4653;  G_rw_imitative_walker_loss: 18.29;  G_rw_imitative_visit_loss: 21.14;  G_rw_creative_walker_loss: 57.92;  G_rw_creative_visit_loss: 20.57;  D_rw_imitative_walker_loss: 13.3;  D_rw_imitative_visit_loss: 20.95;  D_rw_real_walker_loss: 35.18;  D_rw_real_visit_loss: 21.43;  rl: 100.0%;  fk: 99.8%
Evaluation took time: 17.767456531524658
Iter-2340;  Was_D: 1.076;  Euc_ls: 1.33;  reg_ls: 1.217;  Wz_ls: 0.1047;  G_loss: 0.3974;  D_loss_real: 1.679;  D_loss_fake: 0.6028;  G_rw_imitative_walker_loss: 13.1;  G_rw_imitative_visit_loss: 21.14;  G_rw_creative_walker_loss: 57.92;  G_rw_creative_visit_loss: 20.58;  D_rw_imitative_walker_loss: 17.73;  D_rw_imitative_visit_loss: 21.15;  D_rw_real_walker_loss: 35.15;  D_rw_real_visit_loss: 21.29;  rl: 100.0%;  fk: 99.9%
Iter-2360;  Was_D: 1.151;  Euc_ls: 1.251;  reg_ls: 1.22;  Wz_ls: 0.1011;  G_loss: 1.005;  D_loss_real: 1.956;  D_loss_fake: 0.8051;  G_rw_imitative_walker_loss: 12.6;  G_rw_imitative_visit_loss: 21.09;  G_rw_creative_walker_loss: 57.91;  G_rw_creative_visit_loss: 20.39;  D_rw_imitative_walker_loss: 10.48;  D_rw_imitative_visit_loss: 21.07;  D_rw_real_walker_loss: 35.92;  D_rw_real_visit_loss: 21.38;  rl: 100.0%;  fk: 99.9%
Evaluation took time: 17.849737644195557
Iter-2380;  Was_D: 0.7854;  Euc_ls: 1.171;  reg_ls: 1.216;  Wz_ls: 0.09968;  G_loss: 0.8407;  D_loss_real: 1.711;  D_loss_fake: 0.9259;  G_rw_imitative_walker_loss: 10.36;  G_rw_imitative_visit_loss: 20.91;  G_rw_creative_walker_loss: 57.92;  G_rw_creative_visit_loss: 20.38;  D_rw_imitative_walker_loss: 6.852;  D_rw_imitative_visit_loss: 20.86;  D_rw_real_walker_loss: 25.83;  D_rw_real_visit_loss: 20.74;  rl: 100.0%;  fk: 99.9%
Iter-2400;  Was_D: 0.7345;  Euc_ls: 1.002;  reg_ls: 1.196;  Wz_ls: 0.09543;  G_loss: 1.072;  D_loss_real: 1.929;  D_loss_fake: 1.195;  G_rw_imitative_walker_loss: 2.189;  G_rw_imitative_visit_loss: 20.79;  G_rw_creative_walker_loss: 57.93;  G_rw_creative_visit_loss: 20.1;  D_rw_imitative_walker_loss: 2.801;  D_rw_imitative_visit_loss: 20.56;  D_rw_real_walker_loss: 12.2;  D_rw_real_visit_loss: 19.9;  rl: 100.0%;  fk: 99.9%
Evaluation took time: 18.088844776153564
Iter-2420;  Was_D: 0.5491;  Euc_ls: 0.8052;  reg_ls: 1.15;  Wz_ls: 0.08772;  G_loss: 1.723;  D_loss_real: 2.295;  D_loss_fake: 1.746;  G_rw_imitative_walker_loss: 4.762e-08;  G_rw_imitative_visit_loss: 19.82;  G_rw_creative_walker_loss: 57.95;  G_rw_creative_visit_loss: 19.81;  D_rw_imitative_walker_loss: 3.995e-08;  D_rw_imitative_visit_loss: 20.08;  D_rw_real_walker_loss: 1.063;  D_rw_real_visit_loss: 19.67;  rl: 100.0%;  fk: 100.0%
Iter-2440;  Was_D: 0.409;  Euc_ls: 0.7885;  reg_ls: 1.095;  Wz_ls: 0.07905;  G_loss: 1.86;  D_loss_real: 2.31;  D_loss_fake: 1.901;  G_rw_imitative_walker_loss: 4.134e-08;  G_rw_imitative_visit_loss: 19.79;  G_rw_creative_walker_loss: 57.95;  G_rw_creative_visit_loss: 19.89;  D_rw_imitative_walker_loss: 5.201e-08;  D_rw_imitative_visit_loss: 19.78;  D_rw_real_walker_loss: 1.179;  D_rw_real_visit_loss: 19.85;  rl: 100.0%;  fk: 100.0%
Evaluation took time: 17.881447792053223
Iter-2460;  Was_D: 0.4637;  Euc_ls: 0.8946;  reg_ls: 1.061;  Wz_ls: 0.07448;  G_loss: 1.717;  D_loss_real: 2.282;  D_loss_fake: 1.818;  G_rw_imitative_walker_loss: 4.538e-08;  G_rw_imitative_visit_loss: 20.04;  G_rw_creative_walker_loss: 57.95;  G_rw_creative_visit_loss: 19.85;  D_rw_imitative_walker_loss: 3.666e-08;  D_rw_imitative_visit_loss: 20.07;  D_rw_real_walker_loss: 0.4415;  D_rw_real_visit_loss: 19.88;  rl: 100.0%;  fk: 100.0%
Iter-2480;  Was_D: 0.4048;  Euc_ls: 0.8956;  reg_ls: 1.033;  Wz_ls: 0.0736;  G_loss: 2.014;  D_loss_real: 2.325;  D_loss_fake: 1.92;  G_rw_imitative_walker_loss: 4.427e-08;  G_rw_imitative_visit_loss: 20.03;  G_rw_creative_walker_loss: 57.95;  G_rw_creative_visit_loss: 19.97;  D_rw_imitative_walker_loss: 4.454e-08;  D_rw_imitative_visit_loss: 20.14;  D_rw_real_walker_loss: 0.7323;  D_rw_real_visit_loss: 19.78;  rl: 100.0%;  fk: 99.8%
Evaluation took time: 18.009434700012207
Iter-2500;  Was_D: 0.4842;  Euc_ls: 0.9486;  reg_ls: 1.012;  Wz_ls: 0.07268;  G_loss: 2.006;  D_loss_real: 2.583;  D_loss_fake: 2.098;  G_rw_imitative_walker_loss: 4.81e-08;  G_rw_imitative_visit_loss: 19.98;  G_rw_creative_walker_loss: 57.95;  G_rw_creative_visit_loss: 19.87;  D_rw_imitative_walker_loss: 3.732e-08;  D_rw_imitative_visit_loss: 20.04;  D_rw_real_walker_loss: 1.572;  D_rw_real_visit_loss: 19.85;  rl: 100.0%;  fk: 100.0%
Iter-2520;  Was_D: 0.4613;  Euc_ls: 0.8892;  reg_ls: 0.9903;  Wz_ls: 0.07169;  G_loss: 2.016;  D_loss_real: 2.501;  D_loss_fake: 2.039;  G_rw_imitative_walker_loss: 3.563e-08;  G_rw_imitative_visit_loss: 20.29;  G_rw_creative_walker_loss: 57.96;  G_rw_creative_visit_loss: 19.87;  D_rw_imitative_walker_loss: 3.962e-08;  D_rw_imitative_visit_loss: 20.09;  D_rw_real_walker_loss: 1.348;  D_rw_real_visit_loss: 19.72;  rl: 100.0%;  fk: 100.0%
Evaluation took time: 17.983262062072754
Iter-2540;  Was_D: 0.4329;  Euc_ls: 0.8839;  reg_ls: 0.9805;  Wz_ls: 0.07113;  G_loss: 1.895;  D_loss_real: 2.389;  D_loss_fake: 1.956;  G_rw_imitative_walker_loss: 3.478e-08;  G_rw_imitative_visit_loss: 20.14;  G_rw_creative_walker_loss: 57.95;  G_rw_creative_visit_loss: 19.81;  D_rw_imitative_walker_loss: 3.328e-08;  D_rw_imitative_visit_loss: 20.23;  D_rw_real_walker_loss: 0.3405;  D_rw_real_visit_loss: 19.7;  rl: 100.0%;  fk: 99.9%
Iter-2560;  Was_D: 0.5102;  Euc_ls: 0.9064;  reg_ls: 0.9771;  Wz_ls: 0.07165;  G_loss: 1.819;  D_loss_real: 2.375;  D_loss_fake: 1.865;  G_rw_imitative_walker_loss: 4.36e-08;  G_rw_imitative_visit_loss: 20.18;  G_rw_creative_walker_loss: 57.95;  G_rw_creative_visit_loss: 20.0;  D_rw_imitative_walker_loss: 3.383e-08;  D_rw_imitative_visit_loss: 20.19;  D_rw_real_walker_loss: 0.8583;  D_rw_real_visit_loss: 19.69;  rl: 100.0%;  fk: 100.0%
Evaluation took time: 17.875445127487183
Iter-2580;  Was_D: 0.5142;  Euc_ls: 0.9078;  reg_ls: 0.9652;  Wz_ls: 0.07091;  G_loss: 1.997;  D_loss_real: 2.382;  D_loss_fake: 1.867;  G_rw_imitative_walker_loss: 5.014e-08;  G_rw_imitative_visit_loss: 19.97;  G_rw_creative_walker_loss: 57.95;  G_rw_creative_visit_loss: 19.94;  D_rw_imitative_walker_loss: 5.129e-08;  D_rw_imitative_visit_loss: 20.1;  D_rw_real_walker_loss: 1.416;  D_rw_real_visit_loss: 19.81;  rl: 100.0%;  fk: 100.0%
Iter-2600;  Was_D: 0.5342;  Euc_ls: 0.8738;  reg_ls: 0.963;  Wz_ls: 0.07108;  G_loss: 2.122;  D_loss_real: 2.77;  D_loss_fake: 2.236;  G_rw_imitative_walker_loss: 4.132e-08;  G_rw_imitative_visit_loss: 20.31;  G_rw_creative_walker_loss: 57.95;  G_rw_creative_visit_loss: 19.9;  D_rw_imitative_walker_loss: 4.483e-08;  D_rw_imitative_visit_loss: 20.16;  D_rw_real_walker_loss: 0.6091;  D_rw_real_visit_loss: 19.69;  rl: 100.0%;  fk: 100.0%
Evaluation took time: 17.880078315734863
Iter-2620;  Was_D: 0.5937;  Euc_ls: 0.9003;  reg_ls: 0.9535;  Wz_ls: 0.07043;  G_loss: 2.184;  D_loss_real: 2.928;  D_loss_fake: 2.334;  G_rw_imitative_walker_loss: 5.374e-08;  G_rw_imitative_visit_loss: 20.07;  G_rw_creative_walker_loss: 57.94;  G_rw_creative_visit_loss: 19.9;  D_rw_imitative_walker_loss: 3.816e-08;  D_rw_imitative_visit_loss: 19.95;  D_rw_real_walker_loss: 0.4412;  D_rw_real_visit_loss: 19.86;  rl: 100.0%;  fk: 99.9%
Iter-2640;  Was_D: 0.5616;  Euc_ls: 0.8905;  reg_ls: 0.9557;  Wz_ls: 0.07045;  G_loss: 2.083;  D_loss_real: 2.578;  D_loss_fake: 2.016;  G_rw_imitative_walker_loss: 3.48e-08;  G_rw_imitative_visit_loss: 20.01;  G_rw_creative_walker_loss: 57.95;  G_rw_creative_visit_loss: 19.85;  D_rw_imitative_walker_loss: 4.422e-08;  D_rw_imitative_visit_loss: 20.03;  D_rw_real_walker_loss: 0.4412;  D_rw_real_visit_loss: 19.66;  rl: 100.0%;  fk: 99.9%
Evaluation took time: 18.129803895950317
Iter-2660;  Was_D: 0.5827;  Euc_ls: 0.8678;  reg_ls: 0.9545;  Wz_ls: 0.07128;  G_loss: 2.003;  D_loss_real: 2.629;  D_loss_fake: 2.047;  G_rw_imitative_walker_loss: 4.794e-08;  G_rw_imitative_visit_loss: 20.08;  G_rw_creative_walker_loss: 57.95;  G_rw_creative_visit_loss: 19.91;  D_rw_imitative_walker_loss: 3.417e-08;  D_rw_imitative_visit_loss: 20.23;  D_rw_real_walker_loss: 0.1199;  D_rw_real_visit_loss: 19.67;  rl: 100.0%;  fk: 100.0%
Iter-2680;  Was_D: 0.483;  Euc_ls: 0.9151;  reg_ls: 0.9434;  Wz_ls: 0.06974;  G_loss: 2.02;  D_loss_real: 2.109;  D_loss_fake: 1.626;  G_rw_imitative_walker_loss: 3.35e-08;  G_rw_imitative_visit_loss: 20.22;  G_rw_creative_walker_loss: 57.95;  G_rw_creative_visit_loss: 19.95;  D_rw_imitative_walker_loss: 4.388e-08;  D_rw_imitative_visit_loss: 20.23;  D_rw_real_walker_loss: 0.7067;  D_rw_real_visit_loss: 19.62;  rl: 100.0%;  fk: 100.0%
Evaluation took time: 17.734336137771606
Iter-2700;  Was_D: 0.5683;  Euc_ls: 0.9317;  reg_ls: 0.9499;  Wz_ls: 0.0714;  G_loss: 1.85;  D_loss_real: 2.554;  D_loss_fake: 1.986;  G_rw_imitative_walker_loss: 2.89e-08;  G_rw_imitative_visit_loss: 20.42;  G_rw_creative_walker_loss: 57.95;  G_rw_creative_visit_loss: 19.96;  D_rw_imitative_walker_loss: 3.379e-08;  D_rw_imitative_visit_loss: 20.07;  D_rw_real_walker_loss: 0.9383;  D_rw_real_visit_loss: 19.72;  rl: 100.0%;  fk: 100.0%
Iter-2720;  Was_D: 0.6813;  Euc_ls: 0.867;  reg_ls: 0.9412;  Wz_ls: 0.07035;  G_loss: 2.258;  D_loss_real: 2.927;  D_loss_fake: 2.246;  G_rw_imitative_walker_loss: 1.256e-07;  G_rw_imitative_visit_loss: 19.97;  G_rw_creative_walker_loss: 57.95;  G_rw_creative_visit_loss: 19.97;  D_rw_imitative_walker_loss: 4.298e-08;  D_rw_imitative_visit_loss: 19.79;  D_rw_real_walker_loss: 0.5328;  D_rw_real_visit_loss: 19.83;  rl: 100.0%;  fk: 100.0%
Evaluation took time: 17.83527398109436
Iter-2740;  Was_D: 0.6886;  Euc_ls: 0.9032;  reg_ls: 0.9441;  Wz_ls: 0.07094;  G_loss: 2.167;  D_loss_real: 2.881;  D_loss_fake: 2.193;  G_rw_imitative_walker_loss: 3.506e-08;  G_rw_imitative_visit_loss: 20.08;  G_rw_creative_walker_loss: 57.95;  G_rw_creative_visit_loss: 19.93;  D_rw_imitative_walker_loss: 3.465e-08;  D_rw_imitative_visit_loss: 20.15;  D_rw_real_walker_loss: 0.1133;  D_rw_real_visit_loss: 19.8;  rl: 100.0%;  fk: 100.0%
Iter-2760;  Was_D: 0.5824;  Euc_ls: 0.8964;  reg_ls: 0.9452;  Wz_ls: 0.0712;  G_loss: 2.059;  D_loss_real: 2.653;  D_loss_fake: 2.07;  G_rw_imitative_walker_loss: 3.126e-08;  G_rw_imitative_visit_loss: 20.48;  G_rw_creative_walker_loss: 57.95;  G_rw_creative_visit_loss: 19.85;  D_rw_imitative_walker_loss: 3.281e-08;  D_rw_imitative_visit_loss: 20.36;  D_rw_real_walker_loss: 0.7253;  D_rw_real_visit_loss: 19.76;  rl: 100.0%;  fk: 99.9%
Evaluation took time: 17.85607123374939
Iter-2780;  Was_D: 0.6704;  Euc_ls: 0.8825;  reg_ls: 0.9445;  Wz_ls: 0.07104;  G_loss: 2.186;  D_loss_real: 2.714;  D_loss_fake: 2.044;  G_rw_imitative_walker_loss: 3.378e-08;  G_rw_imitative_visit_loss: 20.32;  G_rw_creative_walker_loss: 57.95;  G_rw_creative_visit_loss: 19.94;  D_rw_imitative_walker_loss: 5.489e-08;  D_rw_imitative_visit_loss: 20.24;  D_rw_real_walker_loss: 0.2206;  D_rw_real_visit_loss: 19.76;  rl: 100.0%;  fk: 100.0%
Iter-2800;  Was_D: 0.7453;  Euc_ls: 0.8201;  reg_ls: 0.935;  Wz_ls: 0.07059;  G_loss: 2.15;  D_loss_real: 3.16;  D_loss_fake: 2.415;  G_rw_imitative_walker_loss: 4.076e-08;  G_rw_imitative_visit_loss: 20.14;  G_rw_creative_walker_loss: 57.95;  G_rw_creative_visit_loss: 19.84;  D_rw_imitative_walker_loss: 3.513e-08;  D_rw_imitative_visit_loss: 20.16;  D_rw_real_walker_loss: 0.2953;  D_rw_real_visit_loss: 19.83;  rl: 100.0%;  fk: 100.0%
Evaluation took time: 17.764830350875854
Iter-2820;  Was_D: 0.4405;  Euc_ls: 0.9898;  reg_ls: 0.936;  Wz_ls: 0.06984;  G_loss: 1.553;  D_loss_real: 2.306;  D_loss_fake: 1.865;  G_rw_imitative_walker_loss: 4.405e-08;  G_rw_imitative_visit_loss: 20.32;  G_rw_creative_walker_loss: 57.95;  G_rw_creative_visit_loss: 19.83;  D_rw_imitative_walker_loss: 3.392e-08;  D_rw_imitative_visit_loss: 20.47;  D_rw_real_walker_loss: 0.4359;  D_rw_real_visit_loss: 19.84;  rl: 100.0%;  fk: 100.0%
Iter-2840;  Was_D: 0.667;  Euc_ls: 0.8289;  reg_ls: 0.9442;  Wz_ls: 0.07082;  G_loss: 2.305;  D_loss_real: 2.894;  D_loss_fake: 2.227;  G_rw_imitative_walker_loss: 4.217e-08;  G_rw_imitative_visit_loss: 20.37;  G_rw_creative_walker_loss: 57.95;  G_rw_creative_visit_loss: 19.88;  D_rw_imitative_walker_loss: 3.366e-08;  D_rw_imitative_visit_loss: 20.22;  D_rw_real_walker_loss: 0.5425;  D_rw_real_visit_loss: 19.82;  rl: 100.0%;  fk: 99.9%
Evaluation took time: 17.72846531867981
Iter-2860;  Was_D: 0.6723;  Euc_ls: 0.8333;  reg_ls: 0.9448;  Wz_ls: 0.07107;  G_loss: 2.178;  D_loss_real: 2.406;  D_loss_fake: 1.733;  G_rw_imitative_walker_loss: 2.882e-08;  G_rw_imitative_visit_loss: 20.34;  G_rw_creative_walker_loss: 57.96;  G_rw_creative_visit_loss: 19.93;  D_rw_imitative_walker_loss: 3.439e-08;  D_rw_imitative_visit_loss: 20.32;  D_rw_real_walker_loss: 0.27;  D_rw_real_visit_loss: 19.72;  rl: 100.0%;  fk: 100.0%
Iter-2880;  Was_D: 0.71;  Euc_ls: 0.853;  reg_ls: 0.9402;  Wz_ls: 0.07082;  G_loss: 2.182;  D_loss_real: 2.828;  D_loss_fake: 2.118;  G_rw_imitative_walker_loss: 2.908e-08;  G_rw_imitative_visit_loss: 20.27;  G_rw_creative_walker_loss: 57.96;  G_rw_creative_visit_loss: 19.91;  D_rw_imitative_walker_loss: 5.146e-08;  D_rw_imitative_visit_loss: 20.2;  D_rw_real_walker_loss: 0.3009;  D_rw_real_visit_loss: 19.59;  rl: 100.0%;  fk: 100.0%
Evaluation took time: 17.852437257766724
Iter-2900;  Was_D: 0.7661;  Euc_ls: 0.8088;  reg_ls: 0.9446;  Wz_ls: 0.07211;  G_loss: 2.269;  D_loss_real: 2.954;  D_loss_fake: 2.188;  G_rw_imitative_walker_loss: 3.624e-08;  G_rw_imitative_visit_loss: 20.32;  G_rw_creative_walker_loss: 57.95;  G_rw_creative_visit_loss: 19.87;  D_rw_imitative_walker_loss: 4.042e-08;  D_rw_imitative_visit_loss: 20.28;  D_rw_real_walker_loss: 0.3428;  D_rw_real_visit_loss: 19.75;  rl: 100.0%;  fk: 100.0%
Iter-2920;  Was_D: 0.6377;  Euc_ls: 0.8649;  reg_ls: 0.9342;  Wz_ls: 0.06977;  G_loss: 2.002;  D_loss_real: 2.579;  D_loss_fake: 1.941;  G_rw_imitative_walker_loss: 3.74e-08;  G_rw_imitative_visit_loss: 20.4;  G_rw_creative_walker_loss: 57.95;  G_rw_creative_visit_loss: 19.88;  D_rw_imitative_walker_loss: 4.202e-08;  D_rw_imitative_visit_loss: 20.31;  D_rw_real_walker_loss: 0.1394;  D_rw_real_visit_loss: 19.74;  rl: 100.0%;  fk: 100.0%
Evaluation took time: 18.065212726593018
Iter-2940;  Was_D: 0.7256;  Euc_ls: 0.8678;  reg_ls: 0.9406;  Wz_ls: 0.071;  G_loss: 2.174;  D_loss_real: 2.832;  D_loss_fake: 2.106;  G_rw_imitative_walker_loss: 3.743e-08;  G_rw_imitative_visit_loss: 20.51;  G_rw_creative_walker_loss: 57.95;  G_rw_creative_visit_loss: 19.86;  D_rw_imitative_walker_loss: 3.412e-08;  D_rw_imitative_visit_loss: 20.43;  D_rw_real_walker_loss: 0.5864;  D_rw_real_visit_loss: 19.87;  rl: 100.0%;  fk: 100.0%
Iter-2960;  Was_D: 0.7193;  Euc_ls: 0.8708;  reg_ls: 0.9366;  Wz_ls: 0.07075;  G_loss: 2.173;  D_loss_real: 2.969;  D_loss_fake: 2.25;  G_rw_imitative_walker_loss: 2.786e-08;  G_rw_imitative_visit_loss: 20.56;  G_rw_creative_walker_loss: 57.95;  G_rw_creative_visit_loss: 19.85;  D_rw_imitative_walker_loss: 3.754e-08;  D_rw_imitative_visit_loss: 20.44;  D_rw_real_walker_loss: 0.2475;  D_rw_real_visit_loss: 19.86;  rl: 100.0%;  fk: 100.0%
Evaluation took time: 17.937780380249023
Iter-2980;  Was_D: 0.7612;  Euc_ls: 0.9041;  reg_ls: 0.93;  Wz_ls: 0.07042;  G_loss: 2.234;  D_loss_real: 3.064;  D_loss_fake: 2.303;  G_rw_imitative_walker_loss: 3.779e-08;  G_rw_imitative_visit_loss: 20.4;  G_rw_creative_walker_loss: 57.95;  G_rw_creative_visit_loss: 19.94;  D_rw_imitative_walker_loss: 3.002e-08;  D_rw_imitative_visit_loss: 20.4;  D_rw_real_walker_loss: 0.444;  D_rw_real_visit_loss: 19.89;  rl: 100.0%;  fk: 100.0%
Iter-3000;  Was_D: 0.7839;  Euc_ls: 0.8813;  reg_ls: 0.9218;  Wz_ls: 0.06915;  G_loss: 2.063;  D_loss_real: 2.898;  D_loss_fake: 2.114;  G_rw_imitative_walker_loss: 3.01e-08;  G_rw_imitative_visit_loss: 20.3;  G_rw_creative_walker_loss: 57.96;  G_rw_creative_visit_loss: 19.93;  D_rw_imitative_walker_loss: 2.924e-08;  D_rw_imitative_visit_loss: 20.39;  D_rw_real_walker_loss: 0.5586;  D_rw_real_visit_loss: 19.82;  rl: 100.0%;  fk: 99.9%
Evaluation took time: 18.225510358810425
===============
===============
Reproduce CUB hard
Accuracy is 15.52%, and Generalized AUC is 13.73%
