gpu502-11               Tue Jun  9 00:30:45 2020  440.33.01
[0] GeForce GTX 1080 Ti | 53'C,   0 % |     1 / 11178 MB |
Tue Jun  9 00:30:45 2020       
+-----------------------------------------------------------------------------+
| NVIDIA-SMI 440.33.01    Driver Version: 440.33.01    CUDA Version: 10.2     |
|-------------------------------+----------------------+----------------------+
| GPU  Name        Persistence-M| Bus-Id        Disp.A | Volatile Uncorr. ECC |
| Fan  Temp  Perf  Pwr:Usage/Cap|         Memory-Usage | GPU-Util  Compute M. |
|===============================+======================+======================|
|   0  GeForce GTX 108...  On   | 00000000:88:00.0 Off |                  N/A |
| 35%   53C    P0    62W / 250W |      1MiB / 11178MiB |      0%      Default |
+-------------------------------+----------------------+----------------------+
                                                                               
+-----------------------------------------------------------------------------+
| Processes:                                                       GPU Memory |
|  GPU       PID   Type   Process name                             Usage      |
|=============================================================================|
|  No running processes found                                                 |
+-----------------------------------------------------------------------------+
CLI args: --dataset NAB --splitmode easy --manualSeed 1  --rw_config.loss_weights.visit_loss 0.0 --rw_config.loss_weights.discr.imitative 1.0 --rw_config.lr 0.0005 --rw_config.loss_weights.discr.real 0.1 --rw_config.rw_params.space feature --rw_config.loss_weights.gen.imitative 2.5 --rw_config.rw_params.similarity_measure dot_product --rw_config.rw_params.class_visit_loss_coef 0.1 --rw_config.loss_weights.gen.creative 1.0 --rw_config.rw_params.dot_product_scale 1.0 --rw_config.grad_clip_value 10.0
Namespace(dataset='NAB', disp_interval=20, evl_interval=40, exp_name='Reproduce', gpu='0', is_val=False, main_dir='./', manualSeed=1, num_iterations=3000, resume=None, rw_config_path='rw_config.yml', save_interval=200, splitmode='easy')
<=========== Random Walk config ===========>
grad_clip_value: 10.0
loss_weights:
  discr:
    imitative: 1.0
    real: 0.1
  gen:
    creative: 1.0
    imitative: 2.5
  visit_loss: 0.0
lr: 0.0005
rw_params:
  class_visit_loss_coef: 0.1
  decay_coef: 0.7
  dot_product_scale: 1.0
  loss_type: cross_entropy
  n_examples_per_proto: 10
  num_steps: 3
  similarity_measure: dot_product
  space: feature
z_dim: 100

Random Seed:  1
Iter-20;  Was_D: 6.003;  Euc_ls: 6.329;  reg_ls: 5.121;  Wz_ls: 0.2714;  G_loss: 1.577;  D_loss_real: 7.718;  D_loss_fake: 1.714;  G_rw_imitative_walker_loss: 14.61;  G_rw_imitative_visit_loss: 8.081;  G_rw_creative_walker_loss: 14.64;  G_rw_creative_visit_loss: 6.908;  D_rw_imitative_walker_loss: 14.62;  D_rw_imitative_visit_loss: 8.081;  D_rw_real_walker_loss: 14.45;  D_rw_real_visit_loss: 6.909;  rl: 89.9%;  fk: 4.9%
Iter-40;  Was_D: 3.481;  Euc_ls: 5.824;  reg_ls: 4.556;  Wz_ls: 0.1869;  G_loss: 1.482;  D_loss_real: 4.724;  D_loss_fake: 1.243;  G_rw_imitative_walker_loss: 14.59;  G_rw_imitative_visit_loss: 8.081;  G_rw_creative_walker_loss: 14.64;  G_rw_creative_visit_loss: 6.908;  D_rw_imitative_walker_loss: 14.59;  D_rw_imitative_visit_loss: 8.081;  D_rw_real_walker_loss: 14.37;  D_rw_real_visit_loss: 6.908;  rl: 92.6%;  fk: 47.2%
Iter-60;  Was_D: 3.167;  Euc_ls: 5.39;  reg_ls: 4.227;  Wz_ls: 0.1405;  G_loss: 2.05;  D_loss_real: 4.872;  D_loss_fake: 1.704;  G_rw_imitative_walker_loss: 14.6;  G_rw_imitative_visit_loss: 8.081;  G_rw_creative_walker_loss: 14.64;  G_rw_creative_visit_loss: 6.908;  D_rw_imitative_walker_loss: 14.6;  D_rw_imitative_visit_loss: 8.081;  D_rw_real_walker_loss: 14.45;  D_rw_real_visit_loss: 6.908;  rl: 93.7%;  fk: 94.6%
Iter-80;  Was_D: 2.863;  Euc_ls: 5.36;  reg_ls: 3.967;  Wz_ls: 0.1175;  G_loss: 2.216;  D_loss_real: 4.828;  D_loss_fake: 1.965;  G_rw_imitative_walker_loss: 14.6;  G_rw_imitative_visit_loss: 8.08;  G_rw_creative_walker_loss: 14.64;  G_rw_creative_visit_loss: 6.908;  D_rw_imitative_walker_loss: 14.6;  D_rw_imitative_visit_loss: 8.08;  D_rw_real_walker_loss: 14.43;  D_rw_real_visit_loss: 6.908;  rl: 96.0%;  fk: 98.1%
Iter-100;  Was_D: 2.873;  Euc_ls: 5.145;  reg_ls: 3.772;  Wz_ls: 0.1113;  G_loss: 2.268;  D_loss_real: 4.87;  D_loss_fake: 1.997;  G_rw_imitative_walker_loss: 14.6;  G_rw_imitative_visit_loss: 8.08;  G_rw_creative_walker_loss: 14.64;  G_rw_creative_visit_loss: 6.908;  D_rw_imitative_walker_loss: 14.6;  D_rw_imitative_visit_loss: 8.08;  D_rw_real_walker_loss: 14.43;  D_rw_real_visit_loss: 6.908;  rl: 98.7%;  fk: 99.0%
Iter-120;  Was_D: 3.132;  Euc_ls: 4.879;  reg_ls: 3.604;  Wz_ls: 0.1094;  G_loss: 2.512;  D_loss_real: 5.637;  D_loss_fake: 2.506;  G_rw_imitative_walker_loss: 14.59;  G_rw_imitative_visit_loss: 8.08;  G_rw_creative_walker_loss: 14.64;  G_rw_creative_visit_loss: 6.908;  D_rw_imitative_walker_loss: 14.59;  D_rw_imitative_visit_loss: 8.08;  D_rw_real_walker_loss: 14.36;  D_rw_real_visit_loss: 6.908;  rl: 98.8%;  fk: 99.7%
Evaluation took time: 75.10043621063232
Iter-140;  Was_D: 3.54;  Euc_ls: 4.885;  reg_ls: 3.444;  Wz_ls: 0.1092;  G_loss: 2.148;  D_loss_real: 6.054;  D_loss_fake: 2.515;  G_rw_imitative_walker_loss: 14.58;  G_rw_imitative_visit_loss: 8.081;  G_rw_creative_walker_loss: 14.64;  G_rw_creative_visit_loss: 6.908;  D_rw_imitative_walker_loss: 14.58;  D_rw_imitative_visit_loss: 8.081;  D_rw_real_walker_loss: 14.37;  D_rw_real_visit_loss: 6.908;  rl: 99.5%;  fk: 99.6%
Iter-160;  Was_D: 3.907;  Euc_ls: 4.899;  reg_ls: 3.291;  Wz_ls: 0.1099;  G_loss: 2.219;  D_loss_real: 6.589;  D_loss_fake: 2.682;  G_rw_imitative_walker_loss: 14.59;  G_rw_imitative_visit_loss: 8.081;  G_rw_creative_walker_loss: 14.64;  G_rw_creative_visit_loss: 6.909;  D_rw_imitative_walker_loss: 14.59;  D_rw_imitative_visit_loss: 8.081;  D_rw_real_walker_loss: 14.43;  D_rw_real_visit_loss: 6.909;  rl: 99.4%;  fk: 99.8%
Evaluation took time: 74.03026676177979
Iter-180;  Was_D: 4.024;  Euc_ls: 4.403;  reg_ls: 3.146;  Wz_ls: 0.1103;  G_loss: 2.683;  D_loss_real: 6.831;  D_loss_fake: 2.807;  G_rw_imitative_walker_loss: 14.56;  G_rw_imitative_visit_loss: 8.081;  G_rw_creative_walker_loss: 14.64;  G_rw_creative_visit_loss: 6.908;  D_rw_imitative_walker_loss: 14.56;  D_rw_imitative_visit_loss: 8.081;  D_rw_real_walker_loss: 14.45;  D_rw_real_visit_loss: 6.909;  rl: 99.9%;  fk: 99.6%
Iter-200;  Was_D: 4.072;  Euc_ls: 4.329;  reg_ls: 3.023;  Wz_ls: 0.1111;  G_loss: 2.0;  D_loss_real: 6.749;  D_loss_fake: 2.677;  G_rw_imitative_walker_loss: 14.54;  G_rw_imitative_visit_loss: 8.08;  G_rw_creative_walker_loss: 14.64;  G_rw_creative_visit_loss: 6.908;  D_rw_imitative_walker_loss: 14.54;  D_rw_imitative_visit_loss: 8.08;  D_rw_real_walker_loss: 14.35;  D_rw_real_visit_loss: 6.908;  rl: 99.9%;  fk: 99.9%
Evaluation took time: 79.43642973899841
Iter-220;  Was_D: 4.148;  Euc_ls: 4.442;  reg_ls: 2.904;  Wz_ls: 0.1113;  G_loss: 2.104;  D_loss_real: 6.889;  D_loss_fake: 2.74;  G_rw_imitative_walker_loss: 14.52;  G_rw_imitative_visit_loss: 8.081;  G_rw_creative_walker_loss: 14.64;  G_rw_creative_visit_loss: 6.908;  D_rw_imitative_walker_loss: 14.52;  D_rw_imitative_visit_loss: 8.081;  D_rw_real_walker_loss: 14.33;  D_rw_real_visit_loss: 6.908;  rl: 99.9%;  fk: 99.7%
Iter-240;  Was_D: 4.333;  Euc_ls: 4.174;  reg_ls: 2.79;  Wz_ls: 0.1114;  G_loss: 2.655;  D_loss_real: 7.145;  D_loss_fake: 2.812;  G_rw_imitative_walker_loss: 14.49;  G_rw_imitative_visit_loss: 8.081;  G_rw_creative_walker_loss: 14.65;  G_rw_creative_visit_loss: 6.908;  D_rw_imitative_walker_loss: 14.49;  D_rw_imitative_visit_loss: 8.081;  D_rw_real_walker_loss: 14.31;  D_rw_real_visit_loss: 6.908;  rl: 100.0%;  fk: 99.7%
Evaluation took time: 75.21348428726196
Iter-260;  Was_D: 4.553;  Euc_ls: 4.341;  reg_ls: 2.689;  Wz_ls: 0.1119;  G_loss: 2.431;  D_loss_real: 7.285;  D_loss_fake: 2.732;  G_rw_imitative_walker_loss: 14.52;  G_rw_imitative_visit_loss: 8.081;  G_rw_creative_walker_loss: 14.65;  G_rw_creative_visit_loss: 6.908;  D_rw_imitative_walker_loss: 14.52;  D_rw_imitative_visit_loss: 8.081;  D_rw_real_walker_loss: 14.36;  D_rw_real_visit_loss: 6.91;  rl: 100.0%;  fk: 99.9%
Iter-280;  Was_D: 4.63;  Euc_ls: 4.091;  reg_ls: 2.595;  Wz_ls: 0.1124;  G_loss: 3.522;  D_loss_real: 7.943;  D_loss_fake: 3.313;  G_rw_imitative_walker_loss: 14.44;  G_rw_imitative_visit_loss: 8.08;  G_rw_creative_walker_loss: 14.64;  G_rw_creative_visit_loss: 6.908;  D_rw_imitative_walker_loss: 14.44;  D_rw_imitative_visit_loss: 8.08;  D_rw_real_walker_loss: 14.29;  D_rw_real_visit_loss: 6.908;  rl: 100.0%;  fk: 99.8%
Evaluation took time: 74.9732768535614
Iter-300;  Was_D: 4.837;  Euc_ls: 4.053;  reg_ls: 2.517;  Wz_ls: 0.1137;  G_loss: 2.923;  D_loss_real: 7.824;  D_loss_fake: 2.987;  G_rw_imitative_walker_loss: 14.44;  G_rw_imitative_visit_loss: 8.08;  G_rw_creative_walker_loss: 14.66;  G_rw_creative_visit_loss: 6.908;  D_rw_imitative_walker_loss: 14.44;  D_rw_imitative_visit_loss: 8.08;  D_rw_real_walker_loss: 14.31;  D_rw_real_visit_loss: 6.908;  rl: 100.0%;  fk: 99.7%
Iter-320;  Was_D: 4.813;  Euc_ls: 3.998;  reg_ls: 2.434;  Wz_ls: 0.1131;  G_loss: 3.119;  D_loss_real: 7.997;  D_loss_fake: 3.184;  G_rw_imitative_walker_loss: 14.42;  G_rw_imitative_visit_loss: 8.08;  G_rw_creative_walker_loss: 14.66;  G_rw_creative_visit_loss: 6.908;  D_rw_imitative_walker_loss: 14.42;  D_rw_imitative_visit_loss: 8.08;  D_rw_real_walker_loss: 14.26;  D_rw_real_visit_loss: 6.908;  rl: 100.0%;  fk: 100.0%
Evaluation took time: 75.142165184021
Iter-340;  Was_D: 4.925;  Euc_ls: 3.974;  reg_ls: 2.367;  Wz_ls: 0.1137;  G_loss: 3.057;  D_loss_real: 8.197;  D_loss_fake: 3.272;  G_rw_imitative_walker_loss: 14.4;  G_rw_imitative_visit_loss: 8.08;  G_rw_creative_walker_loss: 14.65;  G_rw_creative_visit_loss: 6.908;  D_rw_imitative_walker_loss: 14.4;  D_rw_imitative_visit_loss: 8.08;  D_rw_real_walker_loss: 14.34;  D_rw_real_visit_loss: 6.908;  rl: 99.8%;  fk: 100.0%
Iter-360;  Was_D: 4.793;  Euc_ls: 4.005;  reg_ls: 2.296;  Wz_ls: 0.113;  G_loss: 3.477;  D_loss_real: 7.968;  D_loss_fake: 3.174;  G_rw_imitative_walker_loss: 14.4;  G_rw_imitative_visit_loss: 8.08;  G_rw_creative_walker_loss: 14.65;  G_rw_creative_visit_loss: 6.908;  D_rw_imitative_walker_loss: 14.4;  D_rw_imitative_visit_loss: 8.08;  D_rw_real_walker_loss: 14.32;  D_rw_real_visit_loss: 6.908;  rl: 100.0%;  fk: 100.0%
Evaluation took time: 74.26747012138367
Iter-380;  Was_D: 4.873;  Euc_ls: 3.855;  reg_ls: 2.242;  Wz_ls: 0.1138;  G_loss: 3.482;  D_loss_real: 8.428;  D_loss_fake: 3.555;  G_rw_imitative_walker_loss: 14.41;  G_rw_imitative_visit_loss: 8.08;  G_rw_creative_walker_loss: 14.65;  G_rw_creative_visit_loss: 6.908;  D_rw_imitative_walker_loss: 14.41;  D_rw_imitative_visit_loss: 8.08;  D_rw_real_walker_loss: 14.3;  D_rw_real_visit_loss: 6.908;  rl: 100.0%;  fk: 100.0%
Iter-400;  Was_D: 4.982;  Euc_ls: 3.706;  reg_ls: 2.189;  Wz_ls: 0.1144;  G_loss: 3.031;  D_loss_real: 8.345;  D_loss_fake: 3.363;  G_rw_imitative_walker_loss: 14.44;  G_rw_imitative_visit_loss: 8.08;  G_rw_creative_walker_loss: 14.66;  G_rw_creative_visit_loss: 6.909;  D_rw_imitative_walker_loss: 14.44;  D_rw_imitative_visit_loss: 8.08;  D_rw_real_walker_loss: 14.27;  D_rw_real_visit_loss: 6.908;  rl: 100.0%;  fk: 99.9%
Evaluation took time: 75.45678973197937
Iter-420;  Was_D: 5.185;  Euc_ls: 3.753;  reg_ls: 2.145;  Wz_ls: 0.1144;  G_loss: 3.551;  D_loss_real: 8.752;  D_loss_fake: 3.567;  G_rw_imitative_walker_loss: 14.38;  G_rw_imitative_visit_loss: 8.08;  G_rw_creative_walker_loss: 14.65;  G_rw_creative_visit_loss: 6.908;  D_rw_imitative_walker_loss: 14.38;  D_rw_imitative_visit_loss: 8.08;  D_rw_real_walker_loss: 14.29;  D_rw_real_visit_loss: 6.908;  rl: 99.9%;  fk: 100.0%
Iter-440;  Was_D: 5.306;  Euc_ls: 3.798;  reg_ls: 2.097;  Wz_ls: 0.1146;  G_loss: 3.448;  D_loss_real: 8.802;  D_loss_fake: 3.495;  G_rw_imitative_walker_loss: 14.38;  G_rw_imitative_visit_loss: 8.08;  G_rw_creative_walker_loss: 14.66;  G_rw_creative_visit_loss: 6.909;  D_rw_imitative_walker_loss: 14.38;  D_rw_imitative_visit_loss: 8.08;  D_rw_real_walker_loss: 14.24;  D_rw_real_visit_loss: 6.908;  rl: 100.0%;  fk: 100.0%
Evaluation took time: 73.9356119632721
Iter-460;  Was_D: 5.137;  Euc_ls: 3.631;  reg_ls: 2.052;  Wz_ls: 0.1137;  G_loss: 3.543;  D_loss_real: 8.701;  D_loss_fake: 3.564;  G_rw_imitative_walker_loss: 14.38;  G_rw_imitative_visit_loss: 8.08;  G_rw_creative_walker_loss: 14.65;  G_rw_creative_visit_loss: 6.908;  D_rw_imitative_walker_loss: 14.38;  D_rw_imitative_visit_loss: 8.08;  D_rw_real_walker_loss: 14.22;  D_rw_real_visit_loss: 6.908;  rl: 100.0%;  fk: 100.0%
Iter-480;  Was_D: 5.2;  Euc_ls: 3.608;  reg_ls: 2.024;  Wz_ls: 0.1148;  G_loss: 3.801;  D_loss_real: 9.017;  D_loss_fake: 3.817;  G_rw_imitative_walker_loss: 14.38;  G_rw_imitative_visit_loss: 8.08;  G_rw_creative_walker_loss: 14.66;  G_rw_creative_visit_loss: 6.909;  D_rw_imitative_walker_loss: 14.38;  D_rw_imitative_visit_loss: 8.08;  D_rw_real_walker_loss: 14.3;  D_rw_real_visit_loss: 6.908;  rl: 100.0%;  fk: 100.0%
Evaluation took time: 74.59696125984192
Iter-500;  Was_D: 5.191;  Euc_ls: 3.546;  reg_ls: 1.997;  Wz_ls: 0.115;  G_loss: 3.537;  D_loss_real: 8.835;  D_loss_fake: 3.644;  G_rw_imitative_walker_loss: 14.39;  G_rw_imitative_visit_loss: 8.08;  G_rw_creative_walker_loss: 14.65;  G_rw_creative_visit_loss: 6.908;  D_rw_imitative_walker_loss: 14.39;  D_rw_imitative_visit_loss: 8.08;  D_rw_real_walker_loss: 14.27;  D_rw_real_visit_loss: 6.908;  rl: 100.0%;  fk: 99.9%
Iter-520;  Was_D: 5.191;  Euc_ls: 3.466;  reg_ls: 1.974;  Wz_ls: 0.1159;  G_loss: 3.583;  D_loss_real: 8.688;  D_loss_fake: 3.497;  G_rw_imitative_walker_loss: 14.38;  G_rw_imitative_visit_loss: 8.08;  G_rw_creative_walker_loss: 14.65;  G_rw_creative_visit_loss: 6.908;  D_rw_imitative_walker_loss: 14.38;  D_rw_imitative_visit_loss: 8.08;  D_rw_real_walker_loss: 14.26;  D_rw_real_visit_loss: 6.908;  rl: 100.0%;  fk: 100.0%
Evaluation took time: 74.07049703598022
Iter-540;  Was_D: 5.119;  Euc_ls: 3.482;  reg_ls: 1.941;  Wz_ls: 0.1149;  G_loss: 3.388;  D_loss_real: 8.65;  D_loss_fake: 3.531;  G_rw_imitative_walker_loss: 14.4;  G_rw_imitative_visit_loss: 8.08;  G_rw_creative_walker_loss: 14.66;  G_rw_creative_visit_loss: 6.909;  D_rw_imitative_walker_loss: 14.4;  D_rw_imitative_visit_loss: 8.08;  D_rw_real_walker_loss: 14.25;  D_rw_real_visit_loss: 6.908;  rl: 100.0%;  fk: 100.0%
Iter-560;  Was_D: 5.464;  Euc_ls: 3.561;  reg_ls: 1.917;  Wz_ls: 0.1156;  G_loss: 3.197;  D_loss_real: 8.865;  D_loss_fake: 3.401;  G_rw_imitative_walker_loss: 14.37;  G_rw_imitative_visit_loss: 8.08;  G_rw_creative_walker_loss: 14.66;  G_rw_creative_visit_loss: 6.909;  D_rw_imitative_walker_loss: 14.37;  D_rw_imitative_visit_loss: 8.08;  D_rw_real_walker_loss: 14.29;  D_rw_real_visit_loss: 6.908;  rl: 100.0%;  fk: 100.0%
Evaluation took time: 79.65261888504028
Iter-580;  Was_D: 5.426;  Euc_ls: 3.591;  reg_ls: 1.904;  Wz_ls: 0.116;  G_loss: 3.318;  D_loss_real: 8.847;  D_loss_fake: 3.422;  G_rw_imitative_walker_loss: 14.39;  G_rw_imitative_visit_loss: 8.08;  G_rw_creative_walker_loss: 14.66;  G_rw_creative_visit_loss: 6.909;  D_rw_imitative_walker_loss: 14.39;  D_rw_imitative_visit_loss: 8.08;  D_rw_real_walker_loss: 14.36;  D_rw_real_visit_loss: 6.908;  rl: 100.0%;  fk: 100.0%
Iter-600;  Was_D: 5.256;  Euc_ls: 3.253;  reg_ls: 1.894;  Wz_ls: 0.1164;  G_loss: 3.627;  D_loss_real: 8.879;  D_loss_fake: 3.622;  G_rw_imitative_walker_loss: 14.37;  G_rw_imitative_visit_loss: 8.08;  G_rw_creative_walker_loss: 14.65;  G_rw_creative_visit_loss: 6.908;  D_rw_imitative_walker_loss: 14.37;  D_rw_imitative_visit_loss: 8.08;  D_rw_real_walker_loss: 14.24;  D_rw_real_visit_loss: 6.908;  rl: 100.0%;  fk: 99.9%
Evaluation took time: 74.39862823486328
Iter-620;  Was_D: 5.358;  Euc_ls: 3.319;  reg_ls: 1.88;  Wz_ls: 0.1166;  G_loss: 3.614;  D_loss_real: 8.833;  D_loss_fake: 3.475;  G_rw_imitative_walker_loss: 14.38;  G_rw_imitative_visit_loss: 8.08;  G_rw_creative_walker_loss: 14.65;  G_rw_creative_visit_loss: 6.908;  D_rw_imitative_walker_loss: 14.38;  D_rw_imitative_visit_loss: 8.08;  D_rw_real_walker_loss: 14.25;  D_rw_real_visit_loss: 6.908;  rl: 100.0%;  fk: 100.0%
Iter-640;  Was_D: 5.573;  Euc_ls: 3.286;  reg_ls: 1.857;  Wz_ls: 0.1163;  G_loss: 3.6;  D_loss_real: 9.183;  D_loss_fake: 3.61;  G_rw_imitative_walker_loss: 14.4;  G_rw_imitative_visit_loss: 8.08;  G_rw_creative_walker_loss: 14.66;  G_rw_creative_visit_loss: 6.909;  D_rw_imitative_walker_loss: 14.4;  D_rw_imitative_visit_loss: 8.08;  D_rw_real_walker_loss: 14.34;  D_rw_real_visit_loss: 6.908;  rl: 100.0%;  fk: 100.0%
Evaluation took time: 74.11920738220215
Iter-660;  Was_D: 5.332;  Euc_ls: 3.235;  reg_ls: 1.851;  Wz_ls: 0.1162;  G_loss: 3.236;  D_loss_real: 8.67;  D_loss_fake: 3.338;  G_rw_imitative_walker_loss: 14.37;  G_rw_imitative_visit_loss: 8.08;  G_rw_creative_walker_loss: 14.65;  G_rw_creative_visit_loss: 6.908;  D_rw_imitative_walker_loss: 14.38;  D_rw_imitative_visit_loss: 8.08;  D_rw_real_walker_loss: 14.25;  D_rw_real_visit_loss: 6.908;  rl: 100.0%;  fk: 100.0%
Iter-680;  Was_D: 5.511;  Euc_ls: 3.394;  reg_ls: 1.839;  Wz_ls: 0.116;  G_loss: 3.433;  D_loss_real: 9.124;  D_loss_fake: 3.613;  G_rw_imitative_walker_loss: 14.38;  G_rw_imitative_visit_loss: 8.08;  G_rw_creative_walker_loss: 14.66;  G_rw_creative_visit_loss: 6.909;  D_rw_imitative_walker_loss: 14.39;  D_rw_imitative_visit_loss: 8.08;  D_rw_real_walker_loss: 14.23;  D_rw_real_visit_loss: 6.908;  rl: 100.0%;  fk: 100.0%
Evaluation took time: 73.71950578689575
Iter-700;  Was_D: 5.45;  Euc_ls: 3.143;  reg_ls: 1.837;  Wz_ls: 0.1161;  G_loss: 3.602;  D_loss_real: 9.014;  D_loss_fake: 3.564;  G_rw_imitative_walker_loss: 14.37;  G_rw_imitative_visit_loss: 8.08;  G_rw_creative_walker_loss: 14.65;  G_rw_creative_visit_loss: 6.908;  D_rw_imitative_walker_loss: 14.37;  D_rw_imitative_visit_loss: 8.08;  D_rw_real_walker_loss: 14.2;  D_rw_real_visit_loss: 6.908;  rl: 100.0%;  fk: 100.0%
Iter-720;  Was_D: 5.331;  Euc_ls: 3.337;  reg_ls: 1.83;  Wz_ls: 0.1163;  G_loss: 3.568;  D_loss_real: 8.935;  D_loss_fake: 3.604;  G_rw_imitative_walker_loss: 14.38;  G_rw_imitative_visit_loss: 8.08;  G_rw_creative_walker_loss: 14.65;  G_rw_creative_visit_loss: 6.908;  D_rw_imitative_walker_loss: 14.38;  D_rw_imitative_visit_loss: 8.08;  D_rw_real_walker_loss: 14.27;  D_rw_real_visit_loss: 6.908;  rl: 100.0%;  fk: 99.8%
Evaluation took time: 74.86349177360535
Iter-740;  Was_D: 5.397;  Euc_ls: 3.418;  reg_ls: 1.837;  Wz_ls: 0.1181;  G_loss: 3.745;  D_loss_real: 8.964;  D_loss_fake: 3.566;  G_rw_imitative_walker_loss: 14.37;  G_rw_imitative_visit_loss: 8.08;  G_rw_creative_walker_loss: 14.65;  G_rw_creative_visit_loss: 6.908;  D_rw_imitative_walker_loss: 14.37;  D_rw_imitative_visit_loss: 8.08;  D_rw_real_walker_loss: 14.28;  D_rw_real_visit_loss: 6.908;  rl: 100.0%;  fk: 100.0%
Iter-760;  Was_D: 5.33;  Euc_ls: 3.238;  reg_ls: 1.826;  Wz_ls: 0.1171;  G_loss: 3.443;  D_loss_real: 8.815;  D_loss_fake: 3.485;  G_rw_imitative_walker_loss: 14.37;  G_rw_imitative_visit_loss: 8.08;  G_rw_creative_walker_loss: 14.65;  G_rw_creative_visit_loss: 6.908;  D_rw_imitative_walker_loss: 14.37;  D_rw_imitative_visit_loss: 8.08;  D_rw_real_walker_loss: 14.24;  D_rw_real_visit_loss: 6.908;  rl: 99.9%;  fk: 99.9%
Evaluation took time: 74.47172093391418
Iter-780;  Was_D: 5.309;  Euc_ls: 3.321;  reg_ls: 1.822;  Wz_ls: 0.1173;  G_loss: 3.4;  D_loss_real: 8.824;  D_loss_fake: 3.516;  G_rw_imitative_walker_loss: 14.37;  G_rw_imitative_visit_loss: 8.08;  G_rw_creative_walker_loss: 14.66;  G_rw_creative_visit_loss: 6.908;  D_rw_imitative_walker_loss: 14.37;  D_rw_imitative_visit_loss: 8.08;  D_rw_real_walker_loss: 14.24;  D_rw_real_visit_loss: 6.908;  rl: 99.9%;  fk: 99.9%
Iter-800;  Was_D: 5.446;  Euc_ls: 3.019;  reg_ls: 1.821;  Wz_ls: 0.1182;  G_loss: 3.639;  D_loss_real: 8.977;  D_loss_fake: 3.532;  G_rw_imitative_walker_loss: 14.37;  G_rw_imitative_visit_loss: 8.08;  G_rw_creative_walker_loss: 14.65;  G_rw_creative_visit_loss: 6.908;  D_rw_imitative_walker_loss: 14.37;  D_rw_imitative_visit_loss: 8.08;  D_rw_real_walker_loss: 14.24;  D_rw_real_visit_loss: 6.908;  rl: 100.0%;  fk: 99.9%
Evaluation took time: 74.45441007614136
Iter-820;  Was_D: 5.673;  Euc_ls: 3.207;  reg_ls: 1.821;  Wz_ls: 0.1185;  G_loss: 3.259;  D_loss_real: 9.041;  D_loss_fake: 3.367;  G_rw_imitative_walker_loss: 14.38;  G_rw_imitative_visit_loss: 8.08;  G_rw_creative_walker_loss: 14.65;  G_rw_creative_visit_loss: 6.909;  D_rw_imitative_walker_loss: 14.38;  D_rw_imitative_visit_loss: 8.08;  D_rw_real_walker_loss: 14.26;  D_rw_real_visit_loss: 6.908;  rl: 100.0%;  fk: 100.0%
Iter-840;  Was_D: 5.509;  Euc_ls: 3.094;  reg_ls: 1.821;  Wz_ls: 0.1187;  G_loss: 3.59;  D_loss_real: 9.005;  D_loss_fake: 3.497;  G_rw_imitative_walker_loss: 14.37;  G_rw_imitative_visit_loss: 8.08;  G_rw_creative_walker_loss: 14.65;  G_rw_creative_visit_loss: 6.908;  D_rw_imitative_walker_loss: 14.37;  D_rw_imitative_visit_loss: 8.08;  D_rw_real_walker_loss: 14.22;  D_rw_real_visit_loss: 6.908;  rl: 100.0%;  fk: 100.0%
Evaluation took time: 74.15667414665222
Iter-860;  Was_D: 5.488;  Euc_ls: 3.355;  reg_ls: 1.816;  Wz_ls: 0.1175;  G_loss: 3.261;  D_loss_real: 8.93;  D_loss_fake: 3.442;  G_rw_imitative_walker_loss: 14.37;  G_rw_imitative_visit_loss: 8.08;  G_rw_creative_walker_loss: 14.65;  G_rw_creative_visit_loss: 6.908;  D_rw_imitative_walker_loss: 14.37;  D_rw_imitative_visit_loss: 8.08;  D_rw_real_walker_loss: 14.24;  D_rw_real_visit_loss: 6.908;  rl: 100.0%;  fk: 100.0%
Iter-880;  Was_D: 5.504;  Euc_ls: 3.016;  reg_ls: 1.814;  Wz_ls: 0.118;  G_loss: 3.257;  D_loss_real: 8.913;  D_loss_fake: 3.409;  G_rw_imitative_walker_loss: 14.36;  G_rw_imitative_visit_loss: 8.08;  G_rw_creative_walker_loss: 14.65;  G_rw_creative_visit_loss: 6.908;  D_rw_imitative_walker_loss: 14.36;  D_rw_imitative_visit_loss: 8.08;  D_rw_real_walker_loss: 14.24;  D_rw_real_visit_loss: 6.908;  rl: 100.0%;  fk: 100.0%
Evaluation took time: 74.29979276657104
Iter-900;  Was_D: 5.369;  Euc_ls: 3.136;  reg_ls: 1.82;  Wz_ls: 0.1184;  G_loss: 3.414;  D_loss_real: 8.792;  D_loss_fake: 3.423;  G_rw_imitative_walker_loss: 14.37;  G_rw_imitative_visit_loss: 8.08;  G_rw_creative_walker_loss: 14.65;  G_rw_creative_visit_loss: 6.908;  D_rw_imitative_walker_loss: 14.37;  D_rw_imitative_visit_loss: 8.08;  D_rw_real_walker_loss: 14.16;  D_rw_real_visit_loss: 6.908;  rl: 100.0%;  fk: 100.0%
Iter-920;  Was_D: 5.704;  Euc_ls: 3.341;  reg_ls: 1.815;  Wz_ls: 0.1175;  G_loss: 3.113;  D_loss_real: 8.975;  D_loss_fake: 3.272;  G_rw_imitative_walker_loss: 14.37;  G_rw_imitative_visit_loss: 8.08;  G_rw_creative_walker_loss: 14.66;  G_rw_creative_visit_loss: 6.909;  D_rw_imitative_walker_loss: 14.37;  D_rw_imitative_visit_loss: 8.08;  D_rw_real_walker_loss: 14.21;  D_rw_real_visit_loss: 6.908;  rl: 100.0%;  fk: 100.0%
Evaluation took time: 73.8026180267334
Iter-940;  Was_D: 5.404;  Euc_ls: 3.293;  reg_ls: 1.819;  Wz_ls: 0.1177;  G_loss: 3.47;  D_loss_real: 8.853;  D_loss_fake: 3.45;  G_rw_imitative_walker_loss: 14.37;  G_rw_imitative_visit_loss: 8.08;  G_rw_creative_walker_loss: 14.65;  G_rw_creative_visit_loss: 6.908;  D_rw_imitative_walker_loss: 14.37;  D_rw_imitative_visit_loss: 8.08;  D_rw_real_walker_loss: 14.18;  D_rw_real_visit_loss: 6.908;  rl: 100.0%;  fk: 100.0%
Iter-960;  Was_D: 5.678;  Euc_ls: 2.962;  reg_ls: 1.822;  Wz_ls: 0.1179;  G_loss: 3.393;  D_loss_real: 9.185;  D_loss_fake: 3.507;  G_rw_imitative_walker_loss: 14.36;  G_rw_imitative_visit_loss: 8.08;  G_rw_creative_walker_loss: 14.65;  G_rw_creative_visit_loss: 6.908;  D_rw_imitative_walker_loss: 14.36;  D_rw_imitative_visit_loss: 8.08;  D_rw_real_walker_loss: 14.27;  D_rw_real_visit_loss: 6.908;  rl: 99.9%;  fk: 100.0%
Evaluation took time: 73.8588502407074
Iter-980;  Was_D: 5.384;  Euc_ls: 3.142;  reg_ls: 1.827;  Wz_ls: 0.1187;  G_loss: 3.406;  D_loss_real: 8.799;  D_loss_fake: 3.415;  G_rw_imitative_walker_loss: 14.36;  G_rw_imitative_visit_loss: 8.08;  G_rw_creative_walker_loss: 14.65;  G_rw_creative_visit_loss: 6.908;  D_rw_imitative_walker_loss: 14.36;  D_rw_imitative_visit_loss: 8.08;  D_rw_real_walker_loss: 14.24;  D_rw_real_visit_loss: 6.908;  rl: 100.0%;  fk: 100.0%
Iter-1000;  Was_D: 5.461;  Euc_ls: 3.117;  reg_ls: 1.835;  Wz_ls: 0.1196;  G_loss: 3.364;  D_loss_real: 8.925;  D_loss_fake: 3.464;  G_rw_imitative_walker_loss: 14.36;  G_rw_imitative_visit_loss: 8.08;  G_rw_creative_walker_loss: 14.65;  G_rw_creative_visit_loss: 6.908;  D_rw_imitative_walker_loss: 14.36;  D_rw_imitative_visit_loss: 8.08;  D_rw_real_walker_loss: 14.28;  D_rw_real_visit_loss: 6.908;  rl: 100.0%;  fk: 100.0%
Evaluation took time: 74.0395815372467
Iter-1020;  Was_D: 5.37;  Euc_ls: 3.169;  reg_ls: 1.834;  Wz_ls: 0.1194;  G_loss: 3.38;  D_loss_real: 8.69;  D_loss_fake: 3.32;  G_rw_imitative_walker_loss: 14.36;  G_rw_imitative_visit_loss: 8.08;  G_rw_creative_walker_loss: 14.65;  G_rw_creative_visit_loss: 6.908;  D_rw_imitative_walker_loss: 14.36;  D_rw_imitative_visit_loss: 8.08;  D_rw_real_walker_loss: 14.27;  D_rw_real_visit_loss: 6.908;  rl: 100.0%;  fk: 100.0%
Iter-1040;  Was_D: 5.425;  Euc_ls: 3.245;  reg_ls: 1.831;  Wz_ls: 0.118;  G_loss: 3.108;  D_loss_real: 8.546;  D_loss_fake: 3.122;  G_rw_imitative_walker_loss: 14.37;  G_rw_imitative_visit_loss: 8.08;  G_rw_creative_walker_loss: 14.65;  G_rw_creative_visit_loss: 6.908;  D_rw_imitative_walker_loss: 14.37;  D_rw_imitative_visit_loss: 8.08;  D_rw_real_walker_loss: 14.28;  D_rw_real_visit_loss: 6.908;  rl: 100.0%;  fk: 99.9%
Evaluation took time: 79.6119294166565
Iter-1060;  Was_D: 5.425;  Euc_ls: 3.056;  reg_ls: 1.834;  Wz_ls: 0.1176;  G_loss: 3.468;  D_loss_real: 8.864;  D_loss_fake: 3.44;  G_rw_imitative_walker_loss: 14.36;  G_rw_imitative_visit_loss: 8.08;  G_rw_creative_walker_loss: 14.65;  G_rw_creative_visit_loss: 6.908;  D_rw_imitative_walker_loss: 14.36;  D_rw_imitative_visit_loss: 8.08;  D_rw_real_walker_loss: 14.26;  D_rw_real_visit_loss: 6.908;  rl: 100.0%;  fk: 100.0%
Iter-1080;  Was_D: 5.5;  Euc_ls: 3.221;  reg_ls: 1.832;  Wz_ls: 0.1173;  G_loss: 3.457;  D_loss_real: 9.057;  D_loss_fake: 3.557;  G_rw_imitative_walker_loss: 14.36;  G_rw_imitative_visit_loss: 8.08;  G_rw_creative_walker_loss: 14.65;  G_rw_creative_visit_loss: 6.909;  D_rw_imitative_walker_loss: 14.36;  D_rw_imitative_visit_loss: 8.08;  D_rw_real_walker_loss: 14.25;  D_rw_real_visit_loss: 6.908;  rl: 100.0%;  fk: 100.0%
Evaluation took time: 75.20981025695801
Iter-1100;  Was_D: 5.402;  Euc_ls: 3.279;  reg_ls: 1.838;  Wz_ls: 0.1176;  G_loss: 2.994;  D_loss_real: 8.462;  D_loss_fake: 3.06;  G_rw_imitative_walker_loss: 14.38;  G_rw_imitative_visit_loss: 8.08;  G_rw_creative_walker_loss: 14.66;  G_rw_creative_visit_loss: 6.909;  D_rw_imitative_walker_loss: 14.38;  D_rw_imitative_visit_loss: 8.08;  D_rw_real_walker_loss: 14.27;  D_rw_real_visit_loss: 6.908;  rl: 100.0%;  fk: 100.0%
Iter-1120;  Was_D: 5.446;  Euc_ls: 3.29;  reg_ls: 1.837;  Wz_ls: 0.1174;  G_loss: 3.455;  D_loss_real: 8.652;  D_loss_fake: 3.206;  G_rw_imitative_walker_loss: 14.36;  G_rw_imitative_visit_loss: 8.08;  G_rw_creative_walker_loss: 14.65;  G_rw_creative_visit_loss: 6.908;  D_rw_imitative_walker_loss: 14.36;  D_rw_imitative_visit_loss: 8.08;  D_rw_real_walker_loss: 14.21;  D_rw_real_visit_loss: 6.908;  rl: 100.0%;  fk: 99.9%
Evaluation took time: 79.77288866043091
Iter-1140;  Was_D: 5.495;  Euc_ls: 3.23;  reg_ls: 1.843;  Wz_ls: 0.118;  G_loss: 3.037;  D_loss_real: 8.566;  D_loss_fake: 3.071;  G_rw_imitative_walker_loss: 14.38;  G_rw_imitative_visit_loss: 8.08;  G_rw_creative_walker_loss: 14.66;  G_rw_creative_visit_loss: 6.909;  D_rw_imitative_walker_loss: 14.38;  D_rw_imitative_visit_loss: 8.08;  D_rw_real_walker_loss: 14.23;  D_rw_real_visit_loss: 6.908;  rl: 100.0%;  fk: 99.9%
Iter-1160;  Was_D: 5.464;  Euc_ls: 2.874;  reg_ls: 1.854;  Wz_ls: 0.1193;  G_loss: 3.521;  D_loss_real: 8.827;  D_loss_fake: 3.363;  G_rw_imitative_walker_loss: 14.36;  G_rw_imitative_visit_loss: 8.08;  G_rw_creative_walker_loss: 14.65;  G_rw_creative_visit_loss: 6.908;  D_rw_imitative_walker_loss: 14.36;  D_rw_imitative_visit_loss: 8.08;  D_rw_real_walker_loss: 14.28;  D_rw_real_visit_loss: 6.908;  rl: 100.0%;  fk: 100.0%
Evaluation took time: 74.28945922851562
Iter-1180;  Was_D: 5.537;  Euc_ls: 3.094;  reg_ls: 1.853;  Wz_ls: 0.1191;  G_loss: 3.354;  D_loss_real: 8.9;  D_loss_fake: 3.363;  G_rw_imitative_walker_loss: 14.37;  G_rw_imitative_visit_loss: 8.08;  G_rw_creative_walker_loss: 14.65;  G_rw_creative_visit_loss: 6.909;  D_rw_imitative_walker_loss: 14.37;  D_rw_imitative_visit_loss: 8.08;  D_rw_real_walker_loss: 14.24;  D_rw_real_visit_loss: 6.908;  rl: 99.8%;  fk: 99.9%
Iter-1200;  Was_D: 5.723;  Euc_ls: 3.081;  reg_ls: 1.851;  Wz_ls: 0.1188;  G_loss: 2.974;  D_loss_real: 8.789;  D_loss_fake: 3.065;  G_rw_imitative_walker_loss: 14.38;  G_rw_imitative_visit_loss: 8.08;  G_rw_creative_walker_loss: 14.66;  G_rw_creative_visit_loss: 6.908;  D_rw_imitative_walker_loss: 14.39;  D_rw_imitative_visit_loss: 8.08;  D_rw_real_walker_loss: 14.21;  D_rw_real_visit_loss: 6.908;  rl: 100.0%;  fk: 100.0%
Evaluation took time: 74.09787130355835
Iter-1220;  Was_D: 5.361;  Euc_ls: 3.188;  reg_ls: 1.865;  Wz_ls: 0.1187;  G_loss: 3.296;  D_loss_real: 8.551;  D_loss_fake: 3.19;  G_rw_imitative_walker_loss: 14.37;  G_rw_imitative_visit_loss: 8.08;  G_rw_creative_walker_loss: 14.65;  G_rw_creative_visit_loss: 6.909;  D_rw_imitative_walker_loss: 14.37;  D_rw_imitative_visit_loss: 8.08;  D_rw_real_walker_loss: 14.2;  D_rw_real_visit_loss: 6.908;  rl: 100.0%;  fk: 100.0%
Iter-1240;  Was_D: 5.413;  Euc_ls: 3.051;  reg_ls: 1.868;  Wz_ls: 0.1187;  G_loss: 2.911;  D_loss_real: 8.561;  D_loss_fake: 3.148;  G_rw_imitative_walker_loss: 14.37;  G_rw_imitative_visit_loss: 8.08;  G_rw_creative_walker_loss: 14.65;  G_rw_creative_visit_loss: 6.909;  D_rw_imitative_walker_loss: 14.37;  D_rw_imitative_visit_loss: 8.08;  D_rw_real_walker_loss: 14.27;  D_rw_real_visit_loss: 6.908;  rl: 100.0%;  fk: 100.0%
Evaluation took time: 74.25238251686096
Iter-1260;  Was_D: 5.306;  Euc_ls: 3.09;  reg_ls: 1.872;  Wz_ls: 0.1188;  G_loss: 3.124;  D_loss_real: 8.454;  D_loss_fake: 3.148;  G_rw_imitative_walker_loss: 14.36;  G_rw_imitative_visit_loss: 8.08;  G_rw_creative_walker_loss: 14.65;  G_rw_creative_visit_loss: 6.909;  D_rw_imitative_walker_loss: 14.36;  D_rw_imitative_visit_loss: 8.08;  D_rw_real_walker_loss: 14.18;  D_rw_real_visit_loss: 6.908;  rl: 100.0%;  fk: 99.9%
Iter-1280;  Was_D: 5.448;  Euc_ls: 3.213;  reg_ls: 1.87;  Wz_ls: 0.1185;  G_loss: 2.971;  D_loss_real: 8.651;  D_loss_fake: 3.202;  G_rw_imitative_walker_loss: 14.37;  G_rw_imitative_visit_loss: 8.08;  G_rw_creative_walker_loss: 14.66;  G_rw_creative_visit_loss: 6.909;  D_rw_imitative_walker_loss: 14.37;  D_rw_imitative_visit_loss: 8.08;  D_rw_real_walker_loss: 14.22;  D_rw_real_visit_loss: 6.908;  rl: 100.0%;  fk: 100.0%
Evaluation took time: 74.72273015975952
Iter-1300;  Was_D: 5.382;  Euc_ls: 3.138;  reg_ls: 1.882;  Wz_ls: 0.1195;  G_loss: 3.081;  D_loss_real: 8.464;  D_loss_fake: 3.082;  G_rw_imitative_walker_loss: 14.36;  G_rw_imitative_visit_loss: 8.08;  G_rw_creative_walker_loss: 14.65;  G_rw_creative_visit_loss: 6.908;  D_rw_imitative_walker_loss: 14.36;  D_rw_imitative_visit_loss: 8.08;  D_rw_real_walker_loss: 14.24;  D_rw_real_visit_loss: 6.908;  rl: 100.0%;  fk: 99.9%
Iter-1320;  Was_D: 5.423;  Euc_ls: 2.964;  reg_ls: 1.884;  Wz_ls: 0.1196;  G_loss: 3.284;  D_loss_real: 8.61;  D_loss_fake: 3.187;  G_rw_imitative_walker_loss: 14.36;  G_rw_imitative_visit_loss: 8.08;  G_rw_creative_walker_loss: 14.65;  G_rw_creative_visit_loss: 6.908;  D_rw_imitative_walker_loss: 14.36;  D_rw_imitative_visit_loss: 8.08;  D_rw_real_walker_loss: 14.22;  D_rw_real_visit_loss: 6.908;  rl: 100.0%;  fk: 100.0%
Evaluation took time: 74.883953332901
Iter-1340;  Was_D: 5.147;  Euc_ls: 3.194;  reg_ls: 1.888;  Wz_ls: 0.1198;  G_loss: 3.076;  D_loss_real: 8.372;  D_loss_fake: 3.225;  G_rw_imitative_walker_loss: 14.36;  G_rw_imitative_visit_loss: 8.08;  G_rw_creative_walker_loss: 14.65;  G_rw_creative_visit_loss: 6.909;  D_rw_imitative_walker_loss: 14.36;  D_rw_imitative_visit_loss: 8.08;  D_rw_real_walker_loss: 14.18;  D_rw_real_visit_loss: 6.908;  rl: 100.0%;  fk: 100.0%
Iter-1360;  Was_D: 5.302;  Euc_ls: 3.195;  reg_ls: 1.891;  Wz_ls: 0.1197;  G_loss: 3.181;  D_loss_real: 8.374;  D_loss_fake: 3.071;  G_rw_imitative_walker_loss: 14.36;  G_rw_imitative_visit_loss: 8.08;  G_rw_creative_walker_loss: 14.65;  G_rw_creative_visit_loss: 6.908;  D_rw_imitative_walker_loss: 14.36;  D_rw_imitative_visit_loss: 8.08;  D_rw_real_walker_loss: 14.21;  D_rw_real_visit_loss: 6.908;  rl: 100.0%;  fk: 100.0%
Evaluation took time: 74.21430659294128
Iter-1380;  Was_D: 5.489;  Euc_ls: 3.141;  reg_ls: 1.886;  Wz_ls: 0.1194;  G_loss: 3.441;  D_loss_real: 8.93;  D_loss_fake: 3.441;  G_rw_imitative_walker_loss: 14.36;  G_rw_imitative_visit_loss: 8.08;  G_rw_creative_walker_loss: 14.65;  G_rw_creative_visit_loss: 6.908;  D_rw_imitative_walker_loss: 14.36;  D_rw_imitative_visit_loss: 8.08;  D_rw_real_walker_loss: 14.25;  D_rw_real_visit_loss: 6.908;  rl: 100.0%;  fk: 100.0%
Iter-1400;  Was_D: 5.34;  Euc_ls: 3.032;  reg_ls: 1.891;  Wz_ls: 0.119;  G_loss: 3.305;  D_loss_real: 8.591;  D_loss_fake: 3.251;  G_rw_imitative_walker_loss: 14.36;  G_rw_imitative_visit_loss: 8.08;  G_rw_creative_walker_loss: 14.65;  G_rw_creative_visit_loss: 6.908;  D_rw_imitative_walker_loss: 14.36;  D_rw_imitative_visit_loss: 8.08;  D_rw_real_walker_loss: 14.23;  D_rw_real_visit_loss: 6.908;  rl: 100.0%;  fk: 100.0%
Evaluation took time: 73.5955069065094
Iter-1420;  Was_D: 5.36;  Euc_ls: 3.122;  reg_ls: 1.894;  Wz_ls: 0.1202;  G_loss: 3.3;  D_loss_real: 8.598;  D_loss_fake: 3.238;  G_rw_imitative_walker_loss: 14.36;  G_rw_imitative_visit_loss: 8.08;  G_rw_creative_walker_loss: 14.65;  G_rw_creative_visit_loss: 6.908;  D_rw_imitative_walker_loss: 14.36;  D_rw_imitative_visit_loss: 8.08;  D_rw_real_walker_loss: 14.22;  D_rw_real_visit_loss: 6.908;  rl: 100.0%;  fk: 100.0%
Iter-1440;  Was_D: 5.364;  Euc_ls: 2.877;  reg_ls: 1.898;  Wz_ls: 0.1194;  G_loss: 3.054;  D_loss_real: 8.471;  D_loss_fake: 3.107;  G_rw_imitative_walker_loss: 14.36;  G_rw_imitative_visit_loss: 8.08;  G_rw_creative_walker_loss: 14.65;  G_rw_creative_visit_loss: 6.908;  D_rw_imitative_walker_loss: 14.36;  D_rw_imitative_visit_loss: 8.08;  D_rw_real_walker_loss: 14.27;  D_rw_real_visit_loss: 6.908;  rl: 100.0%;  fk: 99.9%
Evaluation took time: 74.0246639251709
Iter-1460;  Was_D: 5.387;  Euc_ls: 3.042;  reg_ls: 1.902;  Wz_ls: 0.1201;  G_loss: 3.004;  D_loss_real: 8.557;  D_loss_fake: 3.17;  G_rw_imitative_walker_loss: 14.36;  G_rw_imitative_visit_loss: 8.08;  G_rw_creative_walker_loss: 14.65;  G_rw_creative_visit_loss: 6.908;  D_rw_imitative_walker_loss: 14.36;  D_rw_imitative_visit_loss: 8.08;  D_rw_real_walker_loss: 14.2;  D_rw_real_visit_loss: 6.908;  rl: 100.0%;  fk: 100.0%
Iter-1480;  Was_D: 5.426;  Euc_ls: 2.916;  reg_ls: 1.897;  Wz_ls: 0.1192;  G_loss: 3.093;  D_loss_real: 8.576;  D_loss_fake: 3.149;  G_rw_imitative_walker_loss: 14.39;  G_rw_imitative_visit_loss: 8.08;  G_rw_creative_walker_loss: 14.66;  G_rw_creative_visit_loss: 6.908;  D_rw_imitative_walker_loss: 14.39;  D_rw_imitative_visit_loss: 8.08;  D_rw_real_walker_loss: 14.18;  D_rw_real_visit_loss: 6.909;  rl: 100.0%;  fk: 99.7%
Evaluation took time: 72.93617129325867
Iter-1500;  Was_D: 5.275;  Euc_ls: 3.027;  reg_ls: 1.904;  Wz_ls: 0.1188;  G_loss: 3.155;  D_loss_real: 8.419;  D_loss_fake: 3.144;  G_rw_imitative_walker_loss: 14.36;  G_rw_imitative_visit_loss: 8.08;  G_rw_creative_walker_loss: 14.65;  G_rw_creative_visit_loss: 6.908;  D_rw_imitative_walker_loss: 14.36;  D_rw_imitative_visit_loss: 8.08;  D_rw_real_walker_loss: 14.23;  D_rw_real_visit_loss: 6.908;  rl: 100.0%;  fk: 99.9%
Iter-1520;  Was_D: 5.31;  Euc_ls: 3.195;  reg_ls: 1.911;  Wz_ls: 0.119;  G_loss: 3.138;  D_loss_real: 8.445;  D_loss_fake: 3.136;  G_rw_imitative_walker_loss: 14.36;  G_rw_imitative_visit_loss: 8.08;  G_rw_creative_walker_loss: 14.65;  G_rw_creative_visit_loss: 6.908;  D_rw_imitative_walker_loss: 14.36;  D_rw_imitative_visit_loss: 8.08;  D_rw_real_walker_loss: 14.23;  D_rw_real_visit_loss: 6.908;  rl: 100.0%;  fk: 100.0%
Evaluation took time: 74.63677954673767
Iter-1540;  Was_D: 5.329;  Euc_ls: 2.921;  reg_ls: 1.917;  Wz_ls: 0.1207;  G_loss: 3.22;  D_loss_real: 8.438;  D_loss_fake: 3.109;  G_rw_imitative_walker_loss: 14.36;  G_rw_imitative_visit_loss: 8.08;  G_rw_creative_walker_loss: 14.65;  G_rw_creative_visit_loss: 6.909;  D_rw_imitative_walker_loss: 14.36;  D_rw_imitative_visit_loss: 8.08;  D_rw_real_walker_loss: 14.16;  D_rw_real_visit_loss: 6.908;  rl: 100.0%;  fk: 100.0%
Iter-1560;  Was_D: 5.278;  Euc_ls: 3.109;  reg_ls: 1.917;  Wz_ls: 0.1199;  G_loss: 3.345;  D_loss_real: 8.57;  D_loss_fake: 3.292;  G_rw_imitative_walker_loss: 14.36;  G_rw_imitative_visit_loss: 8.08;  G_rw_creative_walker_loss: 14.65;  G_rw_creative_visit_loss: 6.908;  D_rw_imitative_walker_loss: 14.36;  D_rw_imitative_visit_loss: 8.08;  D_rw_real_walker_loss: 14.24;  D_rw_real_visit_loss: 6.908;  rl: 100.0%;  fk: 100.0%
Evaluation took time: 73.64790797233582
Iter-1580;  Was_D: 5.449;  Euc_ls: 2.975;  reg_ls: 1.922;  Wz_ls: 0.1207;  G_loss: 3.274;  D_loss_real: 8.673;  D_loss_fake: 3.224;  G_rw_imitative_walker_loss: 14.36;  G_rw_imitative_visit_loss: 8.08;  G_rw_creative_walker_loss: 14.65;  G_rw_creative_visit_loss: 6.908;  D_rw_imitative_walker_loss: 14.36;  D_rw_imitative_visit_loss: 8.08;  D_rw_real_walker_loss: 14.16;  D_rw_real_visit_loss: 6.908;  rl: 99.9%;  fk: 100.0%
Iter-1600;  Was_D: 5.445;  Euc_ls: 2.897;  reg_ls: 1.923;  Wz_ls: 0.1197;  G_loss: 3.101;  D_loss_real: 8.465;  D_loss_fake: 3.019;  G_rw_imitative_walker_loss: 14.37;  G_rw_imitative_visit_loss: 8.08;  G_rw_creative_walker_loss: 14.65;  G_rw_creative_visit_loss: 6.908;  D_rw_imitative_walker_loss: 14.37;  D_rw_imitative_visit_loss: 8.08;  D_rw_real_walker_loss: 14.26;  D_rw_real_visit_loss: 6.908;  rl: 100.0%;  fk: 100.0%
Evaluation took time: 73.67890286445618
Iter-1620;  Was_D: 5.463;  Euc_ls: 2.988;  reg_ls: 1.926;  Wz_ls: 0.1203;  G_loss: 3.239;  D_loss_real: 8.781;  D_loss_fake: 3.318;  G_rw_imitative_walker_loss: 14.37;  G_rw_imitative_visit_loss: 8.08;  G_rw_creative_walker_loss: 14.65;  G_rw_creative_visit_loss: 6.908;  D_rw_imitative_walker_loss: 14.37;  D_rw_imitative_visit_loss: 8.08;  D_rw_real_walker_loss: 14.25;  D_rw_real_visit_loss: 6.908;  rl: 100.0%;  fk: 100.0%
Iter-1640;  Was_D: 5.324;  Euc_ls: 2.958;  reg_ls: 1.931;  Wz_ls: 0.1198;  G_loss: 2.991;  D_loss_real: 8.338;  D_loss_fake: 3.014;  G_rw_imitative_walker_loss: 14.36;  G_rw_imitative_visit_loss: 8.08;  G_rw_creative_walker_loss: 14.65;  G_rw_creative_visit_loss: 6.909;  D_rw_imitative_walker_loss: 14.36;  D_rw_imitative_visit_loss: 8.08;  D_rw_real_walker_loss: 14.24;  D_rw_real_visit_loss: 6.908;  rl: 100.0%;  fk: 99.9%
Evaluation took time: 78.93094110488892
Iter-1660;  Was_D: 5.266;  Euc_ls: 3.113;  reg_ls: 1.935;  Wz_ls: 0.1203;  G_loss: 2.878;  D_loss_real: 8.234;  D_loss_fake: 2.967;  G_rw_imitative_walker_loss: 14.37;  G_rw_imitative_visit_loss: 8.08;  G_rw_creative_walker_loss: 14.65;  G_rw_creative_visit_loss: 6.908;  D_rw_imitative_walker_loss: 14.37;  D_rw_imitative_visit_loss: 8.08;  D_rw_real_walker_loss: 14.23;  D_rw_real_visit_loss: 6.908;  rl: 100.0%;  fk: 100.0%
Iter-1680;  Was_D: 5.251;  Euc_ls: 3.022;  reg_ls: 1.931;  Wz_ls: 0.1188;  G_loss: 3.121;  D_loss_real: 8.247;  D_loss_fake: 2.996;  G_rw_imitative_walker_loss: 14.36;  G_rw_imitative_visit_loss: 8.08;  G_rw_creative_walker_loss: 14.65;  G_rw_creative_visit_loss: 6.909;  D_rw_imitative_walker_loss: 14.36;  D_rw_imitative_visit_loss: 8.08;  D_rw_real_walker_loss: 14.29;  D_rw_real_visit_loss: 6.908;  rl: 100.0%;  fk: 100.0%
Evaluation took time: 73.31371998786926
Iter-1700;  Was_D: 5.28;  Euc_ls: 3.209;  reg_ls: 1.933;  Wz_ls: 0.1189;  G_loss: 3.285;  D_loss_real: 8.409;  D_loss_fake: 3.128;  G_rw_imitative_walker_loss: 14.36;  G_rw_imitative_visit_loss: 8.08;  G_rw_creative_walker_loss: 14.66;  G_rw_creative_visit_loss: 6.909;  D_rw_imitative_walker_loss: 14.36;  D_rw_imitative_visit_loss: 8.08;  D_rw_real_walker_loss: 14.18;  D_rw_real_visit_loss: 6.908;  rl: 100.0%;  fk: 99.9%
Iter-1720;  Was_D: 5.213;  Euc_ls: 3.019;  reg_ls: 1.94;  Wz_ls: 0.1195;  G_loss: 3.173;  D_loss_real: 8.485;  D_loss_fake: 3.272;  G_rw_imitative_walker_loss: 14.36;  G_rw_imitative_visit_loss: 8.08;  G_rw_creative_walker_loss: 14.65;  G_rw_creative_visit_loss: 6.908;  D_rw_imitative_walker_loss: 14.36;  D_rw_imitative_visit_loss: 8.08;  D_rw_real_walker_loss: 14.24;  D_rw_real_visit_loss: 6.908;  rl: 100.0%;  fk: 100.0%
Evaluation took time: 73.19751238822937
Iter-1740;  Was_D: 5.209;  Euc_ls: 3.08;  reg_ls: 1.939;  Wz_ls: 0.1188;  G_loss: 3.197;  D_loss_real: 8.479;  D_loss_fake: 3.27;  G_rw_imitative_walker_loss: 14.36;  G_rw_imitative_visit_loss: 8.08;  G_rw_creative_walker_loss: 14.65;  G_rw_creative_visit_loss: 6.908;  D_rw_imitative_walker_loss: 14.36;  D_rw_imitative_visit_loss: 8.08;  D_rw_real_walker_loss: 14.28;  D_rw_real_visit_loss: 6.908;  rl: 100.0%;  fk: 100.0%
Iter-1760;  Was_D: 5.344;  Euc_ls: 3.244;  reg_ls: 1.942;  Wz_ls: 0.119;  G_loss: 3.233;  D_loss_real: 8.375;  D_loss_fake: 3.031;  G_rw_imitative_walker_loss: 14.36;  G_rw_imitative_visit_loss: 8.081;  G_rw_creative_walker_loss: 14.66;  G_rw_creative_visit_loss: 6.909;  D_rw_imitative_walker_loss: 14.36;  D_rw_imitative_visit_loss: 8.081;  D_rw_real_walker_loss: 14.25;  D_rw_real_visit_loss: 6.908;  rl: 99.9%;  fk: 100.0%
Evaluation took time: 73.46093201637268
Iter-1780;  Was_D: 5.238;  Euc_ls: 3.01;  reg_ls: 1.942;  Wz_ls: 0.1194;  G_loss: 3.023;  D_loss_real: 8.404;  D_loss_fake: 3.165;  G_rw_imitative_walker_loss: 14.36;  G_rw_imitative_visit_loss: 8.08;  G_rw_creative_walker_loss: 14.65;  G_rw_creative_visit_loss: 6.908;  D_rw_imitative_walker_loss: 14.36;  D_rw_imitative_visit_loss: 8.08;  D_rw_real_walker_loss: 14.24;  D_rw_real_visit_loss: 6.908;  rl: 100.0%;  fk: 100.0%
Iter-1800;  Was_D: 5.247;  Euc_ls: 3.315;  reg_ls: 1.94;  Wz_ls: 0.1188;  G_loss: 2.881;  D_loss_real: 8.19;  D_loss_fake: 2.943;  G_rw_imitative_walker_loss: 14.38;  G_rw_imitative_visit_loss: 8.08;  G_rw_creative_walker_loss: 14.66;  G_rw_creative_visit_loss: 6.908;  D_rw_imitative_walker_loss: 14.38;  D_rw_imitative_visit_loss: 8.08;  D_rw_real_walker_loss: 14.3;  D_rw_real_visit_loss: 6.908;  rl: 100.0%;  fk: 100.0%
Evaluation took time: 73.65880966186523
Iter-1820;  Was_D: 5.356;  Euc_ls: 2.89;  reg_ls: 1.942;  Wz_ls: 0.1199;  G_loss: 3.154;  D_loss_real: 8.634;  D_loss_fake: 3.278;  G_rw_imitative_walker_loss: 14.37;  G_rw_imitative_visit_loss: 8.08;  G_rw_creative_walker_loss: 14.65;  G_rw_creative_visit_loss: 6.908;  D_rw_imitative_walker_loss: 14.37;  D_rw_imitative_visit_loss: 8.08;  D_rw_real_walker_loss: 14.22;  D_rw_real_visit_loss: 6.908;  rl: 99.9%;  fk: 100.0%
Iter-1840;  Was_D: 5.192;  Euc_ls: 3.057;  reg_ls: 1.944;  Wz_ls: 0.1187;  G_loss: 3.373;  D_loss_real: 8.443;  D_loss_fake: 3.252;  G_rw_imitative_walker_loss: 14.36;  G_rw_imitative_visit_loss: 8.08;  G_rw_creative_walker_loss: 14.65;  G_rw_creative_visit_loss: 6.908;  D_rw_imitative_walker_loss: 14.36;  D_rw_imitative_visit_loss: 8.08;  D_rw_real_walker_loss: 14.21;  D_rw_real_visit_loss: 6.908;  rl: 100.0%;  fk: 99.7%
Evaluation took time: 73.7914502620697
Iter-1860;  Was_D: 5.224;  Euc_ls: 3.112;  reg_ls: 1.949;  Wz_ls: 0.119;  G_loss: 3.22;  D_loss_real: 8.356;  D_loss_fake: 3.132;  G_rw_imitative_walker_loss: 14.36;  G_rw_imitative_visit_loss: 8.08;  G_rw_creative_walker_loss: 14.65;  G_rw_creative_visit_loss: 6.908;  D_rw_imitative_walker_loss: 14.36;  D_rw_imitative_visit_loss: 8.08;  D_rw_real_walker_loss: 14.26;  D_rw_real_visit_loss: 6.908;  rl: 100.0%;  fk: 100.0%
Iter-1880;  Was_D: 5.264;  Euc_ls: 3.252;  reg_ls: 1.95;  Wz_ls: 0.1191;  G_loss: 3.072;  D_loss_real: 8.257;  D_loss_fake: 2.993;  G_rw_imitative_walker_loss: 14.36;  G_rw_imitative_visit_loss: 8.08;  G_rw_creative_walker_loss: 14.65;  G_rw_creative_visit_loss: 6.908;  D_rw_imitative_walker_loss: 14.36;  D_rw_imitative_visit_loss: 8.08;  D_rw_real_walker_loss: 14.3;  D_rw_real_visit_loss: 6.908;  rl: 100.0%;  fk: 99.9%
Evaluation took time: 73.66655826568604
Iter-1900;  Was_D: 5.145;  Euc_ls: 3.194;  reg_ls: 1.948;  Wz_ls: 0.1189;  G_loss: 3.017;  D_loss_real: 8.246;  D_loss_fake: 3.1;  G_rw_imitative_walker_loss: 14.37;  G_rw_imitative_visit_loss: 8.08;  G_rw_creative_walker_loss: 14.65;  G_rw_creative_visit_loss: 6.909;  D_rw_imitative_walker_loss: 14.37;  D_rw_imitative_visit_loss: 8.08;  D_rw_real_walker_loss: 14.26;  D_rw_real_visit_loss: 6.908;  rl: 100.0%;  fk: 99.8%
Iter-1920;  Was_D: 5.096;  Euc_ls: 3.042;  reg_ls: 1.955;  Wz_ls: 0.1194;  G_loss: 3.172;  D_loss_real: 8.311;  D_loss_fake: 3.214;  G_rw_imitative_walker_loss: 14.36;  G_rw_imitative_visit_loss: 8.08;  G_rw_creative_walker_loss: 14.65;  G_rw_creative_visit_loss: 6.908;  D_rw_imitative_walker_loss: 14.36;  D_rw_imitative_visit_loss: 8.08;  D_rw_real_walker_loss: 14.26;  D_rw_real_visit_loss: 6.908;  rl: 100.0%;  fk: 100.0%
Evaluation took time: 73.22680616378784
Iter-1940;  Was_D: 5.168;  Euc_ls: 3.134;  reg_ls: 1.963;  Wz_ls: 0.1195;  G_loss: 3.199;  D_loss_real: 8.258;  D_loss_fake: 3.09;  G_rw_imitative_walker_loss: 14.36;  G_rw_imitative_visit_loss: 8.08;  G_rw_creative_walker_loss: 14.65;  G_rw_creative_visit_loss: 6.908;  D_rw_imitative_walker_loss: 14.36;  D_rw_imitative_visit_loss: 8.08;  D_rw_real_walker_loss: 14.21;  D_rw_real_visit_loss: 6.908;  rl: 100.0%;  fk: 100.0%
Iter-1960;  Was_D: 5.152;  Euc_ls: 2.902;  reg_ls: 1.962;  Wz_ls: 0.1189;  G_loss: 3.079;  D_loss_real: 8.425;  D_loss_fake: 3.273;  G_rw_imitative_walker_loss: 14.36;  G_rw_imitative_visit_loss: 8.08;  G_rw_creative_walker_loss: 14.65;  G_rw_creative_visit_loss: 6.908;  D_rw_imitative_walker_loss: 14.36;  D_rw_imitative_visit_loss: 8.08;  D_rw_real_walker_loss: 14.24;  D_rw_real_visit_loss: 6.908;  rl: 100.0%;  fk: 100.0%
Evaluation took time: 78.57581639289856
Iter-1980;  Was_D: 5.305;  Euc_ls: 3.262;  reg_ls: 1.961;  Wz_ls: 0.1191;  G_loss: 2.943;  D_loss_real: 8.327;  D_loss_fake: 3.022;  G_rw_imitative_walker_loss: 14.37;  G_rw_imitative_visit_loss: 8.08;  G_rw_creative_walker_loss: 14.66;  G_rw_creative_visit_loss: 6.909;  D_rw_imitative_walker_loss: 14.37;  D_rw_imitative_visit_loss: 8.08;  D_rw_real_walker_loss: 14.16;  D_rw_real_visit_loss: 6.908;  rl: 100.0%;  fk: 100.0%
Iter-2000;  Was_D: 5.262;  Euc_ls: 2.928;  reg_ls: 1.968;  Wz_ls: 0.1201;  G_loss: 3.045;  D_loss_real: 8.351;  D_loss_fake: 3.088;  G_rw_imitative_walker_loss: 14.36;  G_rw_imitative_visit_loss: 8.08;  G_rw_creative_walker_loss: 14.65;  G_rw_creative_visit_loss: 6.908;  D_rw_imitative_walker_loss: 14.36;  D_rw_imitative_visit_loss: 8.08;  D_rw_real_walker_loss: 14.25;  D_rw_real_visit_loss: 6.908;  rl: 100.0%;  fk: 100.0%
Evaluation took time: 74.54956531524658
Iter-2020;  Was_D: 5.216;  Euc_ls: 3.048;  reg_ls: 1.964;  Wz_ls: 0.1188;  G_loss: 3.274;  D_loss_real: 8.268;  D_loss_fake: 3.052;  G_rw_imitative_walker_loss: 14.36;  G_rw_imitative_visit_loss: 8.08;  G_rw_creative_walker_loss: 14.65;  G_rw_creative_visit_loss: 6.908;  D_rw_imitative_walker_loss: 14.36;  D_rw_imitative_visit_loss: 8.08;  D_rw_real_walker_loss: 14.25;  D_rw_real_visit_loss: 6.908;  rl: 100.0%;  fk: 100.0%
Iter-2040;  Was_D: 5.14;  Euc_ls: 3.173;  reg_ls: 1.963;  Wz_ls: 0.1185;  G_loss: 3.014;  D_loss_real: 8.405;  D_loss_fake: 3.265;  G_rw_imitative_walker_loss: 14.36;  G_rw_imitative_visit_loss: 8.08;  G_rw_creative_walker_loss: 14.65;  G_rw_creative_visit_loss: 6.908;  D_rw_imitative_walker_loss: 14.36;  D_rw_imitative_visit_loss: 8.08;  D_rw_real_walker_loss: 14.21;  D_rw_real_visit_loss: 6.908;  rl: 100.0%;  fk: 100.0%
Evaluation took time: 78.24941039085388
Iter-2060;  Was_D: 5.27;  Euc_ls: 3.069;  reg_ls: 1.97;  Wz_ls: 0.1189;  G_loss: 3.164;  D_loss_real: 8.141;  D_loss_fake: 2.871;  G_rw_imitative_walker_loss: 14.36;  G_rw_imitative_visit_loss: 8.08;  G_rw_creative_walker_loss: 14.65;  G_rw_creative_visit_loss: 6.909;  D_rw_imitative_walker_loss: 14.36;  D_rw_imitative_visit_loss: 8.08;  D_rw_real_walker_loss: 14.31;  D_rw_real_visit_loss: 6.908;  rl: 100.0%;  fk: 100.0%
Iter-2080;  Was_D: 5.152;  Euc_ls: 2.973;  reg_ls: 1.975;  Wz_ls: 0.1194;  G_loss: 3.385;  D_loss_real: 8.237;  D_loss_fake: 3.085;  G_rw_imitative_walker_loss: 14.36;  G_rw_imitative_visit_loss: 8.08;  G_rw_creative_walker_loss: 14.65;  G_rw_creative_visit_loss: 6.908;  D_rw_imitative_walker_loss: 14.36;  D_rw_imitative_visit_loss: 8.08;  D_rw_real_walker_loss: 14.24;  D_rw_real_visit_loss: 6.908;  rl: 100.0%;  fk: 99.9%
Evaluation took time: 74.89464378356934
Iter-2100;  Was_D: 5.161;  Euc_ls: 3.097;  reg_ls: 1.973;  Wz_ls: 0.1189;  G_loss: 2.791;  D_loss_real: 8.146;  D_loss_fake: 2.984;  G_rw_imitative_walker_loss: 14.36;  G_rw_imitative_visit_loss: 8.08;  G_rw_creative_walker_loss: 14.66;  G_rw_creative_visit_loss: 6.91;  D_rw_imitative_walker_loss: 14.36;  D_rw_imitative_visit_loss: 8.08;  D_rw_real_walker_loss: 14.18;  D_rw_real_visit_loss: 6.908;  rl: 100.0%;  fk: 100.0%
Iter-2120;  Was_D: 5.14;  Euc_ls: 2.985;  reg_ls: 1.972;  Wz_ls: 0.119;  G_loss: 2.969;  D_loss_real: 8.225;  D_loss_fake: 3.085;  G_rw_imitative_walker_loss: 14.36;  G_rw_imitative_visit_loss: 8.08;  G_rw_creative_walker_loss: 14.65;  G_rw_creative_visit_loss: 6.909;  D_rw_imitative_walker_loss: 14.36;  D_rw_imitative_visit_loss: 8.08;  D_rw_real_walker_loss: 14.28;  D_rw_real_visit_loss: 6.908;  rl: 100.0%;  fk: 100.0%
Evaluation took time: 73.87178611755371
Iter-2140;  Was_D: 5.22;  Euc_ls: 2.982;  reg_ls: 1.969;  Wz_ls: 0.1198;  G_loss: 3.22;  D_loss_real: 8.401;  D_loss_fake: 3.181;  G_rw_imitative_walker_loss: 14.36;  G_rw_imitative_visit_loss: 8.08;  G_rw_creative_walker_loss: 14.65;  G_rw_creative_visit_loss: 6.908;  D_rw_imitative_walker_loss: 14.36;  D_rw_imitative_visit_loss: 8.08;  D_rw_real_walker_loss: 14.29;  D_rw_real_visit_loss: 6.908;  rl: 100.0%;  fk: 100.0%
Iter-2160;  Was_D: 5.121;  Euc_ls: 3.153;  reg_ls: 1.981;  Wz_ls: 0.1209;  G_loss: 3.033;  D_loss_real: 8.072;  D_loss_fake: 2.951;  G_rw_imitative_walker_loss: 14.37;  G_rw_imitative_visit_loss: 8.08;  G_rw_creative_walker_loss: 14.65;  G_rw_creative_visit_loss: 6.909;  D_rw_imitative_walker_loss: 14.37;  D_rw_imitative_visit_loss: 8.08;  D_rw_real_walker_loss: 14.2;  D_rw_real_visit_loss: 6.908;  rl: 100.0%;  fk: 100.0%
Evaluation took time: 73.14942121505737
Iter-2180;  Was_D: 5.061;  Euc_ls: 3.167;  reg_ls: 1.985;  Wz_ls: 0.1188;  G_loss: 2.942;  D_loss_real: 8.154;  D_loss_fake: 3.093;  G_rw_imitative_walker_loss: 14.38;  G_rw_imitative_visit_loss: 8.08;  G_rw_creative_walker_loss: 14.67;  G_rw_creative_visit_loss: 6.909;  D_rw_imitative_walker_loss: 14.38;  D_rw_imitative_visit_loss: 8.08;  D_rw_real_walker_loss: 14.3;  D_rw_real_visit_loss: 6.908;  rl: 100.0%;  fk: 100.0%
Iter-2200;  Was_D: 5.072;  Euc_ls: 3.241;  reg_ls: 1.992;  Wz_ls: 0.1189;  G_loss: 3.221;  D_loss_real: 8.261;  D_loss_fake: 3.189;  G_rw_imitative_walker_loss: 14.36;  G_rw_imitative_visit_loss: 8.08;  G_rw_creative_walker_loss: 14.65;  G_rw_creative_visit_loss: 6.908;  D_rw_imitative_walker_loss: 14.36;  D_rw_imitative_visit_loss: 8.08;  D_rw_real_walker_loss: 14.27;  D_rw_real_visit_loss: 6.908;  rl: 100.0%;  fk: 100.0%
Evaluation took time: 73.72546935081482
Iter-2220;  Was_D: 5.054;  Euc_ls: 3.188;  reg_ls: 1.99;  Wz_ls: 0.1192;  G_loss: 3.014;  D_loss_real: 8.093;  D_loss_fake: 3.039;  G_rw_imitative_walker_loss: 14.36;  G_rw_imitative_visit_loss: 8.08;  G_rw_creative_walker_loss: 14.65;  G_rw_creative_visit_loss: 6.908;  D_rw_imitative_walker_loss: 14.36;  D_rw_imitative_visit_loss: 8.08;  D_rw_real_walker_loss: 14.26;  D_rw_real_visit_loss: 6.908;  rl: 100.0%;  fk: 99.9%
Iter-2240;  Was_D: 4.939;  Euc_ls: 2.995;  reg_ls: 1.989;  Wz_ls: 0.1196;  G_loss: 2.804;  D_loss_real: 8.146;  D_loss_fake: 3.207;  G_rw_imitative_walker_loss: 14.36;  G_rw_imitative_visit_loss: 8.08;  G_rw_creative_walker_loss: 14.65;  G_rw_creative_visit_loss: 6.908;  D_rw_imitative_walker_loss: 14.37;  D_rw_imitative_visit_loss: 8.08;  D_rw_real_walker_loss: 14.24;  D_rw_real_visit_loss: 6.908;  rl: 100.0%;  fk: 100.0%
Evaluation took time: 73.73110556602478
Iter-2260;  Was_D: 5.003;  Euc_ls: 3.006;  reg_ls: 1.992;  Wz_ls: 0.1199;  G_loss: 2.96;  D_loss_real: 7.976;  D_loss_fake: 2.974;  G_rw_imitative_walker_loss: 14.36;  G_rw_imitative_visit_loss: 8.08;  G_rw_creative_walker_loss: 14.65;  G_rw_creative_visit_loss: 6.908;  D_rw_imitative_walker_loss: 14.36;  D_rw_imitative_visit_loss: 8.08;  D_rw_real_walker_loss: 14.2;  D_rw_real_visit_loss: 6.908;  rl: 100.0%;  fk: 100.0%
Iter-2280;  Was_D: 4.937;  Euc_ls: 3.031;  reg_ls: 1.995;  Wz_ls: 0.1188;  G_loss: 3.265;  D_loss_real: 8.204;  D_loss_fake: 3.267;  G_rw_imitative_walker_loss: 14.36;  G_rw_imitative_visit_loss: 8.08;  G_rw_creative_walker_loss: 14.65;  G_rw_creative_visit_loss: 6.908;  D_rw_imitative_walker_loss: 14.36;  D_rw_imitative_visit_loss: 8.08;  D_rw_real_walker_loss: 14.18;  D_rw_real_visit_loss: 6.908;  rl: 100.0%;  fk: 100.0%
Evaluation took time: 73.61956858634949
Iter-2300;  Was_D: 5.1;  Euc_ls: 3.022;  reg_ls: 1.992;  Wz_ls: 0.1201;  G_loss: 3.002;  D_loss_real: 8.119;  D_loss_fake: 3.019;  G_rw_imitative_walker_loss: 14.36;  G_rw_imitative_visit_loss: 8.08;  G_rw_creative_walker_loss: 14.65;  G_rw_creative_visit_loss: 6.909;  D_rw_imitative_walker_loss: 14.36;  D_rw_imitative_visit_loss: 8.08;  D_rw_real_walker_loss: 14.23;  D_rw_real_visit_loss: 6.908;  rl: 100.0%;  fk: 99.9%
Iter-2320;  Was_D: 5.051;  Euc_ls: 3.262;  reg_ls: 2.0;  Wz_ls: 0.1201;  G_loss: 3.066;  D_loss_real: 8.09;  D_loss_fake: 3.038;  G_rw_imitative_walker_loss: 14.36;  G_rw_imitative_visit_loss: 8.08;  G_rw_creative_walker_loss: 14.65;  G_rw_creative_visit_loss: 6.909;  D_rw_imitative_walker_loss: 14.36;  D_rw_imitative_visit_loss: 8.08;  D_rw_real_walker_loss: 14.19;  D_rw_real_visit_loss: 6.908;  rl: 100.0%;  fk: 100.0%
Evaluation took time: 73.96771287918091
Iter-2340;  Was_D: 5.097;  Euc_ls: 3.265;  reg_ls: 1.995;  Wz_ls: 0.1186;  G_loss: 3.204;  D_loss_real: 8.038;  D_loss_fake: 2.941;  G_rw_imitative_walker_loss: 14.36;  G_rw_imitative_visit_loss: 8.08;  G_rw_creative_walker_loss: 14.65;  G_rw_creative_visit_loss: 6.909;  D_rw_imitative_walker_loss: 14.36;  D_rw_imitative_visit_loss: 8.08;  D_rw_real_walker_loss: 14.3;  D_rw_real_visit_loss: 6.908;  rl: 100.0%;  fk: 100.0%
Iter-2360;  Was_D: 4.951;  Euc_ls: 3.206;  reg_ls: 1.997;  Wz_ls: 0.1196;  G_loss: 2.861;  D_loss_real: 8.065;  D_loss_fake: 3.115;  G_rw_imitative_walker_loss: 14.36;  G_rw_imitative_visit_loss: 8.08;  G_rw_creative_walker_loss: 14.65;  G_rw_creative_visit_loss: 6.908;  D_rw_imitative_walker_loss: 14.36;  D_rw_imitative_visit_loss: 8.08;  D_rw_real_walker_loss: 14.19;  D_rw_real_visit_loss: 6.908;  rl: 100.0%;  fk: 100.0%
Evaluation took time: 74.32806968688965
Iter-2380;  Was_D: 5.122;  Euc_ls: 3.324;  reg_ls: 1.995;  Wz_ls: 0.1188;  G_loss: 2.783;  D_loss_real: 8.097;  D_loss_fake: 2.975;  G_rw_imitative_walker_loss: 14.45;  G_rw_imitative_visit_loss: 8.081;  G_rw_creative_walker_loss: 14.66;  G_rw_creative_visit_loss: 6.908;  D_rw_imitative_walker_loss: 14.44;  D_rw_imitative_visit_loss: 8.081;  D_rw_real_walker_loss: 14.3;  D_rw_real_visit_loss: 6.91;  rl: 100.0%;  fk: 100.0%
Iter-2400;  Was_D: 5.058;  Euc_ls: 3.039;  reg_ls: 1.992;  Wz_ls: 0.1186;  G_loss: 2.998;  D_loss_real: 8.196;  D_loss_fake: 3.138;  G_rw_imitative_walker_loss: 14.36;  G_rw_imitative_visit_loss: 8.08;  G_rw_creative_walker_loss: 14.67;  G_rw_creative_visit_loss: 6.91;  D_rw_imitative_walker_loss: 14.36;  D_rw_imitative_visit_loss: 8.08;  D_rw_real_walker_loss: 14.18;  D_rw_real_visit_loss: 6.908;  rl: 100.0%;  fk: 100.0%
Evaluation took time: 78.77843070030212
Iter-2420;  Was_D: 4.785;  Euc_ls: 3.202;  reg_ls: 2.006;  Wz_ls: 0.1182;  G_loss: 2.427;  D_loss_real: 7.545;  D_loss_fake: 2.76;  G_rw_imitative_walker_loss: 14.41;  G_rw_imitative_visit_loss: 8.08;  G_rw_creative_walker_loss: 14.65;  G_rw_creative_visit_loss: 6.909;  D_rw_imitative_walker_loss: 14.42;  D_rw_imitative_visit_loss: 8.08;  D_rw_real_walker_loss: 14.28;  D_rw_real_visit_loss: 6.908;  rl: 100.0%;  fk: 100.0%
Iter-2440;  Was_D: 5.076;  Euc_ls: 3.165;  reg_ls: 1.998;  Wz_ls: 0.1183;  G_loss: 3.044;  D_loss_real: 8.164;  D_loss_fake: 3.088;  G_rw_imitative_walker_loss: 14.4;  G_rw_imitative_visit_loss: 8.081;  G_rw_creative_walker_loss: 14.65;  G_rw_creative_visit_loss: 6.908;  D_rw_imitative_walker_loss: 14.4;  D_rw_imitative_visit_loss: 8.081;  D_rw_real_walker_loss: 14.25;  D_rw_real_visit_loss: 6.908;  rl: 100.0%;  fk: 99.6%
Evaluation took time: 74.40890669822693
Iter-2460;  Was_D: 4.867;  Euc_ls: 2.949;  reg_ls: 2.0;  Wz_ls: 0.119;  G_loss: 3.007;  D_loss_real: 7.857;  D_loss_fake: 2.99;  G_rw_imitative_walker_loss: 14.36;  G_rw_imitative_visit_loss: 8.08;  G_rw_creative_walker_loss: 14.65;  G_rw_creative_visit_loss: 6.909;  D_rw_imitative_walker_loss: 14.36;  D_rw_imitative_visit_loss: 8.08;  D_rw_real_walker_loss: 14.25;  D_rw_real_visit_loss: 6.908;  rl: 100.0%;  fk: 100.0%
Iter-2480;  Was_D: 5.021;  Euc_ls: 3.101;  reg_ls: 2.001;  Wz_ls: 0.1182;  G_loss: 2.998;  D_loss_real: 8.128;  D_loss_fake: 3.107;  G_rw_imitative_walker_loss: 14.38;  G_rw_imitative_visit_loss: 8.08;  G_rw_creative_walker_loss: 14.65;  G_rw_creative_visit_loss: 6.908;  D_rw_imitative_walker_loss: 14.38;  D_rw_imitative_visit_loss: 8.08;  D_rw_real_walker_loss: 14.24;  D_rw_real_visit_loss: 6.908;  rl: 100.0%;  fk: 100.0%
Evaluation took time: 74.18694114685059
Iter-2500;  Was_D: 5.052;  Euc_ls: 3.022;  reg_ls: 2.004;  Wz_ls: 0.1191;  G_loss: 3.378;  D_loss_real: 8.223;  D_loss_fake: 3.171;  G_rw_imitative_walker_loss: 14.36;  G_rw_imitative_visit_loss: 8.08;  G_rw_creative_walker_loss: 14.65;  G_rw_creative_visit_loss: 6.908;  D_rw_imitative_walker_loss: 14.36;  D_rw_imitative_visit_loss: 8.08;  D_rw_real_walker_loss: 14.24;  D_rw_real_visit_loss: 6.908;  rl: 100.0%;  fk: 100.0%
Iter-2520;  Was_D: 5.194;  Euc_ls: 2.875;  reg_ls: 1.995;  Wz_ls: 0.1189;  G_loss: 3.222;  D_loss_real: 8.4;  D_loss_fake: 3.206;  G_rw_imitative_walker_loss: 14.37;  G_rw_imitative_visit_loss: 8.08;  G_rw_creative_walker_loss: 14.66;  G_rw_creative_visit_loss: 6.909;  D_rw_imitative_walker_loss: 14.37;  D_rw_imitative_visit_loss: 8.08;  D_rw_real_walker_loss: 14.2;  D_rw_real_visit_loss: 6.908;  rl: 100.0%;  fk: 99.9%
Evaluation took time: 74.22751712799072
Iter-2540;  Was_D: 5.183;  Euc_ls: 3.088;  reg_ls: 1.998;  Wz_ls: 0.1187;  G_loss: 3.022;  D_loss_real: 8.151;  D_loss_fake: 2.968;  G_rw_imitative_walker_loss: 14.36;  G_rw_imitative_visit_loss: 8.08;  G_rw_creative_walker_loss: 14.65;  G_rw_creative_visit_loss: 6.909;  D_rw_imitative_walker_loss: 14.36;  D_rw_imitative_visit_loss: 8.08;  D_rw_real_walker_loss: 14.24;  D_rw_real_visit_loss: 6.908;  rl: 100.0%;  fk: 100.0%
Iter-2560;  Was_D: 5.139;  Euc_ls: 3.028;  reg_ls: 2.0;  Wz_ls: 0.1186;  G_loss: 2.95;  D_loss_real: 8.214;  D_loss_fake: 3.075;  G_rw_imitative_walker_loss: 14.36;  G_rw_imitative_visit_loss: 8.08;  G_rw_creative_walker_loss: 14.65;  G_rw_creative_visit_loss: 6.908;  D_rw_imitative_walker_loss: 14.36;  D_rw_imitative_visit_loss: 8.08;  D_rw_real_walker_loss: 14.25;  D_rw_real_visit_loss: 6.908;  rl: 100.0%;  fk: 100.0%
Evaluation took time: 79.1226122379303
Iter-2580;  Was_D: 4.917;  Euc_ls: 3.219;  reg_ls: 2.011;  Wz_ls: 0.119;  G_loss: 2.868;  D_loss_real: 7.902;  D_loss_fake: 2.985;  G_rw_imitative_walker_loss: 14.39;  G_rw_imitative_visit_loss: 8.08;  G_rw_creative_walker_loss: 14.65;  G_rw_creative_visit_loss: 6.908;  D_rw_imitative_walker_loss: 14.39;  D_rw_imitative_visit_loss: 8.08;  D_rw_real_walker_loss: 14.25;  D_rw_real_visit_loss: 6.908;  rl: 100.0%;  fk: 100.0%
Iter-2600;  Was_D: 4.754;  Euc_ls: 3.117;  reg_ls: 2.01;  Wz_ls: 0.1179;  G_loss: 2.751;  D_loss_real: 7.798;  D_loss_fake: 3.044;  G_rw_imitative_walker_loss: 14.38;  G_rw_imitative_visit_loss: 8.08;  G_rw_creative_walker_loss: 14.65;  G_rw_creative_visit_loss: 6.909;  D_rw_imitative_walker_loss: 14.38;  D_rw_imitative_visit_loss: 8.08;  D_rw_real_walker_loss: 14.21;  D_rw_real_visit_loss: 6.908;  rl: 100.0%;  fk: 100.0%
Evaluation took time: 79.03174114227295
Iter-2620;  Was_D: 4.962;  Euc_ls: 3.224;  reg_ls: 2.003;  Wz_ls: 0.118;  G_loss: 2.772;  D_loss_real: 7.905;  D_loss_fake: 2.943;  G_rw_imitative_walker_loss: 14.38;  G_rw_imitative_visit_loss: 8.08;  G_rw_creative_walker_loss: 14.65;  G_rw_creative_visit_loss: 6.909;  D_rw_imitative_walker_loss: 14.38;  D_rw_imitative_visit_loss: 8.08;  D_rw_real_walker_loss: 14.3;  D_rw_real_visit_loss: 6.908;  rl: 100.0%;  fk: 100.0%
Iter-2640;  Was_D: 4.942;  Euc_ls: 3.186;  reg_ls: 2.005;  Wz_ls: 0.1182;  G_loss: 2.999;  D_loss_real: 8.001;  D_loss_fake: 3.059;  G_rw_imitative_walker_loss: 14.36;  G_rw_imitative_visit_loss: 8.08;  G_rw_creative_walker_loss: 14.65;  G_rw_creative_visit_loss: 6.908;  D_rw_imitative_walker_loss: 14.36;  D_rw_imitative_visit_loss: 8.08;  D_rw_real_walker_loss: 14.23;  D_rw_real_visit_loss: 6.908;  rl: 100.0%;  fk: 100.0%
Evaluation took time: 79.04849219322205
Iter-2660;  Was_D: 4.881;  Euc_ls: 3.232;  reg_ls: 2.012;  Wz_ls: 0.1186;  G_loss: 3.366;  D_loss_real: 8.04;  D_loss_fake: 3.159;  G_rw_imitative_walker_loss: 14.36;  G_rw_imitative_visit_loss: 8.08;  G_rw_creative_walker_loss: 14.65;  G_rw_creative_visit_loss: 6.908;  D_rw_imitative_walker_loss: 14.36;  D_rw_imitative_visit_loss: 8.08;  D_rw_real_walker_loss: 14.27;  D_rw_real_visit_loss: 6.908;  rl: 99.8%;  fk: 99.9%
Iter-2680;  Was_D: 4.758;  Euc_ls: 3.234;  reg_ls: 2.015;  Wz_ls: 0.1184;  G_loss: 3.261;  D_loss_real: 7.845;  D_loss_fake: 3.087;  G_rw_imitative_walker_loss: 14.36;  G_rw_imitative_visit_loss: 8.08;  G_rw_creative_walker_loss: 14.65;  G_rw_creative_visit_loss: 6.908;  D_rw_imitative_walker_loss: 14.36;  D_rw_imitative_visit_loss: 8.08;  D_rw_real_walker_loss: 14.22;  D_rw_real_visit_loss: 6.908;  rl: 100.0%;  fk: 100.0%
Evaluation took time: 78.75274538993835
Iter-2700;  Was_D: 4.871;  Euc_ls: 3.018;  reg_ls: 2.006;  Wz_ls: 0.118;  G_loss: 2.83;  D_loss_real: 7.808;  D_loss_fake: 2.936;  G_rw_imitative_walker_loss: 14.38;  G_rw_imitative_visit_loss: 8.08;  G_rw_creative_walker_loss: 14.65;  G_rw_creative_visit_loss: 6.908;  D_rw_imitative_walker_loss: 14.38;  D_rw_imitative_visit_loss: 8.08;  D_rw_real_walker_loss: 14.23;  D_rw_real_visit_loss: 6.908;  rl: 100.0%;  fk: 100.0%
Iter-2720;  Was_D: 4.762;  Euc_ls: 3.165;  reg_ls: 2.01;  Wz_ls: 0.1182;  G_loss: 3.238;  D_loss_real: 7.895;  D_loss_fake: 3.133;  G_rw_imitative_walker_loss: 14.36;  G_rw_imitative_visit_loss: 8.08;  G_rw_creative_walker_loss: 14.65;  G_rw_creative_visit_loss: 6.909;  D_rw_imitative_walker_loss: 14.36;  D_rw_imitative_visit_loss: 8.08;  D_rw_real_walker_loss: 14.33;  D_rw_real_visit_loss: 6.908;  rl: 100.0%;  fk: 100.0%
Evaluation took time: 74.0970106124878
Iter-2740;  Was_D: 4.907;  Euc_ls: 3.301;  reg_ls: 2.016;  Wz_ls: 0.1182;  G_loss: 2.769;  D_loss_real: 7.794;  D_loss_fake: 2.887;  G_rw_imitative_walker_loss: 14.36;  G_rw_imitative_visit_loss: 8.08;  G_rw_creative_walker_loss: 14.65;  G_rw_creative_visit_loss: 6.909;  D_rw_imitative_walker_loss: 14.36;  D_rw_imitative_visit_loss: 8.08;  D_rw_real_walker_loss: 14.26;  D_rw_real_visit_loss: 6.908;  rl: 100.0%;  fk: 100.0%
Iter-2760;  Was_D: 4.833;  Euc_ls: 3.172;  reg_ls: 2.016;  Wz_ls: 0.1191;  G_loss: 2.931;  D_loss_real: 7.941;  D_loss_fake: 3.108;  G_rw_imitative_walker_loss: 14.36;  G_rw_imitative_visit_loss: 8.08;  G_rw_creative_walker_loss: 14.65;  G_rw_creative_visit_loss: 6.908;  D_rw_imitative_walker_loss: 14.36;  D_rw_imitative_visit_loss: 8.08;  D_rw_real_walker_loss: 14.25;  D_rw_real_visit_loss: 6.908;  rl: 100.0%;  fk: 100.0%
Evaluation took time: 78.76251173019409
Iter-2780;  Was_D: 4.742;  Euc_ls: 3.494;  reg_ls: 2.017;  Wz_ls: 0.118;  G_loss: 2.909;  D_loss_real: 7.789;  D_loss_fake: 3.048;  G_rw_imitative_walker_loss: 14.39;  G_rw_imitative_visit_loss: 8.08;  G_rw_creative_walker_loss: 14.65;  G_rw_creative_visit_loss: 6.908;  D_rw_imitative_walker_loss: 14.39;  D_rw_imitative_visit_loss: 8.08;  D_rw_real_walker_loss: 14.24;  D_rw_real_visit_loss: 6.909;  rl: 99.9%;  fk: 100.0%
Iter-2800;  Was_D: 4.757;  Euc_ls: 3.069;  reg_ls: 2.019;  Wz_ls: 0.1176;  G_loss: 3.355;  D_loss_real: 7.99;  D_loss_fake: 3.232;  G_rw_imitative_walker_loss: 14.36;  G_rw_imitative_visit_loss: 8.08;  G_rw_creative_walker_loss: 14.65;  G_rw_creative_visit_loss: 6.908;  D_rw_imitative_walker_loss: 14.36;  D_rw_imitative_visit_loss: 8.08;  D_rw_real_walker_loss: 14.19;  D_rw_real_visit_loss: 6.908;  rl: 100.0%;  fk: 99.9%
Evaluation took time: 78.65390491485596
Iter-2820;  Was_D: 4.836;  Euc_ls: 3.188;  reg_ls: 2.019;  Wz_ls: 0.1173;  G_loss: 3.238;  D_loss_real: 8.056;  D_loss_fake: 3.22;  G_rw_imitative_walker_loss: 14.37;  G_rw_imitative_visit_loss: 8.08;  G_rw_creative_walker_loss: 14.65;  G_rw_creative_visit_loss: 6.908;  D_rw_imitative_walker_loss: 14.37;  D_rw_imitative_visit_loss: 8.08;  D_rw_real_walker_loss: 14.25;  D_rw_real_visit_loss: 6.908;  rl: 100.0%;  fk: 100.0%
Iter-2840;  Was_D: 4.801;  Euc_ls: 3.259;  reg_ls: 2.021;  Wz_ls: 0.1173;  G_loss: 3.162;  D_loss_real: 7.993;  D_loss_fake: 3.192;  G_rw_imitative_walker_loss: 14.36;  G_rw_imitative_visit_loss: 8.08;  G_rw_creative_walker_loss: 14.65;  G_rw_creative_visit_loss: 6.908;  D_rw_imitative_walker_loss: 14.36;  D_rw_imitative_visit_loss: 8.08;  D_rw_real_walker_loss: 14.27;  D_rw_real_visit_loss: 6.908;  rl: 100.0%;  fk: 100.0%
Evaluation took time: 78.83202195167542
Iter-2860;  Was_D: 4.923;  Euc_ls: 3.12;  reg_ls: 2.022;  Wz_ls: 0.1178;  G_loss: 2.907;  D_loss_real: 7.807;  D_loss_fake: 2.884;  G_rw_imitative_walker_loss: 14.36;  G_rw_imitative_visit_loss: 8.08;  G_rw_creative_walker_loss: 14.65;  G_rw_creative_visit_loss: 6.908;  D_rw_imitative_walker_loss: 14.36;  D_rw_imitative_visit_loss: 8.08;  D_rw_real_walker_loss: 14.21;  D_rw_real_visit_loss: 6.908;  rl: 100.0%;  fk: 100.0%
Iter-2880;  Was_D: 4.718;  Euc_ls: 3.27;  reg_ls: 2.026;  Wz_ls: 0.1169;  G_loss: 2.895;  D_loss_real: 7.803;  D_loss_fake: 3.085;  G_rw_imitative_walker_loss: 14.43;  G_rw_imitative_visit_loss: 8.081;  G_rw_creative_walker_loss: 14.66;  G_rw_creative_visit_loss: 6.909;  D_rw_imitative_walker_loss: 14.43;  D_rw_imitative_visit_loss: 8.081;  D_rw_real_walker_loss: 14.27;  D_rw_real_visit_loss: 6.909;  rl: 100.0%;  fk: 99.9%
Evaluation took time: 74.0673463344574
Iter-2900;  Was_D: 4.616;  Euc_ls: 3.282;  reg_ls: 2.029;  Wz_ls: 0.1175;  G_loss: 2.826;  D_loss_real: 7.73;  D_loss_fake: 3.114;  G_rw_imitative_walker_loss: 14.37;  G_rw_imitative_visit_loss: 8.08;  G_rw_creative_walker_loss: 14.65;  G_rw_creative_visit_loss: 6.908;  D_rw_imitative_walker_loss: 14.37;  D_rw_imitative_visit_loss: 8.08;  D_rw_real_walker_loss: 14.22;  D_rw_real_visit_loss: 6.908;  rl: 100.0%;  fk: 100.0%
Iter-2920;  Was_D: 4.733;  Euc_ls: 3.234;  reg_ls: 2.026;  Wz_ls: 0.1173;  G_loss: 3.236;  D_loss_real: 7.943;  D_loss_fake: 3.21;  G_rw_imitative_walker_loss: 14.37;  G_rw_imitative_visit_loss: 8.08;  G_rw_creative_walker_loss: 14.65;  G_rw_creative_visit_loss: 6.908;  D_rw_imitative_walker_loss: 14.37;  D_rw_imitative_visit_loss: 8.08;  D_rw_real_walker_loss: 14.27;  D_rw_real_visit_loss: 6.908;  rl: 100.0%;  fk: 100.0%
Evaluation took time: 79.01255011558533
Iter-2940;  Was_D: 4.561;  Euc_ls: 3.206;  reg_ls: 2.023;  Wz_ls: 0.1169;  G_loss: 2.92;  D_loss_real: 7.696;  D_loss_fake: 3.135;  G_rw_imitative_walker_loss: 14.39;  G_rw_imitative_visit_loss: 8.08;  G_rw_creative_walker_loss: 14.65;  G_rw_creative_visit_loss: 6.909;  D_rw_imitative_walker_loss: 14.39;  D_rw_imitative_visit_loss: 8.08;  D_rw_real_walker_loss: 14.24;  D_rw_real_visit_loss: 6.908;  rl: 100.0%;  fk: 99.9%
Iter-2960;  Was_D: 4.938;  Euc_ls: 3.068;  reg_ls: 2.024;  Wz_ls: 0.1168;  G_loss: 3.0;  D_loss_real: 7.93;  D_loss_fake: 2.992;  G_rw_imitative_walker_loss: 14.36;  G_rw_imitative_visit_loss: 8.08;  G_rw_creative_walker_loss: 14.66;  G_rw_creative_visit_loss: 6.908;  D_rw_imitative_walker_loss: 14.36;  D_rw_imitative_visit_loss: 8.08;  D_rw_real_walker_loss: 14.29;  D_rw_real_visit_loss: 6.908;  rl: 100.0%;  fk: 100.0%
Evaluation took time: 74.48896527290344
Iter-2980;  Was_D: 4.636;  Euc_ls: 3.421;  reg_ls: 2.032;  Wz_ls: 0.1173;  G_loss: 3.214;  D_loss_real: 7.868;  D_loss_fake: 3.232;  G_rw_imitative_walker_loss: 14.4;  G_rw_imitative_visit_loss: 8.08;  G_rw_creative_walker_loss: 14.66;  G_rw_creative_visit_loss: 6.908;  D_rw_imitative_walker_loss: 14.41;  D_rw_imitative_visit_loss: 8.08;  D_rw_real_walker_loss: 14.27;  D_rw_real_visit_loss: 6.909;  rl: 100.0%;  fk: 100.0%
Iter-3000;  Was_D: 4.586;  Euc_ls: 3.257;  reg_ls: 2.031;  Wz_ls: 0.117;  G_loss: 3.228;  D_loss_real: 7.914;  D_loss_fake: 3.328;  G_rw_imitative_walker_loss: 14.36;  G_rw_imitative_visit_loss: 8.08;  G_rw_creative_walker_loss: 14.65;  G_rw_creative_visit_loss: 6.908;  D_rw_imitative_walker_loss: 14.36;  D_rw_imitative_visit_loss: 8.08;  D_rw_real_walker_loss: 14.23;  D_rw_real_visit_loss: 6.908;  rl: 100.0%;  fk: 100.0%
Evaluation took time: 74.73018050193787
===============
===============
Reproduce NAB easy
Accuracy is 38.44%, and Generalized AUC is 25.81%
