gpu504-37               Thu Jun  4 01:30:19 2020  440.33.01
[0] GeForce GTX 1080 Ti | 30'C,   0 % |     1 / 11178 MB |
Thu Jun  4 01:30:19 2020       
+-----------------------------------------------------------------------------+
| NVIDIA-SMI 440.33.01    Driver Version: 440.33.01    CUDA Version: 10.2     |
|-------------------------------+----------------------+----------------------+
| GPU  Name        Persistence-M| Bus-Id        Disp.A | Volatile Uncorr. ECC |
| Fan  Temp  Perf  Pwr:Usage/Cap|         Memory-Usage | GPU-Util  Compute M. |
|===============================+======================+======================|
|   0  GeForce GTX 108...  On   | 00000000:B2:00.0 Off |                  N/A |
| 23%   30C    P8     9W / 250W |      1MiB / 11178MiB |      0%      Default |
+-------------------------------+----------------------+----------------------+
                                                                               
+-----------------------------------------------------------------------------+
| Processes:                                                       GPU Memory |
|  GPU       PID   Type   Process name                             Usage      |
|=============================================================================|
|  No running processes found                                                 |
+-----------------------------------------------------------------------------+
CLI args: --dataset NAB --splitmode hard --manualSeed 1  --rw_config.loss_weights.gen.imitative 0.1 --rw_config.rw_params.class_visit_loss_coef 0.1 --rw_config.loss_weights.gen.creative 0.1 --rw_config.rw_params.dot_product_scale 2.5 --rw_config.rw_params.space image --rw_config.loss_weights.discr.imitative 1.0 --rw_config.rw_params.similarity_measure dot_product --rw_config.lr 0.0005 --rw_config.grad_clip_value 100.0 --rw_config.loss_weights.discr.real 0.1
Namespace(dataset='NAB', disp_interval=20, evl_interval=40, exp_name='Reproduce', gpu='0', is_val=False, main_dir='./', manualSeed=1, num_iterations=3000, resume=None, rw_config_path='rw_config.yml', save_interval=200, splitmode='hard')
<=========== Random Walk config ===========>
grad_clip_value: 100.0
loss_weights:
  discr:
    imitative: 1.0
    real: 0.1
  gen:
    creative: 0.1
    imitative: 0.1
  visit_loss: 1.0
lr: 0.0005
rw_params:
  class_visit_loss_coef: 0.1
  decay_coef: 0.7
  dot_product_scale: 2.5
  loss_type: cross_entropy
  n_examples_per_proto: 10
  num_steps: 3
  similarity_measure: dot_product
  space: image
z_dim: 100

Random Seed:  1
Iter-20;  Was_D: 7.503;  Euc_ls: 7.6;  reg_ls: 5.105;  Wz_ls: 0.2697;  G_loss: 2.055;  D_loss_real: 9.718;  D_loss_fake: 2.214;  G_rw_imitative_walker_loss: 14.24;  G_rw_imitative_visit_loss: 8.094;  G_rw_creative_walker_loss: 14.67;  G_rw_creative_visit_loss: 6.921;  D_rw_imitative_walker_loss: 14.25;  D_rw_imitative_visit_loss: 8.094;  D_rw_real_walker_loss: 14.28;  D_rw_real_visit_loss: 6.942;  rl: 94.3%;  fk: 4.0%
Iter-40;  Was_D: 4.488;  Euc_ls: 7.191;  reg_ls: 4.531;  Wz_ls: 0.1823;  G_loss: 1.622;  D_loss_real: 6.145;  D_loss_fake: 1.657;  G_rw_imitative_walker_loss: 13.8;  G_rw_imitative_visit_loss: 8.099;  G_rw_creative_walker_loss: 14.7;  G_rw_creative_visit_loss: 6.927;  D_rw_imitative_walker_loss: 13.79;  D_rw_imitative_visit_loss: 8.098;  D_rw_real_walker_loss: 13.89;  D_rw_real_visit_loss: 6.93;  rl: 94.9%;  fk: 48.1%
Iter-60;  Was_D: 4.195;  Euc_ls: 6.833;  reg_ls: 4.214;  Wz_ls: 0.1393;  G_loss: 2.126;  D_loss_real: 6.729;  D_loss_fake: 2.533;  G_rw_imitative_walker_loss: 13.52;  G_rw_imitative_visit_loss: 8.097;  G_rw_creative_walker_loss: 14.71;  G_rw_creative_visit_loss: 6.926;  D_rw_imitative_walker_loss: 13.52;  D_rw_imitative_visit_loss: 8.096;  D_rw_real_walker_loss: 13.81;  D_rw_real_visit_loss: 6.923;  rl: 92.6%;  fk: 94.2%
Iter-80;  Was_D: 4.021;  Euc_ls: 6.63;  reg_ls: 3.985;  Wz_ls: 0.1207;  G_loss: 2.476;  D_loss_real: 6.893;  D_loss_fake: 2.872;  G_rw_imitative_walker_loss: 13.32;  G_rw_imitative_visit_loss: 8.1;  G_rw_creative_walker_loss: 14.73;  G_rw_creative_visit_loss: 6.927;  D_rw_imitative_walker_loss: 13.34;  D_rw_imitative_visit_loss: 8.099;  D_rw_real_walker_loss: 13.68;  D_rw_real_visit_loss: 6.927;  rl: 97.0%;  fk: 99.1%
Iter-100;  Was_D: 4.714;  Euc_ls: 6.258;  reg_ls: 3.828;  Wz_ls: 0.1182;  G_loss: 3.086;  D_loss_real: 7.886;  D_loss_fake: 3.171;  G_rw_imitative_walker_loss: 12.94;  G_rw_imitative_visit_loss: 8.094;  G_rw_creative_walker_loss: 14.73;  G_rw_creative_visit_loss: 6.923;  D_rw_imitative_walker_loss: 12.94;  D_rw_imitative_visit_loss: 8.094;  D_rw_real_walker_loss: 13.55;  D_rw_real_visit_loss: 6.922;  rl: 98.7%;  fk: 99.8%
Iter-120;  Was_D: 4.913;  Euc_ls: 5.995;  reg_ls: 3.735;  Wz_ls: 0.1211;  G_loss: 3.346;  D_loss_real: 8.203;  D_loss_fake: 3.29;  G_rw_imitative_walker_loss: 12.48;  G_rw_imitative_visit_loss: 8.095;  G_rw_creative_walker_loss: 14.75;  G_rw_creative_visit_loss: 6.927;  D_rw_imitative_walker_loss: 12.47;  D_rw_imitative_visit_loss: 8.095;  D_rw_real_walker_loss: 13.46;  D_rw_real_visit_loss: 6.922;  rl: 99.2%;  fk: 100.0%
Evaluation took time: 109.2149088382721
Iter-140;  Was_D: 5.264;  Euc_ls: 5.879;  reg_ls: 3.633;  Wz_ls: 0.1232;  G_loss: 3.34;  D_loss_real: 8.547;  D_loss_fake: 3.283;  G_rw_imitative_walker_loss: 12.24;  G_rw_imitative_visit_loss: 8.094;  G_rw_creative_walker_loss: 14.76;  G_rw_creative_visit_loss: 6.926;  D_rw_imitative_walker_loss: 12.24;  D_rw_imitative_visit_loss: 8.094;  D_rw_real_walker_loss: 13.36;  D_rw_real_visit_loss: 6.92;  rl: 99.6%;  fk: 99.7%
Iter-160;  Was_D: 5.369;  Euc_ls: 5.453;  reg_ls: 3.537;  Wz_ls: 0.1249;  G_loss: 3.541;  D_loss_real: 8.917;  D_loss_fake: 3.548;  G_rw_imitative_walker_loss: 11.96;  G_rw_imitative_visit_loss: 8.094;  G_rw_creative_walker_loss: 14.77;  G_rw_creative_visit_loss: 6.925;  D_rw_imitative_walker_loss: 11.95;  D_rw_imitative_visit_loss: 8.094;  D_rw_real_walker_loss: 13.36;  D_rw_real_visit_loss: 6.922;  rl: 99.8%;  fk: 99.9%
Evaluation took time: 74.46214771270752
Iter-180;  Was_D: 5.353;  Euc_ls: 5.642;  reg_ls: 3.447;  Wz_ls: 0.1263;  G_loss: 3.488;  D_loss_real: 9.012;  D_loss_fake: 3.659;  G_rw_imitative_walker_loss: 11.87;  G_rw_imitative_visit_loss: 8.09;  G_rw_creative_walker_loss: 14.75;  G_rw_creative_visit_loss: 6.92;  D_rw_imitative_walker_loss: 11.86;  D_rw_imitative_visit_loss: 8.09;  D_rw_real_walker_loss: 13.27;  D_rw_real_visit_loss: 6.92;  rl: 99.9%;  fk: 100.0%
Iter-200;  Was_D: 5.616;  Euc_ls: 5.402;  reg_ls: 3.366;  Wz_ls: 0.1287;  G_loss: 3.155;  D_loss_real: 9.272;  D_loss_fake: 3.656;  G_rw_imitative_walker_loss: 11.88;  G_rw_imitative_visit_loss: 8.09;  G_rw_creative_walker_loss: 14.77;  G_rw_creative_visit_loss: 6.921;  D_rw_imitative_walker_loss: 11.88;  D_rw_imitative_visit_loss: 8.09;  D_rw_real_walker_loss: 13.35;  D_rw_real_visit_loss: 6.921;  rl: 99.9%;  fk: 99.9%
Evaluation took time: 137.8297562599182
Iter-220;  Was_D: 5.592;  Euc_ls: 5.227;  reg_ls: 3.28;  Wz_ls: 0.1305;  G_loss: 3.092;  D_loss_real: 9.169;  D_loss_fake: 3.577;  G_rw_imitative_walker_loss: 11.7;  G_rw_imitative_visit_loss: 8.088;  G_rw_creative_walker_loss: 14.76;  G_rw_creative_visit_loss: 6.92;  D_rw_imitative_walker_loss: 11.71;  D_rw_imitative_visit_loss: 8.088;  D_rw_real_walker_loss: 13.33;  D_rw_real_visit_loss: 6.92;  rl: 99.8%;  fk: 100.0%
Iter-240;  Was_D: 5.779;  Euc_ls: 5.001;  reg_ls: 3.2;  Wz_ls: 0.1319;  G_loss: 3.819;  D_loss_real: 9.657;  D_loss_fake: 3.878;  G_rw_imitative_walker_loss: 11.25;  G_rw_imitative_visit_loss: 8.087;  G_rw_creative_walker_loss: 14.78;  G_rw_creative_visit_loss: 6.919;  D_rw_imitative_walker_loss: 11.26;  D_rw_imitative_visit_loss: 8.087;  D_rw_real_walker_loss: 13.19;  D_rw_real_visit_loss: 6.915;  rl: 99.9%;  fk: 99.9%
Evaluation took time: 74.82357263565063
Iter-260;  Was_D: 5.841;  Euc_ls: 4.907;  reg_ls: 3.122;  Wz_ls: 0.1336;  G_loss: 4.063;  D_loss_real: 9.784;  D_loss_fake: 3.943;  G_rw_imitative_walker_loss: 10.91;  G_rw_imitative_visit_loss: 8.088;  G_rw_creative_walker_loss: 14.8;  G_rw_creative_visit_loss: 6.922;  D_rw_imitative_walker_loss: 10.91;  D_rw_imitative_visit_loss: 8.088;  D_rw_real_walker_loss: 13.16;  D_rw_real_visit_loss: 6.918;  rl: 99.9%;  fk: 100.0%
Iter-280;  Was_D: 5.993;  Euc_ls: 4.834;  reg_ls: 3.048;  Wz_ls: 0.1346;  G_loss: 4.05;  D_loss_real: 10.02;  D_loss_fake: 4.024;  G_rw_imitative_walker_loss: 10.69;  G_rw_imitative_visit_loss: 8.089;  G_rw_creative_walker_loss: 14.82;  G_rw_creative_visit_loss: 6.922;  D_rw_imitative_walker_loss: 10.71;  D_rw_imitative_visit_loss: 8.089;  D_rw_real_walker_loss: 13.11;  D_rw_real_visit_loss: 6.92;  rl: 99.9%;  fk: 100.0%
Evaluation took time: 74.40052223205566
Iter-300;  Was_D: 5.944;  Euc_ls: 4.452;  reg_ls: 2.973;  Wz_ls: 0.1353;  G_loss: 3.937;  D_loss_real: 9.99;  D_loss_fake: 4.046;  G_rw_imitative_walker_loss: 10.76;  G_rw_imitative_visit_loss: 8.088;  G_rw_creative_walker_loss: 14.8;  G_rw_creative_visit_loss: 6.922;  D_rw_imitative_walker_loss: 10.76;  D_rw_imitative_visit_loss: 8.088;  D_rw_real_walker_loss: 13.11;  D_rw_real_visit_loss: 6.919;  rl: 100.0%;  fk: 100.0%
Iter-320;  Was_D: 5.99;  Euc_ls: 4.673;  reg_ls: 2.91;  Wz_ls: 0.1372;  G_loss: 3.845;  D_loss_real: 10.04;  D_loss_fake: 4.047;  G_rw_imitative_walker_loss: 10.65;  G_rw_imitative_visit_loss: 8.087;  G_rw_creative_walker_loss: 14.81;  G_rw_creative_visit_loss: 6.918;  D_rw_imitative_walker_loss: 10.66;  D_rw_imitative_visit_loss: 8.087;  D_rw_real_walker_loss: 13.13;  D_rw_real_visit_loss: 6.918;  rl: 100.0%;  fk: 99.9%
Evaluation took time: 75.11422634124756
Iter-340;  Was_D: 6.068;  Euc_ls: 4.523;  reg_ls: 2.847;  Wz_ls: 0.1373;  G_loss: 3.923;  D_loss_real: 10.21;  D_loss_fake: 4.144;  G_rw_imitative_walker_loss: 10.49;  G_rw_imitative_visit_loss: 8.087;  G_rw_creative_walker_loss: 14.82;  G_rw_creative_visit_loss: 6.922;  D_rw_imitative_walker_loss: 10.48;  D_rw_imitative_visit_loss: 8.087;  D_rw_real_walker_loss: 13.12;  D_rw_real_visit_loss: 6.919;  rl: 100.0%;  fk: 100.0%
Iter-360;  Was_D: 6.259;  Euc_ls: 4.606;  reg_ls: 2.795;  Wz_ls: 0.1383;  G_loss: 4.175;  D_loss_real: 10.55;  D_loss_fake: 4.289;  G_rw_imitative_walker_loss: 10.31;  G_rw_imitative_visit_loss: 8.088;  G_rw_creative_walker_loss: 14.82;  G_rw_creative_visit_loss: 6.926;  D_rw_imitative_walker_loss: 10.3;  D_rw_imitative_visit_loss: 8.088;  D_rw_real_walker_loss: 13.01;  D_rw_real_visit_loss: 6.919;  rl: 99.7%;  fk: 99.8%
Evaluation took time: 74.94674968719482
Iter-380;  Was_D: 6.172;  Euc_ls: 4.136;  reg_ls: 2.744;  Wz_ls: 0.1387;  G_loss: 4.191;  D_loss_real: 10.45;  D_loss_fake: 4.277;  G_rw_imitative_walker_loss: 10.24;  G_rw_imitative_visit_loss: 8.087;  G_rw_creative_walker_loss: 14.82;  G_rw_creative_visit_loss: 6.921;  D_rw_imitative_walker_loss: 10.23;  D_rw_imitative_visit_loss: 8.087;  D_rw_real_walker_loss: 12.93;  D_rw_real_visit_loss: 6.918;  rl: 100.0%;  fk: 100.0%
Iter-400;  Was_D: 6.277;  Euc_ls: 4.271;  reg_ls: 2.698;  Wz_ls: 0.1396;  G_loss: 4.439;  D_loss_real: 10.73;  D_loss_fake: 4.456;  G_rw_imitative_walker_loss: 9.987;  G_rw_imitative_visit_loss: 8.086;  G_rw_creative_walker_loss: 14.82;  G_rw_creative_visit_loss: 6.92;  D_rw_imitative_walker_loss: 10.0;  D_rw_imitative_visit_loss: 8.086;  D_rw_real_walker_loss: 13.02;  D_rw_real_visit_loss: 6.915;  rl: 100.0%;  fk: 100.0%
Evaluation took time: 89.24435710906982
Iter-420;  Was_D: 6.205;  Euc_ls: 4.389;  reg_ls: 2.656;  Wz_ls: 0.1399;  G_loss: 4.24;  D_loss_real: 10.57;  D_loss_fake: 4.361;  G_rw_imitative_walker_loss: 10.03;  G_rw_imitative_visit_loss: 8.086;  G_rw_creative_walker_loss: 14.83;  G_rw_creative_visit_loss: 6.921;  D_rw_imitative_walker_loss: 10.02;  D_rw_imitative_visit_loss: 8.086;  D_rw_real_walker_loss: 13.02;  D_rw_real_visit_loss: 6.916;  rl: 100.0%;  fk: 99.9%
Iter-440;  Was_D: 6.298;  Euc_ls: 4.126;  reg_ls: 2.622;  Wz_ls: 0.1408;  G_loss: 4.288;  D_loss_real: 10.67;  D_loss_fake: 4.367;  G_rw_imitative_walker_loss: 9.928;  G_rw_imitative_visit_loss: 8.086;  G_rw_creative_walker_loss: 14.83;  G_rw_creative_visit_loss: 6.92;  D_rw_imitative_walker_loss: 9.94;  D_rw_imitative_visit_loss: 8.086;  D_rw_real_walker_loss: 13.04;  D_rw_real_visit_loss: 6.916;  rl: 100.0%;  fk: 99.9%
Evaluation took time: 158.27616095542908
Iter-460;  Was_D: 6.295;  Euc_ls: 4.283;  reg_ls: 2.586;  Wz_ls: 0.1406;  G_loss: 4.086;  D_loss_real: 10.66;  D_loss_fake: 4.364;  G_rw_imitative_walker_loss: 10.07;  G_rw_imitative_visit_loss: 8.087;  G_rw_creative_walker_loss: 14.82;  G_rw_creative_visit_loss: 6.92;  D_rw_imitative_walker_loss: 10.07;  D_rw_imitative_visit_loss: 8.087;  D_rw_real_walker_loss: 12.99;  D_rw_real_visit_loss: 6.919;  rl: 100.0%;  fk: 100.0%
Iter-480;  Was_D: 6.303;  Euc_ls: 4.169;  reg_ls: 2.554;  Wz_ls: 0.1413;  G_loss: 4.336;  D_loss_real: 10.77;  D_loss_fake: 4.472;  G_rw_imitative_walker_loss: 9.766;  G_rw_imitative_visit_loss: 8.086;  G_rw_creative_walker_loss: 14.83;  G_rw_creative_visit_loss: 6.922;  D_rw_imitative_walker_loss: 9.758;  D_rw_imitative_visit_loss: 8.086;  D_rw_real_walker_loss: 12.97;  D_rw_real_visit_loss: 6.916;  rl: 100.0%;  fk: 100.0%
Evaluation took time: 105.1804690361023
Iter-500;  Was_D: 6.337;  Euc_ls: 4.247;  reg_ls: 2.529;  Wz_ls: 0.1414;  G_loss: 4.093;  D_loss_real: 10.6;  D_loss_fake: 4.264;  G_rw_imitative_walker_loss: 9.989;  G_rw_imitative_visit_loss: 8.087;  G_rw_creative_walker_loss: 14.82;  G_rw_creative_visit_loss: 6.921;  D_rw_imitative_walker_loss: 9.964;  D_rw_imitative_visit_loss: 8.087;  D_rw_real_walker_loss: 13.01;  D_rw_real_visit_loss: 6.918;  rl: 100.0%;  fk: 99.9%
Iter-520;  Was_D: 6.512;  Euc_ls: 3.91;  reg_ls: 2.506;  Wz_ls: 0.1415;  G_loss: 4.298;  D_loss_real: 10.84;  D_loss_fake: 4.329;  G_rw_imitative_walker_loss: 9.793;  G_rw_imitative_visit_loss: 8.087;  G_rw_creative_walker_loss: 14.82;  G_rw_creative_visit_loss: 6.92;  D_rw_imitative_walker_loss: 9.796;  D_rw_imitative_visit_loss: 8.087;  D_rw_real_walker_loss: 12.97;  D_rw_real_visit_loss: 6.917;  rl: 100.0%;  fk: 100.0%
Evaluation took time: 73.07294964790344
Iter-540;  Was_D: 6.442;  Euc_ls: 4.11;  reg_ls: 2.485;  Wz_ls: 0.1419;  G_loss: 4.445;  D_loss_real: 10.98;  D_loss_fake: 4.538;  G_rw_imitative_walker_loss: 9.611;  G_rw_imitative_visit_loss: 8.087;  G_rw_creative_walker_loss: 14.84;  G_rw_creative_visit_loss: 6.922;  D_rw_imitative_walker_loss: 9.6;  D_rw_imitative_visit_loss: 8.087;  D_rw_real_walker_loss: 12.9;  D_rw_real_visit_loss: 6.917;  rl: 100.0%;  fk: 100.0%
Iter-560;  Was_D: 6.474;  Euc_ls: 3.696;  reg_ls: 2.475;  Wz_ls: 0.1426;  G_loss: 4.265;  D_loss_real: 10.8;  D_loss_fake: 4.327;  G_rw_imitative_walker_loss: 9.747;  G_rw_imitative_visit_loss: 8.088;  G_rw_creative_walker_loss: 14.84;  G_rw_creative_visit_loss: 6.922;  D_rw_imitative_walker_loss: 9.751;  D_rw_imitative_visit_loss: 8.088;  D_rw_real_walker_loss: 12.98;  D_rw_real_visit_loss: 6.92;  rl: 100.0%;  fk: 99.9%
Evaluation took time: 112.63122749328613
Iter-580;  Was_D: 6.414;  Euc_ls: 4.019;  reg_ls: 2.462;  Wz_ls: 0.1432;  G_loss: 4.378;  D_loss_real: 10.85;  D_loss_fake: 4.44;  G_rw_imitative_walker_loss: 9.578;  G_rw_imitative_visit_loss: 8.088;  G_rw_creative_walker_loss: 14.83;  G_rw_creative_visit_loss: 6.926;  D_rw_imitative_walker_loss: 9.575;  D_rw_imitative_visit_loss: 8.088;  D_rw_real_walker_loss: 12.91;  D_rw_real_visit_loss: 6.918;  rl: 99.9%;  fk: 99.9%
Iter-600;  Was_D: 6.456;  Euc_ls: 3.934;  reg_ls: 2.457;  Wz_ls: 0.1441;  G_loss: 4.304;  D_loss_real: 10.9;  D_loss_fake: 4.447;  G_rw_imitative_walker_loss: 9.48;  G_rw_imitative_visit_loss: 8.087;  G_rw_creative_walker_loss: 14.84;  G_rw_creative_visit_loss: 6.921;  D_rw_imitative_walker_loss: 9.485;  D_rw_imitative_visit_loss: 8.087;  D_rw_real_walker_loss: 12.89;  D_rw_real_visit_loss: 6.916;  rl: 100.0%;  fk: 100.0%
Evaluation took time: 74.70164895057678
Iter-620;  Was_D: 6.504;  Euc_ls: 3.696;  reg_ls: 2.444;  Wz_ls: 0.1434;  G_loss: 4.436;  D_loss_real: 10.88;  D_loss_fake: 4.375;  G_rw_imitative_walker_loss: 9.505;  G_rw_imitative_visit_loss: 8.088;  G_rw_creative_walker_loss: 14.82;  G_rw_creative_visit_loss: 6.921;  D_rw_imitative_walker_loss: 9.521;  D_rw_imitative_visit_loss: 8.088;  D_rw_real_walker_loss: 12.88;  D_rw_real_visit_loss: 6.917;  rl: 100.0%;  fk: 100.0%
Iter-640;  Was_D: 6.56;  Euc_ls: 3.902;  reg_ls: 2.431;  Wz_ls: 0.1434;  G_loss: 4.267;  D_loss_real: 10.97;  D_loss_fake: 4.411;  G_rw_imitative_walker_loss: 9.484;  G_rw_imitative_visit_loss: 8.088;  G_rw_creative_walker_loss: 14.84;  G_rw_creative_visit_loss: 6.922;  D_rw_imitative_walker_loss: 9.475;  D_rw_imitative_visit_loss: 8.088;  D_rw_real_walker_loss: 12.97;  D_rw_real_visit_loss: 6.916;  rl: 100.0%;  fk: 100.0%
Evaluation took time: 73.84360957145691
Iter-660;  Was_D: 6.528;  Euc_ls: 3.754;  reg_ls: 2.434;  Wz_ls: 0.1449;  G_loss: 4.48;  D_loss_real: 11.1;  D_loss_fake: 4.573;  G_rw_imitative_walker_loss: 9.285;  G_rw_imitative_visit_loss: 8.088;  G_rw_creative_walker_loss: 14.85;  G_rw_creative_visit_loss: 6.924;  D_rw_imitative_walker_loss: 9.294;  D_rw_imitative_visit_loss: 8.088;  D_rw_real_walker_loss: 12.86;  D_rw_real_visit_loss: 6.916;  rl: 100.0%;  fk: 100.0%
Iter-680;  Was_D: 6.479;  Euc_ls: 3.824;  reg_ls: 2.427;  Wz_ls: 0.145;  G_loss: 4.256;  D_loss_real: 10.8;  D_loss_fake: 4.325;  G_rw_imitative_walker_loss: 9.444;  G_rw_imitative_visit_loss: 8.088;  G_rw_creative_walker_loss: 14.83;  G_rw_creative_visit_loss: 6.925;  D_rw_imitative_walker_loss: 9.434;  D_rw_imitative_visit_loss: 8.088;  D_rw_real_walker_loss: 12.89;  D_rw_real_visit_loss: 6.917;  rl: 100.0%;  fk: 99.9%
Evaluation took time: 150.19196701049805
Iter-700;  Was_D: 6.575;  Euc_ls: 3.823;  reg_ls: 2.421;  Wz_ls: 0.1444;  G_loss: 4.324;  D_loss_real: 10.89;  D_loss_fake: 4.311;  G_rw_imitative_walker_loss: 9.381;  G_rw_imitative_visit_loss: 8.087;  G_rw_creative_walker_loss: 14.84;  G_rw_creative_visit_loss: 6.922;  D_rw_imitative_walker_loss: 9.39;  D_rw_imitative_visit_loss: 8.088;  D_rw_real_walker_loss: 12.93;  D_rw_real_visit_loss: 6.916;  rl: 100.0%;  fk: 100.0%
Iter-720;  Was_D: 6.688;  Euc_ls: 3.557;  reg_ls: 2.419;  Wz_ls: 0.1452;  G_loss: 4.323;  D_loss_real: 11.05;  D_loss_fake: 4.366;  G_rw_imitative_walker_loss: 9.326;  G_rw_imitative_visit_loss: 8.087;  G_rw_creative_walker_loss: 14.84;  G_rw_creative_visit_loss: 6.922;  D_rw_imitative_walker_loss: 9.332;  D_rw_imitative_visit_loss: 8.088;  D_rw_real_walker_loss: 12.98;  D_rw_real_visit_loss: 6.915;  rl: 100.0%;  fk: 100.0%
Evaluation took time: 95.3993330001831
Iter-740;  Was_D: 6.527;  Euc_ls: 3.751;  reg_ls: 2.415;  Wz_ls: 0.1446;  G_loss: 4.269;  D_loss_real: 10.86;  D_loss_fake: 4.328;  G_rw_imitative_walker_loss: 9.332;  G_rw_imitative_visit_loss: 8.088;  G_rw_creative_walker_loss: 14.84;  G_rw_creative_visit_loss: 6.923;  D_rw_imitative_walker_loss: 9.328;  D_rw_imitative_visit_loss: 8.088;  D_rw_real_walker_loss: 12.9;  D_rw_real_visit_loss: 6.914;  rl: 100.0%;  fk: 99.8%
Iter-760;  Was_D: 6.533;  Euc_ls: 3.581;  reg_ls: 2.415;  Wz_ls: 0.1449;  G_loss: 4.135;  D_loss_real: 10.7;  D_loss_fake: 4.165;  G_rw_imitative_walker_loss: 9.398;  G_rw_imitative_visit_loss: 8.088;  G_rw_creative_walker_loss: 14.83;  G_rw_creative_visit_loss: 6.924;  D_rw_imitative_walker_loss: 9.375;  D_rw_imitative_visit_loss: 8.088;  D_rw_real_walker_loss: 12.94;  D_rw_real_visit_loss: 6.916;  rl: 100.0%;  fk: 99.9%
Evaluation took time: 73.74194502830505
Iter-780;  Was_D: 6.664;  Euc_ls: 3.53;  reg_ls: 2.414;  Wz_ls: 0.1455;  G_loss: 4.128;  D_loss_real: 10.84;  D_loss_fake: 4.18;  G_rw_imitative_walker_loss: 9.293;  G_rw_imitative_visit_loss: 8.088;  G_rw_creative_walker_loss: 14.83;  G_rw_creative_visit_loss: 6.923;  D_rw_imitative_walker_loss: 9.314;  D_rw_imitative_visit_loss: 8.089;  D_rw_real_walker_loss: 12.88;  D_rw_real_visit_loss: 6.916;  rl: 100.0%;  fk: 100.0%
Iter-800;  Was_D: 6.791;  Euc_ls: 3.782;  reg_ls: 2.418;  Wz_ls: 0.1458;  G_loss: 4.241;  D_loss_real: 11.07;  D_loss_fake: 4.279;  G_rw_imitative_walker_loss: 9.164;  G_rw_imitative_visit_loss: 8.089;  G_rw_creative_walker_loss: 14.86;  G_rw_creative_visit_loss: 6.926;  D_rw_imitative_walker_loss: 9.137;  D_rw_imitative_visit_loss: 8.089;  D_rw_real_walker_loss: 12.92;  D_rw_real_visit_loss: 6.917;  rl: 100.0%;  fk: 100.0%
Evaluation took time: 124.10537815093994
Iter-820;  Was_D: 6.652;  Euc_ls: 3.78;  reg_ls: 2.419;  Wz_ls: 0.1462;  G_loss: 4.22;  D_loss_real: 10.92;  D_loss_fake: 4.267;  G_rw_imitative_walker_loss: 9.12;  G_rw_imitative_visit_loss: 8.088;  G_rw_creative_walker_loss: 14.86;  G_rw_creative_visit_loss: 6.924;  D_rw_imitative_walker_loss: 9.128;  D_rw_imitative_visit_loss: 8.088;  D_rw_real_walker_loss: 12.76;  D_rw_real_visit_loss: 6.915;  rl: 99.9%;  fk: 100.0%
Iter-840;  Was_D: 6.64;  Euc_ls: 3.607;  reg_ls: 2.419;  Wz_ls: 0.1463;  G_loss: 4.093;  D_loss_real: 10.76;  D_loss_fake: 4.123;  G_rw_imitative_walker_loss: 9.127;  G_rw_imitative_visit_loss: 8.088;  G_rw_creative_walker_loss: 14.83;  G_rw_creative_visit_loss: 6.925;  D_rw_imitative_walker_loss: 9.14;  D_rw_imitative_visit_loss: 8.089;  D_rw_real_walker_loss: 12.85;  D_rw_real_visit_loss: 6.916;  rl: 99.9%;  fk: 100.0%
Evaluation took time: 74.02135062217712
Iter-860;  Was_D: 6.63;  Euc_ls: 3.579;  reg_ls: 2.423;  Wz_ls: 0.1459;  G_loss: 4.079;  D_loss_real: 10.8;  D_loss_fake: 4.174;  G_rw_imitative_walker_loss: 9.219;  G_rw_imitative_visit_loss: 8.088;  G_rw_creative_walker_loss: 14.84;  G_rw_creative_visit_loss: 6.923;  D_rw_imitative_walker_loss: 9.223;  D_rw_imitative_visit_loss: 8.089;  D_rw_real_walker_loss: 12.87;  D_rw_real_visit_loss: 6.916;  rl: 100.0%;  fk: 100.0%
Iter-880;  Was_D: 6.673;  Euc_ls: 3.492;  reg_ls: 2.423;  Wz_ls: 0.1466;  G_loss: 3.906;  D_loss_real: 10.65;  D_loss_fake: 3.976;  G_rw_imitative_walker_loss: 9.291;  G_rw_imitative_visit_loss: 8.089;  G_rw_creative_walker_loss: 14.85;  G_rw_creative_visit_loss: 6.923;  D_rw_imitative_walker_loss: 9.282;  D_rw_imitative_visit_loss: 8.088;  D_rw_real_walker_loss: 12.78;  D_rw_real_visit_loss: 6.917;  rl: 100.0%;  fk: 99.9%
Evaluation took time: 137.32132387161255
Iter-900;  Was_D: 6.75;  Euc_ls: 3.682;  reg_ls: 2.425;  Wz_ls: 0.1463;  G_loss: 4.019;  D_loss_real: 10.73;  D_loss_fake: 3.982;  G_rw_imitative_walker_loss: 9.213;  G_rw_imitative_visit_loss: 8.089;  G_rw_creative_walker_loss: 14.85;  G_rw_creative_visit_loss: 6.924;  D_rw_imitative_walker_loss: 9.238;  D_rw_imitative_visit_loss: 8.089;  D_rw_real_walker_loss: 12.87;  D_rw_real_visit_loss: 6.916;  rl: 100.0%;  fk: 100.0%
Iter-920;  Was_D: 6.593;  Euc_ls: 3.834;  reg_ls: 2.426;  Wz_ls: 0.146;  G_loss: 4.067;  D_loss_real: 10.67;  D_loss_fake: 4.082;  G_rw_imitative_walker_loss: 9.064;  G_rw_imitative_visit_loss: 8.089;  G_rw_creative_walker_loss: 14.84;  G_rw_creative_visit_loss: 6.924;  D_rw_imitative_walker_loss: 9.045;  D_rw_imitative_visit_loss: 8.089;  D_rw_real_walker_loss: 12.85;  D_rw_real_visit_loss: 6.916;  rl: 100.0%;  fk: 100.0%
Evaluation took time: 74.50221586227417
Iter-940;  Was_D: 6.782;  Euc_ls: 3.527;  reg_ls: 2.429;  Wz_ls: 0.1463;  G_loss: 3.975;  D_loss_real: 10.67;  D_loss_fake: 3.884;  G_rw_imitative_walker_loss: 9.173;  G_rw_imitative_visit_loss: 8.089;  G_rw_creative_walker_loss: 14.85;  G_rw_creative_visit_loss: 6.922;  D_rw_imitative_walker_loss: 9.161;  D_rw_imitative_visit_loss: 8.089;  D_rw_real_walker_loss: 12.87;  D_rw_real_visit_loss: 6.914;  rl: 100.0%;  fk: 100.0%
Iter-960;  Was_D: 6.733;  Euc_ls: 3.614;  reg_ls: 2.434;  Wz_ls: 0.1466;  G_loss: 3.886;  D_loss_real: 10.67;  D_loss_fake: 3.938;  G_rw_imitative_walker_loss: 9.206;  G_rw_imitative_visit_loss: 8.09;  G_rw_creative_walker_loss: 14.83;  G_rw_creative_visit_loss: 6.925;  D_rw_imitative_walker_loss: 9.212;  D_rw_imitative_visit_loss: 8.09;  D_rw_real_walker_loss: 12.83;  D_rw_real_visit_loss: 6.918;  rl: 100.0%;  fk: 100.0%
Evaluation took time: 75.05756497383118
Iter-980;  Was_D: 6.656;  Euc_ls: 3.577;  reg_ls: 2.442;  Wz_ls: 0.1474;  G_loss: 3.755;  D_loss_real: 10.45;  D_loss_fake: 3.795;  G_rw_imitative_walker_loss: 9.156;  G_rw_imitative_visit_loss: 8.089;  G_rw_creative_walker_loss: 14.84;  G_rw_creative_visit_loss: 6.925;  D_rw_imitative_walker_loss: 9.16;  D_rw_imitative_visit_loss: 8.089;  D_rw_real_walker_loss: 12.88;  D_rw_real_visit_loss: 6.917;  rl: 100.0%;  fk: 100.0%
Iter-1000;  Was_D: 6.665;  Euc_ls: 3.442;  reg_ls: 2.44;  Wz_ls: 0.1468;  G_loss: 3.701;  D_loss_real: 10.39;  D_loss_fake: 3.73;  G_rw_imitative_walker_loss: 9.19;  G_rw_imitative_visit_loss: 8.089;  G_rw_creative_walker_loss: 14.83;  G_rw_creative_visit_loss: 6.924;  D_rw_imitative_walker_loss: 9.199;  D_rw_imitative_visit_loss: 8.089;  D_rw_real_walker_loss: 12.85;  D_rw_real_visit_loss: 6.916;  rl: 100.0%;  fk: 100.0%
Evaluation took time: 74.63523864746094
Iter-1020;  Was_D: 6.777;  Euc_ls: 3.591;  reg_ls: 2.443;  Wz_ls: 0.1474;  G_loss: 3.928;  D_loss_real: 10.69;  D_loss_fake: 3.911;  G_rw_imitative_walker_loss: 9.085;  G_rw_imitative_visit_loss: 8.089;  G_rw_creative_walker_loss: 14.83;  G_rw_creative_visit_loss: 6.925;  D_rw_imitative_walker_loss: 9.079;  D_rw_imitative_visit_loss: 8.089;  D_rw_real_walker_loss: 12.83;  D_rw_real_visit_loss: 6.915;  rl: 100.0%;  fk: 100.0%
Iter-1040;  Was_D: 6.637;  Euc_ls: 3.43;  reg_ls: 2.446;  Wz_ls: 0.147;  G_loss: 3.622;  D_loss_real: 10.31;  D_loss_fake: 3.676;  G_rw_imitative_walker_loss: 9.157;  G_rw_imitative_visit_loss: 8.089;  G_rw_creative_walker_loss: 14.84;  G_rw_creative_visit_loss: 6.922;  D_rw_imitative_walker_loss: 9.152;  D_rw_imitative_visit_loss: 8.089;  D_rw_real_walker_loss: 12.84;  D_rw_real_visit_loss: 6.916;  rl: 100.0%;  fk: 100.0%
Evaluation took time: 74.27905893325806
Iter-1060;  Was_D: 6.63;  Euc_ls: 3.563;  reg_ls: 2.454;  Wz_ls: 0.1476;  G_loss: 3.595;  D_loss_real: 10.22;  D_loss_fake: 3.586;  G_rw_imitative_walker_loss: 9.14;  G_rw_imitative_visit_loss: 8.089;  G_rw_creative_walker_loss: 14.84;  G_rw_creative_visit_loss: 6.923;  D_rw_imitative_walker_loss: 9.129;  D_rw_imitative_visit_loss: 8.089;  D_rw_real_walker_loss: 12.78;  D_rw_real_visit_loss: 6.916;  rl: 100.0%;  fk: 100.0%
Iter-1080;  Was_D: 6.835;  Euc_ls: 3.74;  reg_ls: 2.455;  Wz_ls: 0.1472;  G_loss: 3.799;  D_loss_real: 10.55;  D_loss_fake: 3.711;  G_rw_imitative_walker_loss: 9.115;  G_rw_imitative_visit_loss: 8.089;  G_rw_creative_walker_loss: 14.84;  G_rw_creative_visit_loss: 6.924;  D_rw_imitative_walker_loss: 9.104;  D_rw_imitative_visit_loss: 8.089;  D_rw_real_walker_loss: 12.95;  D_rw_real_visit_loss: 6.915;  rl: 100.0%;  fk: 100.0%
Evaluation took time: 74.59068775177002
Iter-1100;  Was_D: 6.86;  Euc_ls: 3.535;  reg_ls: 2.461;  Wz_ls: 0.1478;  G_loss: 3.745;  D_loss_real: 10.47;  D_loss_fake: 3.61;  G_rw_imitative_walker_loss: 9.048;  G_rw_imitative_visit_loss: 8.089;  G_rw_creative_walker_loss: 14.86;  G_rw_creative_visit_loss: 6.925;  D_rw_imitative_walker_loss: 9.035;  D_rw_imitative_visit_loss: 8.089;  D_rw_real_walker_loss: 12.88;  D_rw_real_visit_loss: 6.916;  rl: 100.0%;  fk: 100.0%
Iter-1120;  Was_D: 6.67;  Euc_ls: 3.479;  reg_ls: 2.465;  Wz_ls: 0.1479;  G_loss: 3.535;  D_loss_real: 10.14;  D_loss_fake: 3.466;  G_rw_imitative_walker_loss: 9.162;  G_rw_imitative_visit_loss: 8.089;  G_rw_creative_walker_loss: 14.83;  G_rw_creative_visit_loss: 6.924;  D_rw_imitative_walker_loss: 9.157;  D_rw_imitative_visit_loss: 8.089;  D_rw_real_walker_loss: 12.89;  D_rw_real_visit_loss: 6.917;  rl: 100.0%;  fk: 100.0%
Evaluation took time: 74.97058582305908
Iter-1140;  Was_D: 6.755;  Euc_ls: 3.514;  reg_ls: 2.463;  Wz_ls: 0.1473;  G_loss: 3.406;  D_loss_real: 10.26;  D_loss_fake: 3.502;  G_rw_imitative_walker_loss: 9.148;  G_rw_imitative_visit_loss: 8.09;  G_rw_creative_walker_loss: 14.85;  G_rw_creative_visit_loss: 6.924;  D_rw_imitative_walker_loss: 9.152;  D_rw_imitative_visit_loss: 8.09;  D_rw_real_walker_loss: 12.89;  D_rw_real_visit_loss: 6.918;  rl: 100.0%;  fk: 100.0%
Iter-1160;  Was_D: 6.706;  Euc_ls: 3.603;  reg_ls: 2.468;  Wz_ls: 0.1471;  G_loss: 3.52;  D_loss_real: 10.2;  D_loss_fake: 3.493;  G_rw_imitative_walker_loss: 9.212;  G_rw_imitative_visit_loss: 8.089;  G_rw_creative_walker_loss: 14.82;  G_rw_creative_visit_loss: 6.924;  D_rw_imitative_walker_loss: 9.212;  D_rw_imitative_visit_loss: 8.089;  D_rw_real_walker_loss: 12.83;  D_rw_real_visit_loss: 6.916;  rl: 100.0%;  fk: 100.0%
Evaluation took time: 74.78547072410583
Iter-1180;  Was_D: 6.572;  Euc_ls: 3.759;  reg_ls: 2.472;  Wz_ls: 0.1474;  G_loss: 3.414;  D_loss_real: 10.01;  D_loss_fake: 3.439;  G_rw_imitative_walker_loss: 9.185;  G_rw_imitative_visit_loss: 8.089;  G_rw_creative_walker_loss: 14.83;  G_rw_creative_visit_loss: 6.925;  D_rw_imitative_walker_loss: 9.192;  D_rw_imitative_visit_loss: 8.089;  D_rw_real_walker_loss: 12.77;  D_rw_real_visit_loss: 6.917;  rl: 100.0%;  fk: 100.0%
Iter-1200;  Was_D: 6.712;  Euc_ls: 3.518;  reg_ls: 2.472;  Wz_ls: 0.1475;  G_loss: 3.462;  D_loss_real: 10.19;  D_loss_fake: 3.479;  G_rw_imitative_walker_loss: 9.216;  G_rw_imitative_visit_loss: 8.089;  G_rw_creative_walker_loss: 14.82;  G_rw_creative_visit_loss: 6.923;  D_rw_imitative_walker_loss: 9.234;  D_rw_imitative_visit_loss: 8.089;  D_rw_real_walker_loss: 12.82;  D_rw_real_visit_loss: 6.918;  rl: 100.0%;  fk: 100.0%
Evaluation took time: 74.71374225616455
Iter-1220;  Was_D: 6.7;  Euc_ls: 3.573;  reg_ls: 2.476;  Wz_ls: 0.1473;  G_loss: 3.274;  D_loss_real: 10.15;  D_loss_fake: 3.447;  G_rw_imitative_walker_loss: 9.263;  G_rw_imitative_visit_loss: 8.089;  G_rw_creative_walker_loss: 14.82;  G_rw_creative_visit_loss: 6.924;  D_rw_imitative_walker_loss: 9.263;  D_rw_imitative_visit_loss: 8.089;  D_rw_real_walker_loss: 12.86;  D_rw_real_visit_loss: 6.918;  rl: 100.0%;  fk: 100.0%
Iter-1240;  Was_D: 6.678;  Euc_ls: 3.358;  reg_ls: 2.48;  Wz_ls: 0.1472;  G_loss: 3.397;  D_loss_real: 10.08;  D_loss_fake: 3.4;  G_rw_imitative_walker_loss: 9.171;  G_rw_imitative_visit_loss: 8.09;  G_rw_creative_walker_loss: 14.84;  G_rw_creative_visit_loss: 6.925;  D_rw_imitative_walker_loss: 9.155;  D_rw_imitative_visit_loss: 8.09;  D_rw_real_walker_loss: 12.8;  D_rw_real_visit_loss: 6.916;  rl: 100.0%;  fk: 100.0%
Evaluation took time: 86.31893730163574
Iter-1260;  Was_D: 6.637;  Euc_ls: 3.596;  reg_ls: 2.484;  Wz_ls: 0.1474;  G_loss: 3.388;  D_loss_real: 10.06;  D_loss_fake: 3.423;  G_rw_imitative_walker_loss: 9.156;  G_rw_imitative_visit_loss: 8.09;  G_rw_creative_walker_loss: 14.84;  G_rw_creative_visit_loss: 6.925;  D_rw_imitative_walker_loss: 9.183;  D_rw_imitative_visit_loss: 8.09;  D_rw_real_walker_loss: 12.82;  D_rw_real_visit_loss: 6.917;  rl: 100.0%;  fk: 100.0%
Iter-1280;  Was_D: 6.698;  Euc_ls: 3.506;  reg_ls: 2.492;  Wz_ls: 0.1476;  G_loss: 3.449;  D_loss_real: 10.17;  D_loss_fake: 3.472;  G_rw_imitative_walker_loss: 9.077;  G_rw_imitative_visit_loss: 8.09;  G_rw_creative_walker_loss: 14.84;  G_rw_creative_visit_loss: 6.927;  D_rw_imitative_walker_loss: 9.108;  D_rw_imitative_visit_loss: 8.091;  D_rw_real_walker_loss: 12.82;  D_rw_real_visit_loss: 6.916;  rl: 100.0%;  fk: 100.0%
Evaluation took time: 74.69790697097778
Iter-1300;  Was_D: 6.88;  Euc_ls: 3.407;  reg_ls: 2.489;  Wz_ls: 0.1476;  G_loss: 3.43;  D_loss_real: 10.22;  D_loss_fake: 3.335;  G_rw_imitative_walker_loss: 9.115;  G_rw_imitative_visit_loss: 8.089;  G_rw_creative_walker_loss: 14.83;  G_rw_creative_visit_loss: 6.924;  D_rw_imitative_walker_loss: 9.101;  D_rw_imitative_visit_loss: 8.089;  D_rw_real_walker_loss: 12.8;  D_rw_real_visit_loss: 6.917;  rl: 100.0%;  fk: 100.0%
Iter-1320;  Was_D: 6.652;  Euc_ls: 3.409;  reg_ls: 2.498;  Wz_ls: 0.1481;  G_loss: 3.167;  D_loss_real: 9.885;  D_loss_fake: 3.233;  G_rw_imitative_walker_loss: 9.184;  G_rw_imitative_visit_loss: 8.089;  G_rw_creative_walker_loss: 14.84;  G_rw_creative_visit_loss: 6.922;  D_rw_imitative_walker_loss: 9.16;  D_rw_imitative_visit_loss: 8.089;  D_rw_real_walker_loss: 12.85;  D_rw_real_visit_loss: 6.915;  rl: 100.0%;  fk: 100.0%
Evaluation took time: 77.54704451560974
Iter-1340;  Was_D: 6.61;  Euc_ls: 3.461;  reg_ls: 2.498;  Wz_ls: 0.1478;  G_loss: 3.103;  D_loss_real: 9.767;  D_loss_fake: 3.157;  G_rw_imitative_walker_loss: 9.239;  G_rw_imitative_visit_loss: 8.089;  G_rw_creative_walker_loss: 14.83;  G_rw_creative_visit_loss: 6.923;  D_rw_imitative_walker_loss: 9.229;  D_rw_imitative_visit_loss: 8.089;  D_rw_real_walker_loss: 12.89;  D_rw_real_visit_loss: 6.917;  rl: 100.0%;  fk: 100.0%
Iter-1360;  Was_D: 6.557;  Euc_ls: 3.422;  reg_ls: 2.498;  Wz_ls: 0.1474;  G_loss: 3.274;  D_loss_real: 9.922;  D_loss_fake: 3.365;  G_rw_imitative_walker_loss: 9.087;  G_rw_imitative_visit_loss: 8.09;  G_rw_creative_walker_loss: 14.83;  G_rw_creative_visit_loss: 6.924;  D_rw_imitative_walker_loss: 9.074;  D_rw_imitative_visit_loss: 8.09;  D_rw_real_walker_loss: 12.85;  D_rw_real_visit_loss: 6.915;  rl: 100.0%;  fk: 99.9%
Evaluation took time: 74.48048520088196
Iter-1380;  Was_D: 6.657;  Euc_ls: 3.347;  reg_ls: 2.501;  Wz_ls: 0.148;  G_loss: 3.34;  D_loss_real: 10.03;  D_loss_fake: 3.372;  G_rw_imitative_walker_loss: 9.022;  G_rw_imitative_visit_loss: 8.09;  G_rw_creative_walker_loss: 14.85;  G_rw_creative_visit_loss: 6.925;  D_rw_imitative_walker_loss: 9.026;  D_rw_imitative_visit_loss: 8.09;  D_rw_real_walker_loss: 12.83;  D_rw_real_visit_loss: 6.915;  rl: 100.0%;  fk: 100.0%
Iter-1400;  Was_D: 6.785;  Euc_ls: 3.426;  reg_ls: 2.506;  Wz_ls: 0.1477;  G_loss: 3.347;  D_loss_real: 10.15;  D_loss_fake: 3.364;  G_rw_imitative_walker_loss: 9.042;  G_rw_imitative_visit_loss: 8.09;  G_rw_creative_walker_loss: 14.84;  G_rw_creative_visit_loss: 6.923;  D_rw_imitative_walker_loss: 9.038;  D_rw_imitative_visit_loss: 8.09;  D_rw_real_walker_loss: 12.86;  D_rw_real_visit_loss: 6.915;  rl: 100.0%;  fk: 100.0%
Evaluation took time: 76.68506932258606
Iter-1420;  Was_D: 6.657;  Euc_ls: 3.584;  reg_ls: 2.507;  Wz_ls: 0.1471;  G_loss: 3.17;  D_loss_real: 9.809;  D_loss_fake: 3.152;  G_rw_imitative_walker_loss: 9.178;  G_rw_imitative_visit_loss: 8.09;  G_rw_creative_walker_loss: 14.83;  G_rw_creative_visit_loss: 6.924;  D_rw_imitative_walker_loss: 9.189;  D_rw_imitative_visit_loss: 8.09;  D_rw_real_walker_loss: 12.9;  D_rw_real_visit_loss: 6.916;  rl: 100.0%;  fk: 100.0%
Iter-1440;  Was_D: 6.681;  Euc_ls: 3.65;  reg_ls: 2.51;  Wz_ls: 0.1474;  G_loss: 3.22;  D_loss_real: 9.896;  D_loss_fake: 3.215;  G_rw_imitative_walker_loss: 9.04;  G_rw_imitative_visit_loss: 8.09;  G_rw_creative_walker_loss: 14.83;  G_rw_creative_visit_loss: 6.925;  D_rw_imitative_walker_loss: 9.064;  D_rw_imitative_visit_loss: 8.09;  D_rw_real_walker_loss: 12.84;  D_rw_real_visit_loss: 6.915;  rl: 100.0%;  fk: 100.0%
Evaluation took time: 74.35291838645935
Iter-1460;  Was_D: 6.551;  Euc_ls: 3.505;  reg_ls: 2.515;  Wz_ls: 0.1476;  G_loss: 3.153;  D_loss_real: 9.643;  D_loss_fake: 3.092;  G_rw_imitative_walker_loss: 9.142;  G_rw_imitative_visit_loss: 8.09;  G_rw_creative_walker_loss: 14.83;  G_rw_creative_visit_loss: 6.926;  D_rw_imitative_walker_loss: 9.128;  D_rw_imitative_visit_loss: 8.09;  D_rw_real_walker_loss: 12.88;  D_rw_real_visit_loss: 6.915;  rl: 100.0%;  fk: 100.0%
Iter-1480;  Was_D: 6.653;  Euc_ls: 3.515;  reg_ls: 2.517;  Wz_ls: 0.1476;  G_loss: 3.095;  D_loss_real: 9.79;  D_loss_fake: 3.136;  G_rw_imitative_walker_loss: 9.138;  G_rw_imitative_visit_loss: 8.09;  G_rw_creative_walker_loss: 14.83;  G_rw_creative_visit_loss: 6.925;  D_rw_imitative_walker_loss: 9.149;  D_rw_imitative_visit_loss: 8.089;  D_rw_real_walker_loss: 12.86;  D_rw_real_visit_loss: 6.916;  rl: 100.0%;  fk: 100.0%
Evaluation took time: 74.69671392440796
Iter-1500;  Was_D: 6.679;  Euc_ls: 3.54;  reg_ls: 2.516;  Wz_ls: 0.147;  G_loss: 2.874;  D_loss_real: 9.756;  D_loss_fake: 3.077;  G_rw_imitative_walker_loss: 9.307;  G_rw_imitative_visit_loss: 8.089;  G_rw_creative_walker_loss: 14.82;  G_rw_creative_visit_loss: 6.922;  D_rw_imitative_walker_loss: 9.302;  D_rw_imitative_visit_loss: 8.089;  D_rw_real_walker_loss: 12.81;  D_rw_real_visit_loss: 6.917;  rl: 100.0%;  fk: 100.0%
Iter-1520;  Was_D: 6.683;  Euc_ls: 3.594;  reg_ls: 2.516;  Wz_ls: 0.1475;  G_loss: 3.118;  D_loss_real: 9.787;  D_loss_fake: 3.104;  G_rw_imitative_walker_loss: 9.096;  G_rw_imitative_visit_loss: 8.09;  G_rw_creative_walker_loss: 14.83;  G_rw_creative_visit_loss: 6.926;  D_rw_imitative_walker_loss: 9.075;  D_rw_imitative_visit_loss: 8.09;  D_rw_real_walker_loss: 12.83;  D_rw_real_visit_loss: 6.915;  rl: 100.0%;  fk: 100.0%
Evaluation took time: 74.67736482620239
Iter-1540;  Was_D: 6.493;  Euc_ls: 3.243;  reg_ls: 2.52;  Wz_ls: 0.1478;  G_loss: 2.908;  D_loss_real: 9.494;  D_loss_fake: 3.001;  G_rw_imitative_walker_loss: 9.342;  G_rw_imitative_visit_loss: 8.09;  G_rw_creative_walker_loss: 14.83;  G_rw_creative_visit_loss: 6.925;  D_rw_imitative_walker_loss: 9.311;  D_rw_imitative_visit_loss: 8.09;  D_rw_real_walker_loss: 12.94;  D_rw_real_visit_loss: 6.919;  rl: 100.0%;  fk: 100.0%
Iter-1560;  Was_D: 6.633;  Euc_ls: 3.502;  reg_ls: 2.521;  Wz_ls: 0.1476;  G_loss: 2.968;  D_loss_real: 9.724;  D_loss_fake: 3.091;  G_rw_imitative_walker_loss: 9.121;  G_rw_imitative_visit_loss: 8.089;  G_rw_creative_walker_loss: 14.83;  G_rw_creative_visit_loss: 6.925;  D_rw_imitative_walker_loss: 9.114;  D_rw_imitative_visit_loss: 8.089;  D_rw_real_walker_loss: 12.81;  D_rw_real_visit_loss: 6.916;  rl: 100.0%;  fk: 100.0%
Evaluation took time: 74.74414801597595
Iter-1580;  Was_D: 6.605;  Euc_ls: 3.5;  reg_ls: 2.519;  Wz_ls: 0.1474;  G_loss: 3.071;  D_loss_real: 9.7;  D_loss_fake: 3.095;  G_rw_imitative_walker_loss: 9.173;  G_rw_imitative_visit_loss: 8.09;  G_rw_creative_walker_loss: 14.82;  G_rw_creative_visit_loss: 6.927;  D_rw_imitative_walker_loss: 9.162;  D_rw_imitative_visit_loss: 8.09;  D_rw_real_walker_loss: 12.86;  D_rw_real_visit_loss: 6.917;  rl: 99.9%;  fk: 100.0%
Iter-1600;  Was_D: 6.38;  Euc_ls: 3.356;  reg_ls: 2.524;  Wz_ls: 0.1468;  G_loss: 2.826;  D_loss_real: 9.409;  D_loss_fake: 3.029;  G_rw_imitative_walker_loss: 9.243;  G_rw_imitative_visit_loss: 8.089;  G_rw_creative_walker_loss: 14.83;  G_rw_creative_visit_loss: 6.924;  D_rw_imitative_walker_loss: 9.275;  D_rw_imitative_visit_loss: 8.09;  D_rw_real_walker_loss: 12.83;  D_rw_real_visit_loss: 6.916;  rl: 100.0%;  fk: 100.0%
Evaluation took time: 74.6159520149231
Iter-1620;  Was_D: 6.458;  Euc_ls: 3.513;  reg_ls: 2.524;  Wz_ls: 0.1469;  G_loss: 2.889;  D_loss_real: 9.464;  D_loss_fake: 3.006;  G_rw_imitative_walker_loss: 9.223;  G_rw_imitative_visit_loss: 8.089;  G_rw_creative_walker_loss: 14.82;  G_rw_creative_visit_loss: 6.924;  D_rw_imitative_walker_loss: 9.206;  D_rw_imitative_visit_loss: 8.089;  D_rw_real_walker_loss: 12.82;  D_rw_real_visit_loss: 6.916;  rl: 100.0%;  fk: 99.9%
Iter-1640;  Was_D: 6.728;  Euc_ls: 3.424;  reg_ls: 2.526;  Wz_ls: 0.147;  G_loss: 2.974;  D_loss_real: 9.705;  D_loss_fake: 2.977;  G_rw_imitative_walker_loss: 9.084;  G_rw_imitative_visit_loss: 8.089;  G_rw_creative_walker_loss: 14.83;  G_rw_creative_visit_loss: 6.925;  D_rw_imitative_walker_loss: 9.075;  D_rw_imitative_visit_loss: 8.089;  D_rw_real_walker_loss: 12.83;  D_rw_real_visit_loss: 6.915;  rl: 100.0%;  fk: 100.0%
Evaluation took time: 74.74926090240479
Iter-1660;  Was_D: 6.596;  Euc_ls: 3.427;  reg_ls: 2.525;  Wz_ls: 0.1472;  G_loss: 3.01;  D_loss_real: 9.579;  D_loss_fake: 2.984;  G_rw_imitative_walker_loss: 9.165;  G_rw_imitative_visit_loss: 8.089;  G_rw_creative_walker_loss: 14.83;  G_rw_creative_visit_loss: 6.924;  D_rw_imitative_walker_loss: 9.183;  D_rw_imitative_visit_loss: 8.089;  D_rw_real_walker_loss: 12.89;  D_rw_real_visit_loss: 6.914;  rl: 100.0%;  fk: 100.0%
Iter-1680;  Was_D: 6.568;  Euc_ls: 3.498;  reg_ls: 2.531;  Wz_ls: 0.1474;  G_loss: 2.86;  D_loss_real: 9.557;  D_loss_fake: 2.989;  G_rw_imitative_walker_loss: 9.21;  G_rw_imitative_visit_loss: 8.09;  G_rw_creative_walker_loss: 14.82;  G_rw_creative_visit_loss: 6.926;  D_rw_imitative_walker_loss: 9.199;  D_rw_imitative_visit_loss: 8.09;  D_rw_real_walker_loss: 12.81;  D_rw_real_visit_loss: 6.916;  rl: 100.0%;  fk: 100.0%
Evaluation took time: 74.69887638092041
Iter-1700;  Was_D: 6.7;  Euc_ls: 3.519;  reg_ls: 2.534;  Wz_ls: 0.1472;  G_loss: 3.0;  D_loss_real: 9.696;  D_loss_fake: 2.996;  G_rw_imitative_walker_loss: 9.132;  G_rw_imitative_visit_loss: 8.09;  G_rw_creative_walker_loss: 14.82;  G_rw_creative_visit_loss: 6.926;  D_rw_imitative_walker_loss: 9.127;  D_rw_imitative_visit_loss: 8.09;  D_rw_real_walker_loss: 12.94;  D_rw_real_visit_loss: 6.917;  rl: 100.0%;  fk: 100.0%
Iter-1720;  Was_D: 6.36;  Euc_ls: 3.195;  reg_ls: 2.537;  Wz_ls: 0.1469;  G_loss: 2.827;  D_loss_real: 9.314;  D_loss_fake: 2.954;  G_rw_imitative_walker_loss: 9.16;  G_rw_imitative_visit_loss: 8.09;  G_rw_creative_walker_loss: 14.82;  G_rw_creative_visit_loss: 6.926;  D_rw_imitative_walker_loss: 9.164;  D_rw_imitative_visit_loss: 8.09;  D_rw_real_walker_loss: 12.78;  D_rw_real_visit_loss: 6.916;  rl: 100.0%;  fk: 100.0%
Evaluation took time: 117.52578377723694
Iter-1740;  Was_D: 6.613;  Euc_ls: 3.575;  reg_ls: 2.538;  Wz_ls: 0.1475;  G_loss: 2.729;  D_loss_real: 9.453;  D_loss_fake: 2.84;  G_rw_imitative_walker_loss: 9.248;  G_rw_imitative_visit_loss: 8.09;  G_rw_creative_walker_loss: 14.82;  G_rw_creative_visit_loss: 6.925;  D_rw_imitative_walker_loss: 9.217;  D_rw_imitative_visit_loss: 8.09;  D_rw_real_walker_loss: 12.88;  D_rw_real_visit_loss: 6.918;  rl: 100.0%;  fk: 100.0%
Iter-1760;  Was_D: 6.428;  Euc_ls: 3.268;  reg_ls: 2.537;  Wz_ls: 0.1471;  G_loss: 2.623;  D_loss_real: 9.145;  D_loss_fake: 2.717;  G_rw_imitative_walker_loss: 9.268;  G_rw_imitative_visit_loss: 8.089;  G_rw_creative_walker_loss: 14.81;  G_rw_creative_visit_loss: 6.924;  D_rw_imitative_walker_loss: 9.267;  D_rw_imitative_visit_loss: 8.088;  D_rw_real_walker_loss: 12.79;  D_rw_real_visit_loss: 6.916;  rl: 100.0%;  fk: 100.0%
Evaluation took time: 83.36282706260681
Iter-1780;  Was_D: 6.474;  Euc_ls: 3.534;  reg_ls: 2.537;  Wz_ls: 0.147;  G_loss: 2.627;  D_loss_real: 9.207;  D_loss_fake: 2.733;  G_rw_imitative_walker_loss: 9.321;  G_rw_imitative_visit_loss: 8.089;  G_rw_creative_walker_loss: 14.81;  G_rw_creative_visit_loss: 6.923;  D_rw_imitative_walker_loss: 9.304;  D_rw_imitative_visit_loss: 8.089;  D_rw_real_walker_loss: 12.81;  D_rw_real_visit_loss: 6.915;  rl: 100.0%;  fk: 100.0%
Iter-1800;  Was_D: 6.512;  Euc_ls: 3.529;  reg_ls: 2.537;  Wz_ls: 0.147;  G_loss: 2.44;  D_loss_real: 9.104;  D_loss_fake: 2.592;  G_rw_imitative_walker_loss: 9.359;  G_rw_imitative_visit_loss: 8.089;  G_rw_creative_walker_loss: 14.82;  G_rw_creative_visit_loss: 6.923;  D_rw_imitative_walker_loss: 9.378;  D_rw_imitative_visit_loss: 8.089;  D_rw_real_walker_loss: 12.87;  D_rw_real_visit_loss: 6.917;  rl: 100.0%;  fk: 100.0%
Evaluation took time: 75.14448261260986
Iter-1820;  Was_D: 6.473;  Euc_ls: 3.661;  reg_ls: 2.542;  Wz_ls: 0.1473;  G_loss: 2.379;  D_loss_real: 9.065;  D_loss_fake: 2.592;  G_rw_imitative_walker_loss: 9.394;  G_rw_imitative_visit_loss: 8.09;  G_rw_creative_walker_loss: 14.81;  G_rw_creative_visit_loss: 6.925;  D_rw_imitative_walker_loss: 9.427;  D_rw_imitative_visit_loss: 8.09;  D_rw_real_walker_loss: 12.82;  D_rw_real_visit_loss: 6.918;  rl: 100.0%;  fk: 100.0%
Iter-1840;  Was_D: 6.517;  Euc_ls: 3.521;  reg_ls: 2.542;  Wz_ls: 0.147;  G_loss: 2.623;  D_loss_real: 9.21;  D_loss_fake: 2.693;  G_rw_imitative_walker_loss: 9.339;  G_rw_imitative_visit_loss: 8.089;  G_rw_creative_walker_loss: 14.82;  G_rw_creative_visit_loss: 6.925;  D_rw_imitative_walker_loss: 9.34;  D_rw_imitative_visit_loss: 8.089;  D_rw_real_walker_loss: 12.88;  D_rw_real_visit_loss: 6.916;  rl: 100.0%;  fk: 100.0%
Evaluation took time: 73.99463391304016
Iter-1860;  Was_D: 6.501;  Euc_ls: 3.465;  reg_ls: 2.544;  Wz_ls: 0.1473;  G_loss: 2.866;  D_loss_real: 9.382;  D_loss_fake: 2.88;  G_rw_imitative_walker_loss: 8.999;  G_rw_imitative_visit_loss: 8.089;  G_rw_creative_walker_loss: 14.84;  G_rw_creative_visit_loss: 6.927;  D_rw_imitative_walker_loss: 8.987;  D_rw_imitative_visit_loss: 8.089;  D_rw_real_walker_loss: 12.89;  D_rw_real_visit_loss: 6.914;  rl: 100.0%;  fk: 100.0%
Iter-1880;  Was_D: 6.422;  Euc_ls: 3.4;  reg_ls: 2.547;  Wz_ls: 0.147;  G_loss: 2.444;  D_loss_real: 8.997;  D_loss_fake: 2.575;  G_rw_imitative_walker_loss: 9.337;  G_rw_imitative_visit_loss: 8.089;  G_rw_creative_walker_loss: 14.81;  G_rw_creative_visit_loss: 6.923;  D_rw_imitative_walker_loss: 9.348;  D_rw_imitative_visit_loss: 8.089;  D_rw_real_walker_loss: 12.8;  D_rw_real_visit_loss: 6.916;  rl: 100.0%;  fk: 100.0%
Evaluation took time: 74.83568501472473
Iter-1900;  Was_D: 6.494;  Euc_ls: 3.565;  reg_ls: 2.544;  Wz_ls: 0.147;  G_loss: 2.558;  D_loss_real: 9.039;  D_loss_fake: 2.545;  G_rw_imitative_walker_loss: 9.283;  G_rw_imitative_visit_loss: 8.089;  G_rw_creative_walker_loss: 14.81;  G_rw_creative_visit_loss: 6.923;  D_rw_imitative_walker_loss: 9.284;  D_rw_imitative_visit_loss: 8.089;  D_rw_real_walker_loss: 12.86;  D_rw_real_visit_loss: 6.916;  rl: 100.0%;  fk: 100.0%
Iter-1920;  Was_D: 6.465;  Euc_ls: 3.51;  reg_ls: 2.543;  Wz_ls: 0.1464;  G_loss: 2.563;  D_loss_real: 9.141;  D_loss_fake: 2.676;  G_rw_imitative_walker_loss: 9.21;  G_rw_imitative_visit_loss: 8.089;  G_rw_creative_walker_loss: 14.81;  G_rw_creative_visit_loss: 6.923;  D_rw_imitative_walker_loss: 9.235;  D_rw_imitative_visit_loss: 8.089;  D_rw_real_walker_loss: 12.83;  D_rw_real_visit_loss: 6.915;  rl: 100.0%;  fk: 100.0%
Evaluation took time: 127.89900588989258
Iter-1940;  Was_D: 6.495;  Euc_ls: 3.499;  reg_ls: 2.545;  Wz_ls: 0.1465;  G_loss: 2.614;  D_loss_real: 9.149;  D_loss_fake: 2.654;  G_rw_imitative_walker_loss: 9.241;  G_rw_imitative_visit_loss: 8.09;  G_rw_creative_walker_loss: 14.81;  G_rw_creative_visit_loss: 6.928;  D_rw_imitative_walker_loss: 9.228;  D_rw_imitative_visit_loss: 8.09;  D_rw_real_walker_loss: 12.77;  D_rw_real_visit_loss: 6.916;  rl: 100.0%;  fk: 100.0%
Iter-1960;  Was_D: 6.522;  Euc_ls: 3.48;  reg_ls: 2.544;  Wz_ls: 0.1463;  G_loss: 2.572;  D_loss_real: 9.168;  D_loss_fake: 2.645;  G_rw_imitative_walker_loss: 9.244;  G_rw_imitative_visit_loss: 8.089;  G_rw_creative_walker_loss: 14.81;  G_rw_creative_visit_loss: 6.927;  D_rw_imitative_walker_loss: 9.241;  D_rw_imitative_visit_loss: 8.089;  D_rw_real_walker_loss: 12.84;  D_rw_real_visit_loss: 6.916;  rl: 100.0%;  fk: 99.9%
Evaluation took time: 74.69249129295349
Iter-1980;  Was_D: 6.357;  Euc_ls: 3.435;  reg_ls: 2.549;  Wz_ls: 0.1462;  G_loss: 2.592;  D_loss_real: 9.048;  D_loss_fake: 2.691;  G_rw_imitative_walker_loss: 9.21;  G_rw_imitative_visit_loss: 8.09;  G_rw_creative_walker_loss: 14.81;  G_rw_creative_visit_loss: 6.927;  D_rw_imitative_walker_loss: 9.237;  D_rw_imitative_visit_loss: 8.09;  D_rw_real_walker_loss: 12.75;  D_rw_real_visit_loss: 6.916;  rl: 100.0%;  fk: 99.9%
Iter-2000;  Was_D: 6.483;  Euc_ls: 3.54;  reg_ls: 2.549;  Wz_ls: 0.1469;  G_loss: 2.458;  D_loss_real: 8.96;  D_loss_fake: 2.477;  G_rw_imitative_walker_loss: 9.32;  G_rw_imitative_visit_loss: 8.09;  G_rw_creative_walker_loss: 14.81;  G_rw_creative_visit_loss: 6.926;  D_rw_imitative_walker_loss: 9.316;  D_rw_imitative_visit_loss: 8.09;  D_rw_real_walker_loss: 12.74;  D_rw_real_visit_loss: 6.917;  rl: 100.0%;  fk: 100.0%
Evaluation took time: 74.866295337677
Iter-2020;  Was_D: 6.43;  Euc_ls: 3.53;  reg_ls: 2.546;  Wz_ls: 0.1463;  G_loss: 2.35;  D_loss_real: 8.922;  D_loss_fake: 2.492;  G_rw_imitative_walker_loss: 9.508;  G_rw_imitative_visit_loss: 8.088;  G_rw_creative_walker_loss: 14.81;  G_rw_creative_visit_loss: 6.921;  D_rw_imitative_walker_loss: 9.487;  D_rw_imitative_visit_loss: 8.088;  D_rw_real_walker_loss: 12.9;  D_rw_real_visit_loss: 6.916;  rl: 100.0%;  fk: 99.9%
Iter-2040;  Was_D: 6.366;  Euc_ls: 3.448;  reg_ls: 2.55;  Wz_ls: 0.1466;  G_loss: 2.395;  D_loss_real: 8.88;  D_loss_fake: 2.514;  G_rw_imitative_walker_loss: 9.357;  G_rw_imitative_visit_loss: 8.089;  G_rw_creative_walker_loss: 14.81;  G_rw_creative_visit_loss: 6.925;  D_rw_imitative_walker_loss: 9.366;  D_rw_imitative_visit_loss: 8.089;  D_rw_real_walker_loss: 12.83;  D_rw_real_visit_loss: 6.918;  rl: 100.0%;  fk: 99.9%
Evaluation took time: 97.484694480896
Iter-2060;  Was_D: 6.351;  Euc_ls: 3.335;  reg_ls: 2.548;  Wz_ls: 0.1457;  G_loss: 2.318;  D_loss_real: 8.802;  D_loss_fake: 2.451;  G_rw_imitative_walker_loss: 9.35;  G_rw_imitative_visit_loss: 8.089;  G_rw_creative_walker_loss: 14.82;  G_rw_creative_visit_loss: 6.923;  D_rw_imitative_walker_loss: 9.331;  D_rw_imitative_visit_loss: 8.088;  D_rw_real_walker_loss: 12.78;  D_rw_real_visit_loss: 6.915;  rl: 100.0%;  fk: 100.0%
Iter-2080;  Was_D: 6.468;  Euc_ls: 3.517;  reg_ls: 2.547;  Wz_ls: 0.1463;  G_loss: 2.634;  D_loss_real: 9.124;  D_loss_fake: 2.656;  G_rw_imitative_walker_loss: 9.249;  G_rw_imitative_visit_loss: 8.09;  G_rw_creative_walker_loss: 14.81;  G_rw_creative_visit_loss: 6.926;  D_rw_imitative_walker_loss: 9.246;  D_rw_imitative_visit_loss: 8.09;  D_rw_real_walker_loss: 12.88;  D_rw_real_visit_loss: 6.916;  rl: 100.0%;  fk: 100.0%
Evaluation took time: 74.45658445358276
Iter-2100;  Was_D: 6.485;  Euc_ls: 3.363;  reg_ls: 2.548;  Wz_ls: 0.1462;  G_loss: 2.33;  D_loss_real: 8.949;  D_loss_fake: 2.464;  G_rw_imitative_walker_loss: 9.474;  G_rw_imitative_visit_loss: 8.088;  G_rw_creative_walker_loss: 14.81;  G_rw_creative_visit_loss: 6.922;  D_rw_imitative_walker_loss: 9.48;  D_rw_imitative_visit_loss: 8.088;  D_rw_real_walker_loss: 12.88;  D_rw_real_visit_loss: 6.916;  rl: 100.0%;  fk: 100.0%
Iter-2120;  Was_D: 6.398;  Euc_ls: 3.539;  reg_ls: 2.548;  Wz_ls: 0.1461;  G_loss: 2.34;  D_loss_real: 8.849;  D_loss_fake: 2.45;  G_rw_imitative_walker_loss: 9.411;  G_rw_imitative_visit_loss: 8.089;  G_rw_creative_walker_loss: 14.8;  G_rw_creative_visit_loss: 6.923;  D_rw_imitative_walker_loss: 9.426;  D_rw_imitative_visit_loss: 8.088;  D_rw_real_walker_loss: 12.94;  D_rw_real_visit_loss: 6.916;  rl: 100.0%;  fk: 100.0%
Evaluation took time: 175.6126265525818
Iter-2140;  Was_D: 6.434;  Euc_ls: 3.515;  reg_ls: 2.548;  Wz_ls: 0.1459;  G_loss: 2.359;  D_loss_real: 8.818;  D_loss_fake: 2.383;  G_rw_imitative_walker_loss: 9.433;  G_rw_imitative_visit_loss: 8.09;  G_rw_creative_walker_loss: 14.81;  G_rw_creative_visit_loss: 6.925;  D_rw_imitative_walker_loss: 9.418;  D_rw_imitative_visit_loss: 8.09;  D_rw_real_walker_loss: 12.84;  D_rw_real_visit_loss: 6.917;  rl: 100.0%;  fk: 100.0%
Iter-2160;  Was_D: 6.433;  Euc_ls: 3.694;  reg_ls: 2.549;  Wz_ls: 0.1454;  G_loss: 2.361;  D_loss_real: 8.785;  D_loss_fake: 2.352;  G_rw_imitative_walker_loss: 9.399;  G_rw_imitative_visit_loss: 8.089;  G_rw_creative_walker_loss: 14.8;  G_rw_creative_visit_loss: 6.926;  D_rw_imitative_walker_loss: 9.419;  D_rw_imitative_visit_loss: 8.089;  D_rw_real_walker_loss: 12.83;  D_rw_real_visit_loss: 6.916;  rl: 100.0%;  fk: 100.0%
Evaluation took time: 73.7788474559784
Iter-2180;  Was_D: 6.471;  Euc_ls: 3.508;  reg_ls: 2.549;  Wz_ls: 0.1457;  G_loss: 2.453;  D_loss_real: 8.876;  D_loss_fake: 2.405;  G_rw_imitative_walker_loss: 9.345;  G_rw_imitative_visit_loss: 8.09;  G_rw_creative_walker_loss: 14.82;  G_rw_creative_visit_loss: 6.925;  D_rw_imitative_walker_loss: 9.36;  D_rw_imitative_visit_loss: 8.089;  D_rw_real_walker_loss: 12.86;  D_rw_real_visit_loss: 6.917;  rl: 100.0%;  fk: 100.0%
Iter-2200;  Was_D: 6.594;  Euc_ls: 3.45;  reg_ls: 2.552;  Wz_ls: 0.1459;  G_loss: 2.46;  D_loss_real: 8.978;  D_loss_fake: 2.384;  G_rw_imitative_walker_loss: 9.302;  G_rw_imitative_visit_loss: 8.09;  G_rw_creative_walker_loss: 14.81;  G_rw_creative_visit_loss: 6.925;  D_rw_imitative_walker_loss: 9.305;  D_rw_imitative_visit_loss: 8.089;  D_rw_real_walker_loss: 12.82;  D_rw_real_visit_loss: 6.916;  rl: 100.0%;  fk: 100.0%
Evaluation took time: 80.6565089225769
Iter-2220;  Was_D: 6.354;  Euc_ls: 3.653;  reg_ls: 2.55;  Wz_ls: 0.1459;  G_loss: 2.449;  D_loss_real: 8.76;  D_loss_fake: 2.405;  G_rw_imitative_walker_loss: 9.27;  G_rw_imitative_visit_loss: 8.089;  G_rw_creative_walker_loss: 14.8;  G_rw_creative_visit_loss: 6.927;  D_rw_imitative_walker_loss: 9.265;  D_rw_imitative_visit_loss: 8.09;  D_rw_real_walker_loss: 12.78;  D_rw_real_visit_loss: 6.916;  rl: 100.0%;  fk: 100.0%
Iter-2240;  Was_D: 6.328;  Euc_ls: 3.45;  reg_ls: 2.554;  Wz_ls: 0.1451;  G_loss: 2.341;  D_loss_real: 8.706;  D_loss_fake: 2.378;  G_rw_imitative_walker_loss: 9.281;  G_rw_imitative_visit_loss: 8.09;  G_rw_creative_walker_loss: 14.81;  G_rw_creative_visit_loss: 6.927;  D_rw_imitative_walker_loss: 9.269;  D_rw_imitative_visit_loss: 8.09;  D_rw_real_walker_loss: 12.91;  D_rw_real_visit_loss: 6.916;  rl: 99.9%;  fk: 100.0%
Evaluation took time: 114.763601064682
Iter-2260;  Was_D: 6.355;  Euc_ls: 3.485;  reg_ls: 2.555;  Wz_ls: 0.1457;  G_loss: 2.249;  D_loss_real: 8.658;  D_loss_fake: 2.303;  G_rw_imitative_walker_loss: 9.312;  G_rw_imitative_visit_loss: 8.09;  G_rw_creative_walker_loss: 14.82;  G_rw_creative_visit_loss: 6.925;  D_rw_imitative_walker_loss: 9.305;  D_rw_imitative_visit_loss: 8.089;  D_rw_real_walker_loss: 12.88;  D_rw_real_visit_loss: 6.915;  rl: 100.0%;  fk: 99.9%
Iter-2280;  Was_D: 6.33;  Euc_ls: 3.418;  reg_ls: 2.554;  Wz_ls: 0.1455;  G_loss: 2.062;  D_loss_real: 8.479;  D_loss_fake: 2.149;  G_rw_imitative_walker_loss: 9.487;  G_rw_imitative_visit_loss: 8.089;  G_rw_creative_walker_loss: 14.82;  G_rw_creative_visit_loss: 6.923;  D_rw_imitative_walker_loss: 9.487;  D_rw_imitative_visit_loss: 8.089;  D_rw_real_walker_loss: 12.84;  D_rw_real_visit_loss: 6.917;  rl: 100.0%;  fk: 100.0%
Evaluation took time: 73.75815916061401
Iter-2300;  Was_D: 6.183;  Euc_ls: 3.727;  reg_ls: 2.555;  Wz_ls: 0.1453;  G_loss: 2.179;  D_loss_real: 8.468;  D_loss_fake: 2.284;  G_rw_imitative_walker_loss: 9.421;  G_rw_imitative_visit_loss: 8.09;  G_rw_creative_walker_loss: 14.8;  G_rw_creative_visit_loss: 6.925;  D_rw_imitative_walker_loss: 9.413;  D_rw_imitative_visit_loss: 8.09;  D_rw_real_walker_loss: 12.84;  D_rw_real_visit_loss: 6.915;  rl: 100.0%;  fk: 100.0%
Iter-2320;  Was_D: 6.333;  Euc_ls: 3.527;  reg_ls: 2.555;  Wz_ls: 0.146;  G_loss: 2.227;  D_loss_real: 8.561;  D_loss_fake: 2.228;  G_rw_imitative_walker_loss: 9.41;  G_rw_imitative_visit_loss: 8.091;  G_rw_creative_walker_loss: 14.82;  G_rw_creative_visit_loss: 6.929;  D_rw_imitative_walker_loss: 9.383;  D_rw_imitative_visit_loss: 8.09;  D_rw_real_walker_loss: 12.86;  D_rw_real_visit_loss: 6.917;  rl: 100.0%;  fk: 100.0%
Evaluation took time: 73.85909295082092
Iter-2340;  Was_D: 6.272;  Euc_ls: 3.558;  reg_ls: 2.558;  Wz_ls: 0.1456;  G_loss: 2.112;  D_loss_real: 8.552;  D_loss_fake: 2.28;  G_rw_imitative_walker_loss: 9.447;  G_rw_imitative_visit_loss: 8.089;  G_rw_creative_walker_loss: 14.81;  G_rw_creative_visit_loss: 6.924;  D_rw_imitative_walker_loss: 9.43;  D_rw_imitative_visit_loss: 8.088;  D_rw_real_walker_loss: 12.88;  D_rw_real_visit_loss: 6.915;  rl: 100.0%;  fk: 100.0%
Iter-2360;  Was_D: 6.259;  Euc_ls: 3.572;  reg_ls: 2.558;  Wz_ls: 0.1455;  G_loss: 2.121;  D_loss_real: 8.387;  D_loss_fake: 2.129;  G_rw_imitative_walker_loss: 9.545;  G_rw_imitative_visit_loss: 8.09;  G_rw_creative_walker_loss: 14.8;  G_rw_creative_visit_loss: 6.925;  D_rw_imitative_walker_loss: 9.551;  D_rw_imitative_visit_loss: 8.09;  D_rw_real_walker_loss: 12.82;  D_rw_real_visit_loss: 6.917;  rl: 100.0%;  fk: 100.0%
Evaluation took time: 76.00056481361389
Iter-2380;  Was_D: 6.187;  Euc_ls: 3.379;  reg_ls: 2.558;  Wz_ls: 0.1453;  G_loss: 2.066;  D_loss_real: 8.442;  D_loss_fake: 2.255;  G_rw_imitative_walker_loss: 9.513;  G_rw_imitative_visit_loss: 8.089;  G_rw_creative_walker_loss: 14.8;  G_rw_creative_visit_loss: 6.924;  D_rw_imitative_walker_loss: 9.525;  D_rw_imitative_visit_loss: 8.09;  D_rw_real_walker_loss: 12.88;  D_rw_real_visit_loss: 6.915;  rl: 100.0%;  fk: 100.0%
Iter-2400;  Was_D: 6.373;  Euc_ls: 3.565;  reg_ls: 2.555;  Wz_ls: 0.1449;  G_loss: 2.215;  D_loss_real: 8.602;  D_loss_fake: 2.229;  G_rw_imitative_walker_loss: 9.39;  G_rw_imitative_visit_loss: 8.089;  G_rw_creative_walker_loss: 14.8;  G_rw_creative_visit_loss: 6.923;  D_rw_imitative_walker_loss: 9.423;  D_rw_imitative_visit_loss: 8.089;  D_rw_real_walker_loss: 12.82;  D_rw_real_visit_loss: 6.915;  rl: 99.9%;  fk: 100.0%
Evaluation took time: 78.99250721931458
Iter-2420;  Was_D: 6.221;  Euc_ls: 3.61;  reg_ls: 2.556;  Wz_ls: 0.1446;  G_loss: 1.907;  D_loss_real: 8.28;  D_loss_fake: 2.059;  G_rw_imitative_walker_loss: 9.657;  G_rw_imitative_visit_loss: 8.089;  G_rw_creative_walker_loss: 14.79;  G_rw_creative_visit_loss: 6.922;  D_rw_imitative_walker_loss: 9.672;  D_rw_imitative_visit_loss: 8.089;  D_rw_real_walker_loss: 12.84;  D_rw_real_visit_loss: 6.917;  rl: 100.0%;  fk: 99.9%
Iter-2440;  Was_D: 6.263;  Euc_ls: 3.719;  reg_ls: 2.562;  Wz_ls: 0.1454;  G_loss: 2.166;  D_loss_real: 8.395;  D_loss_fake: 2.133;  G_rw_imitative_walker_loss: 9.461;  G_rw_imitative_visit_loss: 8.09;  G_rw_creative_walker_loss: 14.8;  G_rw_creative_visit_loss: 6.925;  D_rw_imitative_walker_loss: 9.477;  D_rw_imitative_visit_loss: 8.09;  D_rw_real_walker_loss: 12.89;  D_rw_real_visit_loss: 6.916;  rl: 100.0%;  fk: 100.0%
Evaluation took time: 73.90709805488586
Iter-2460;  Was_D: 6.314;  Euc_ls: 3.357;  reg_ls: 2.562;  Wz_ls: 0.1446;  G_loss: 2.101;  D_loss_real: 8.449;  D_loss_fake: 2.135;  G_rw_imitative_walker_loss: 9.512;  G_rw_imitative_visit_loss: 8.089;  G_rw_creative_walker_loss: 14.8;  G_rw_creative_visit_loss: 6.923;  D_rw_imitative_walker_loss: 9.503;  D_rw_imitative_visit_loss: 8.089;  D_rw_real_walker_loss: 12.86;  D_rw_real_visit_loss: 6.916;  rl: 100.0%;  fk: 100.0%
Iter-2480;  Was_D: 6.273;  Euc_ls: 3.767;  reg_ls: 2.558;  Wz_ls: 0.1445;  G_loss: 2.051;  D_loss_real: 8.481;  D_loss_fake: 2.208;  G_rw_imitative_walker_loss: 9.504;  G_rw_imitative_visit_loss: 8.089;  G_rw_creative_walker_loss: 14.8;  G_rw_creative_visit_loss: 6.923;  D_rw_imitative_walker_loss: 9.509;  D_rw_imitative_visit_loss: 8.089;  D_rw_real_walker_loss: 12.82;  D_rw_real_visit_loss: 6.915;  rl: 100.0%;  fk: 100.0%
Evaluation took time: 74.73953700065613
Iter-2500;  Was_D: 6.29;  Euc_ls: 3.529;  reg_ls: 2.562;  Wz_ls: 0.1452;  G_loss: 2.058;  D_loss_real: 8.381;  D_loss_fake: 2.091;  G_rw_imitative_walker_loss: 9.489;  G_rw_imitative_visit_loss: 8.089;  G_rw_creative_walker_loss: 14.79;  G_rw_creative_visit_loss: 6.924;  D_rw_imitative_walker_loss: 9.497;  D_rw_imitative_visit_loss: 8.089;  D_rw_real_walker_loss: 12.85;  D_rw_real_visit_loss: 6.915;  rl: 99.8%;  fk: 100.0%
Iter-2520;  Was_D: 6.067;  Euc_ls: 3.634;  reg_ls: 2.558;  Wz_ls: 0.1443;  G_loss: 1.925;  D_loss_real: 8.212;  D_loss_fake: 2.145;  G_rw_imitative_walker_loss: 9.67;  G_rw_imitative_visit_loss: 8.088;  G_rw_creative_walker_loss: 14.8;  G_rw_creative_visit_loss: 6.921;  D_rw_imitative_walker_loss: 9.674;  D_rw_imitative_visit_loss: 8.088;  D_rw_real_walker_loss: 12.96;  D_rw_real_visit_loss: 6.916;  rl: 100.0%;  fk: 100.0%
Evaluation took time: 73.86391520500183
Iter-2540;  Was_D: 6.101;  Euc_ls: 3.607;  reg_ls: 2.557;  Wz_ls: 0.1444;  G_loss: 2.09;  D_loss_real: 8.226;  D_loss_fake: 2.125;  G_rw_imitative_walker_loss: 9.521;  G_rw_imitative_visit_loss: 8.089;  G_rw_creative_walker_loss: 14.79;  G_rw_creative_visit_loss: 6.924;  D_rw_imitative_walker_loss: 9.542;  D_rw_imitative_visit_loss: 8.089;  D_rw_real_walker_loss: 12.86;  D_rw_real_visit_loss: 6.916;  rl: 100.0%;  fk: 100.0%
Iter-2560;  Was_D: 6.148;  Euc_ls: 3.431;  reg_ls: 2.563;  Wz_ls: 0.1446;  G_loss: 1.961;  D_loss_real: 8.256;  D_loss_fake: 2.108;  G_rw_imitative_walker_loss: 9.564;  G_rw_imitative_visit_loss: 8.089;  G_rw_creative_walker_loss: 14.8;  G_rw_creative_visit_loss: 6.922;  D_rw_imitative_walker_loss: 9.573;  D_rw_imitative_visit_loss: 8.089;  D_rw_real_walker_loss: 12.85;  D_rw_real_visit_loss: 6.915;  rl: 100.0%;  fk: 100.0%
Evaluation took time: 125.95183825492859
Iter-2580;  Was_D: 6.148;  Euc_ls: 3.488;  reg_ls: 2.562;  Wz_ls: 0.1444;  G_loss: 2.093;  D_loss_real: 8.203;  D_loss_fake: 2.055;  G_rw_imitative_walker_loss: 9.455;  G_rw_imitative_visit_loss: 8.089;  G_rw_creative_walker_loss: 14.79;  G_rw_creative_visit_loss: 6.925;  D_rw_imitative_walker_loss: 9.454;  D_rw_imitative_visit_loss: 8.09;  D_rw_real_walker_loss: 12.81;  D_rw_real_visit_loss: 6.916;  rl: 100.0%;  fk: 100.0%
Iter-2600;  Was_D: 6.153;  Euc_ls: 3.599;  reg_ls: 2.564;  Wz_ls: 0.1445;  G_loss: 1.909;  D_loss_real: 8.11;  D_loss_fake: 1.957;  G_rw_imitative_walker_loss: 9.739;  G_rw_imitative_visit_loss: 8.089;  G_rw_creative_walker_loss: 14.79;  G_rw_creative_visit_loss: 6.923;  D_rw_imitative_walker_loss: 9.742;  D_rw_imitative_visit_loss: 8.09;  D_rw_real_walker_loss: 12.94;  D_rw_real_visit_loss: 6.916;  rl: 100.0%;  fk: 100.0%
Evaluation took time: 74.57094168663025
Iter-2620;  Was_D: 6.086;  Euc_ls: 3.741;  reg_ls: 2.563;  Wz_ls: 0.144;  G_loss: 1.942;  D_loss_real: 8.109;  D_loss_fake: 2.023;  G_rw_imitative_walker_loss: 9.589;  G_rw_imitative_visit_loss: 8.09;  G_rw_creative_walker_loss: 14.8;  G_rw_creative_visit_loss: 6.925;  D_rw_imitative_walker_loss: 9.582;  D_rw_imitative_visit_loss: 8.09;  D_rw_real_walker_loss: 12.78;  D_rw_real_visit_loss: 6.916;  rl: 100.0%;  fk: 100.0%
Iter-2640;  Was_D: 6.107;  Euc_ls: 3.676;  reg_ls: 2.563;  Wz_ls: 0.1446;  G_loss: 1.915;  D_loss_real: 8.042;  D_loss_fake: 1.935;  G_rw_imitative_walker_loss: 9.639;  G_rw_imitative_visit_loss: 8.089;  G_rw_creative_walker_loss: 14.79;  G_rw_creative_visit_loss: 6.923;  D_rw_imitative_walker_loss: 9.6;  D_rw_imitative_visit_loss: 8.089;  D_rw_real_walker_loss: 12.85;  D_rw_real_visit_loss: 6.915;  rl: 100.0%;  fk: 100.0%
Evaluation took time: 110.83564829826355
Iter-2660;  Was_D: 6.122;  Euc_ls: 3.497;  reg_ls: 2.565;  Wz_ls: 0.1446;  G_loss: 1.975;  D_loss_real: 8.053;  D_loss_fake: 1.931;  G_rw_imitative_walker_loss: 9.635;  G_rw_imitative_visit_loss: 8.09;  G_rw_creative_walker_loss: 14.81;  G_rw_creative_visit_loss: 6.923;  D_rw_imitative_walker_loss: 9.617;  D_rw_imitative_visit_loss: 8.09;  D_rw_real_walker_loss: 12.83;  D_rw_real_visit_loss: 6.916;  rl: 100.0%;  fk: 100.0%
Iter-2680;  Was_D: 6.057;  Euc_ls: 3.626;  reg_ls: 2.567;  Wz_ls: 0.1441;  G_loss: 1.836;  D_loss_real: 7.934;  D_loss_fake: 1.877;  G_rw_imitative_walker_loss: 9.755;  G_rw_imitative_visit_loss: 8.09;  G_rw_creative_walker_loss: 14.78;  G_rw_creative_visit_loss: 6.925;  D_rw_imitative_walker_loss: 9.74;  D_rw_imitative_visit_loss: 8.09;  D_rw_real_walker_loss: 12.89;  D_rw_real_visit_loss: 6.916;  rl: 100.0%;  fk: 100.0%
Evaluation took time: 75.13517999649048
Iter-2700;  Was_D: 6.17;  Euc_ls: 3.611;  reg_ls: 2.572;  Wz_ls: 0.1445;  G_loss: 1.754;  D_loss_real: 8.061;  D_loss_fake: 1.891;  G_rw_imitative_walker_loss: 9.747;  G_rw_imitative_visit_loss: 8.09;  G_rw_creative_walker_loss: 14.79;  G_rw_creative_visit_loss: 6.924;  D_rw_imitative_walker_loss: 9.77;  D_rw_imitative_visit_loss: 8.09;  D_rw_real_walker_loss: 12.86;  D_rw_real_visit_loss: 6.917;  rl: 100.0%;  fk: 100.0%
Iter-2720;  Was_D: 5.965;  Euc_ls: 3.348;  reg_ls: 2.569;  Wz_ls: 0.144;  G_loss: 1.851;  D_loss_real: 7.88;  D_loss_fake: 1.916;  G_rw_imitative_walker_loss: 9.711;  G_rw_imitative_visit_loss: 8.089;  G_rw_creative_walker_loss: 14.79;  G_rw_creative_visit_loss: 6.924;  D_rw_imitative_walker_loss: 9.714;  D_rw_imitative_visit_loss: 8.089;  D_rw_real_walker_loss: 12.81;  D_rw_real_visit_loss: 6.915;  rl: 99.9%;  fk: 100.0%
Evaluation took time: 184.20728039741516
Iter-2740;  Was_D: 5.991;  Euc_ls: 3.701;  reg_ls: 2.568;  Wz_ls: 0.1437;  G_loss: 1.898;  D_loss_real: 7.917;  D_loss_fake: 1.927;  G_rw_imitative_walker_loss: 9.724;  G_rw_imitative_visit_loss: 8.089;  G_rw_creative_walker_loss: 14.78;  G_rw_creative_visit_loss: 6.923;  D_rw_imitative_walker_loss: 9.728;  D_rw_imitative_visit_loss: 8.089;  D_rw_real_walker_loss: 12.88;  D_rw_real_visit_loss: 6.915;  rl: 100.0%;  fk: 100.0%
Iter-2760;  Was_D: 6.103;  Euc_ls: 3.589;  reg_ls: 2.571;  Wz_ls: 0.1435;  G_loss: 1.835;  D_loss_real: 7.884;  D_loss_fake: 1.781;  G_rw_imitative_walker_loss: 9.69;  G_rw_imitative_visit_loss: 8.09;  G_rw_creative_walker_loss: 14.79;  G_rw_creative_visit_loss: 6.924;  D_rw_imitative_walker_loss: 9.674;  D_rw_imitative_visit_loss: 8.09;  D_rw_real_walker_loss: 12.88;  D_rw_real_visit_loss: 6.917;  rl: 100.0%;  fk: 100.0%
Evaluation took time: 74.125
Iter-2780;  Was_D: 5.955;  Euc_ls: 3.587;  reg_ls: 2.575;  Wz_ls: 0.1439;  G_loss: 1.874;  D_loss_real: 7.823;  D_loss_fake: 1.869;  G_rw_imitative_walker_loss: 9.695;  G_rw_imitative_visit_loss: 8.09;  G_rw_creative_walker_loss: 14.78;  G_rw_creative_visit_loss: 6.924;  D_rw_imitative_walker_loss: 9.696;  D_rw_imitative_visit_loss: 8.09;  D_rw_real_walker_loss: 12.85;  D_rw_real_visit_loss: 6.915;  rl: 100.0%;  fk: 100.0%
Iter-2800;  Was_D: 6.014;  Euc_ls: 3.532;  reg_ls: 2.577;  Wz_ls: 0.1443;  G_loss: 1.786;  D_loss_real: 7.948;  D_loss_fake: 1.935;  G_rw_imitative_walker_loss: 9.743;  G_rw_imitative_visit_loss: 8.089;  G_rw_creative_walker_loss: 14.77;  G_rw_creative_visit_loss: 6.924;  D_rw_imitative_walker_loss: 9.743;  D_rw_imitative_visit_loss: 8.089;  D_rw_real_walker_loss: 12.87;  D_rw_real_visit_loss: 6.915;  rl: 100.0%;  fk: 100.0%
Evaluation took time: 74.55966210365295
Iter-2820;  Was_D: 5.971;  Euc_ls: 3.654;  reg_ls: 2.577;  Wz_ls: 0.1437;  G_loss: 1.803;  D_loss_real: 7.828;  D_loss_fake: 1.857;  G_rw_imitative_walker_loss: 9.834;  G_rw_imitative_visit_loss: 8.09;  G_rw_creative_walker_loss: 14.79;  G_rw_creative_visit_loss: 6.924;  D_rw_imitative_walker_loss: 9.823;  D_rw_imitative_visit_loss: 8.09;  D_rw_real_walker_loss: 12.75;  D_rw_real_visit_loss: 6.918;  rl: 100.0%;  fk: 100.0%
Iter-2840;  Was_D: 5.871;  Euc_ls: 3.616;  reg_ls: 2.585;  Wz_ls: 0.1438;  G_loss: 1.644;  D_loss_real: 7.588;  D_loss_fake: 1.717;  G_rw_imitative_walker_loss: 9.884;  G_rw_imitative_visit_loss: 8.09;  G_rw_creative_walker_loss: 14.78;  G_rw_creative_visit_loss: 6.922;  D_rw_imitative_walker_loss: 9.872;  D_rw_imitative_visit_loss: 8.09;  D_rw_real_walker_loss: 12.95;  D_rw_real_visit_loss: 6.916;  rl: 100.0%;  fk: 100.0%
Evaluation took time: 75.02085852622986
Iter-2860;  Was_D: 5.995;  Euc_ls: 3.809;  reg_ls: 2.586;  Wz_ls: 0.1438;  G_loss: 1.693;  D_loss_real: 7.687;  D_loss_fake: 1.693;  G_rw_imitative_walker_loss: 9.769;  G_rw_imitative_visit_loss: 8.09;  G_rw_creative_walker_loss: 14.78;  G_rw_creative_visit_loss: 6.925;  D_rw_imitative_walker_loss: 9.777;  D_rw_imitative_visit_loss: 8.09;  D_rw_real_walker_loss: 12.91;  D_rw_real_visit_loss: 6.916;  rl: 100.0%;  fk: 100.0%
Iter-2880;  Was_D: 5.955;  Euc_ls: 3.725;  reg_ls: 2.588;  Wz_ls: 0.1438;  G_loss: 1.59;  D_loss_real: 7.548;  D_loss_fake: 1.593;  G_rw_imitative_walker_loss: 9.789;  G_rw_imitative_visit_loss: 8.091;  G_rw_creative_walker_loss: 14.79;  G_rw_creative_visit_loss: 6.925;  D_rw_imitative_walker_loss: 9.774;  D_rw_imitative_visit_loss: 8.091;  D_rw_real_walker_loss: 12.86;  D_rw_real_visit_loss: 6.918;  rl: 100.0%;  fk: 100.0%
Evaluation took time: 83.82184958457947
Iter-2900;  Was_D: 5.925;  Euc_ls: 3.746;  reg_ls: 2.588;  Wz_ls: 0.1435;  G_loss: 1.624;  D_loss_real: 7.538;  D_loss_fake: 1.612;  G_rw_imitative_walker_loss: 9.855;  G_rw_imitative_visit_loss: 8.091;  G_rw_creative_walker_loss: 14.79;  G_rw_creative_visit_loss: 6.925;  D_rw_imitative_walker_loss: 9.866;  D_rw_imitative_visit_loss: 8.091;  D_rw_real_walker_loss: 12.9;  D_rw_real_visit_loss: 6.916;  rl: 100.0%;  fk: 100.0%
Iter-2920;  Was_D: 5.831;  Euc_ls: 3.692;  reg_ls: 2.589;  Wz_ls: 0.1436;  G_loss: 1.487;  D_loss_real: 7.485;  D_loss_fake: 1.654;  G_rw_imitative_walker_loss: 9.907;  G_rw_imitative_visit_loss: 8.091;  G_rw_creative_walker_loss: 14.79;  G_rw_creative_visit_loss: 6.922;  D_rw_imitative_walker_loss: 9.902;  D_rw_imitative_visit_loss: 8.09;  D_rw_real_walker_loss: 12.9;  D_rw_real_visit_loss: 6.917;  rl: 100.0%;  fk: 100.0%
Evaluation took time: 118.43752479553223
Iter-2940;  Was_D: 5.895;  Euc_ls: 3.709;  reg_ls: 2.591;  Wz_ls: 0.1431;  G_loss: 1.656;  D_loss_real: 7.567;  D_loss_fake: 1.672;  G_rw_imitative_walker_loss: 9.83;  G_rw_imitative_visit_loss: 8.091;  G_rw_creative_walker_loss: 14.78;  G_rw_creative_visit_loss: 6.925;  D_rw_imitative_walker_loss: 9.838;  D_rw_imitative_visit_loss: 8.091;  D_rw_real_walker_loss: 12.8;  D_rw_real_visit_loss: 6.917;  rl: 100.0%;  fk: 100.0%
Iter-2960;  Was_D: 5.753;  Euc_ls: 3.691;  reg_ls: 2.588;  Wz_ls: 0.1432;  G_loss: 1.591;  D_loss_real: 7.434;  D_loss_fake: 1.681;  G_rw_imitative_walker_loss: 9.843;  G_rw_imitative_visit_loss: 8.09;  G_rw_creative_walker_loss: 14.78;  G_rw_creative_visit_loss: 6.922;  D_rw_imitative_walker_loss: 9.828;  D_rw_imitative_visit_loss: 8.09;  D_rw_real_walker_loss: 12.77;  D_rw_real_visit_loss: 6.915;  rl: 99.9%;  fk: 100.0%
Evaluation took time: 93.25180506706238
Iter-2980;  Was_D: 5.739;  Euc_ls: 3.751;  reg_ls: 2.589;  Wz_ls: 0.1431;  G_loss: 1.575;  D_loss_real: 7.36;  D_loss_fake: 1.621;  G_rw_imitative_walker_loss: 9.935;  G_rw_imitative_visit_loss: 8.09;  G_rw_creative_walker_loss: 14.77;  G_rw_creative_visit_loss: 6.923;  D_rw_imitative_walker_loss: 9.941;  D_rw_imitative_visit_loss: 8.09;  D_rw_real_walker_loss: 12.91;  D_rw_real_visit_loss: 6.916;  rl: 100.0%;  fk: 100.0%
Iter-3000;  Was_D: 5.711;  Euc_ls: 3.615;  reg_ls: 2.603;  Wz_ls: 0.1435;  G_loss: 1.532;  D_loss_real: 7.152;  D_loss_fake: 1.441;  G_rw_imitative_walker_loss: 9.9;  G_rw_imitative_visit_loss: 8.091;  G_rw_creative_walker_loss: 14.77;  G_rw_creative_visit_loss: 6.926;  D_rw_imitative_walker_loss: 9.867;  D_rw_imitative_visit_loss: 8.091;  D_rw_real_walker_loss: 12.91;  D_rw_real_visit_loss: 6.916;  rl: 100.0%;  fk: 100.0%
Evaluation took time: 75.42504334449768
===============
===============
Reproduce NAB hard
Accuracy is 10.08%, and Generalized AUC is 7.398%
